/home/hyeon/ironman/IronMan/test/synthetic_case_generation/HLS/case_1/run_hls.tcl:43:9: warning: HLS pragma dump _XLX_SEP_ PragmaIsValid=1_XLX_SEP_ PragmaType=top_XLX_SEP_ PragmaContext=directive_XLX_SEP_ PragmaFunction=case_1_XLX_SEP_ PragmaOptions=name=case_1_XLX_SEP_ [-Wdump-hls-pragmas]
#pragma HLSDIRECTIVE TOP name=case_1
        ^
case_1.cc:12:9: warning: HLS pragma dump _XLX_SEP_ PragmaIsValid=1_XLX_SEP_ PragmaType=array_partition_XLX_SEP_ PragmaContext=_XLX_SEP_ PragmaFunction=case_1_XLX_SEP_ PragmaOptions=variable=in_data complete_XLX_SEP_ [-Wdump-hls-pragmas]
#pragma HLS array_partition variable=in_data complete
        ^
case_1.cc:13:9: warning: HLS pragma dump _XLX_SEP_ PragmaIsValid=1_XLX_SEP_ PragmaType=array_partition_XLX_SEP_ PragmaContext=_XLX_SEP_ PragmaFunction=case_1_XLX_SEP_ PragmaOptions=variable=out_data complete_XLX_SEP_ [-Wdump-hls-pragmas]
#pragma HLS array_partition variable=out_data complete
        ^
/home/hyeon/ironman/IronMan/test/synthetic_case_generation/HLS/case_1/sol_2_directive.tcl:1:9: warning: HLS pragma dump _XLX_SEP_ PragmaIsValid=1_XLX_SEP_ PragmaType=bind_op_XLX_SEP_ PragmaContext=directive_XLX_SEP_ PragmaFunction=case_1_XLX_SEP_ PragmaOptions=impl=fabric op=mul variable=m19_XLX_SEP_ [-Wdump-hls-pragmas]
#pragma HLSDIRECTIVE BIND_OP impl=fabric op=mul variable=m19
        ^
/home/hyeon/ironman/IronMan/test/synthetic_case_generation/HLS/case_1/sol_2_directive.tcl:3:9: warning: HLS pragma dump _XLX_SEP_ PragmaIsValid=1_XLX_SEP_ PragmaType=bind_op_XLX_SEP_ PragmaContext=directive_XLX_SEP_ PragmaFunction=case_1_XLX_SEP_ PragmaOptions=impl=fabric op=mul variable=m21_XLX_SEP_ [-Wdump-hls-pragmas]
#pragma HLSDIRECTIVE BIND_OP impl=fabric op=mul variable=m21
        ^
/home/hyeon/ironman/IronMan/test/synthetic_case_generation/HLS/case_1/sol_2_directive.tcl:4:9: warning: HLS pragma dump _XLX_SEP_ PragmaIsValid=1_XLX_SEP_ PragmaType=bind_op_XLX_SEP_ PragmaContext=directive_XLX_SEP_ PragmaFunction=case_1_XLX_SEP_ PragmaOptions=impl=fabric op=mul variable=m22_XLX_SEP_ [-Wdump-hls-pragmas]
#pragma HLSDIRECTIVE BIND_OP impl=fabric op=mul variable=m22
        ^
/home/hyeon/ironman/IronMan/test/synthetic_case_generation/HLS/case_1/sol_2_directive.tcl:7:9: warning: HLS pragma dump _XLX_SEP_ PragmaIsValid=1_XLX_SEP_ PragmaType=bind_op_XLX_SEP_ PragmaContext=directive_XLX_SEP_ PragmaFunction=case_1_XLX_SEP_ PragmaOptions=impl=fabric op=mul variable=m25_XLX_SEP_ [-Wdump-hls-pragmas]
#pragma HLSDIRECTIVE BIND_OP impl=fabric op=mul variable=m25
        ^
/home/hyeon/ironman/IronMan/test/synthetic_case_generation/HLS/case_1/sol_2_directive.tcl:8:9: warning: HLS pragma dump _XLX_SEP_ PragmaIsValid=1_XLX_SEP_ PragmaType=bind_op_XLX_SEP_ PragmaContext=directive_XLX_SEP_ PragmaFunction=case_1_XLX_SEP_ PragmaOptions=impl=fabric op=mul variable=m26_XLX_SEP_ [-Wdump-hls-pragmas]
#pragma HLSDIRECTIVE BIND_OP impl=fabric op=mul variable=m26
        ^
/home/hyeon/ironman/IronMan/test/synthetic_case_generation/HLS/case_1/sol_2_directive.tcl:9:9: warning: HLS pragma dump _XLX_SEP_ PragmaIsValid=1_XLX_SEP_ PragmaType=bind_op_XLX_SEP_ PragmaContext=directive_XLX_SEP_ PragmaFunction=case_1_XLX_SEP_ PragmaOptions=impl=fabric op=mul variable=m27_XLX_SEP_ [-Wdump-hls-pragmas]
#pragma HLSDIRECTIVE BIND_OP impl=fabric op=mul variable=m27
        ^
/home/hyeon/ironman/IronMan/test/synthetic_case_generation/HLS/case_1/sol_2_directive.tcl:15:9: warning: HLS pragma dump _XLX_SEP_ PragmaIsValid=1_XLX_SEP_ PragmaType=bind_op_XLX_SEP_ PragmaContext=directive_XLX_SEP_ PragmaFunction=case_1_XLX_SEP_ PragmaOptions=impl=fabric op=mul variable=m33_XLX_SEP_ [-Wdump-hls-pragmas]
#pragma HLSDIRECTIVE BIND_OP impl=fabric op=mul variable=m33
        ^
/home/hyeon/ironman/IronMan/test/synthetic_case_generation/HLS/case_1/sol_2_directive.tcl:17:9: warning: HLS pragma dump _XLX_SEP_ PragmaIsValid=1_XLX_SEP_ PragmaType=bind_op_XLX_SEP_ PragmaContext=directive_XLX_SEP_ PragmaFunction=case_1_XLX_SEP_ PragmaOptions=impl=fabric op=mul variable=m35_XLX_SEP_ [-Wdump-hls-pragmas]
#pragma HLSDIRECTIVE BIND_OP impl=fabric op=mul variable=m35
        ^
/home/hyeon/ironman/IronMan/test/synthetic_case_generation/HLS/case_1/sol_2_directive.tcl:18:9: warning: HLS pragma dump _XLX_SEP_ PragmaIsValid=1_XLX_SEP_ PragmaType=bind_op_XLX_SEP_ PragmaContext=directive_XLX_SEP_ PragmaFunction=case_1_XLX_SEP_ PragmaOptions=impl=fabric op=mul variable=m36_XLX_SEP_ [-Wdump-hls-pragmas]
#pragma HLSDIRECTIVE BIND_OP impl=fabric op=mul variable=m36
        ^
/home/hyeon/ironman/IronMan/test/synthetic_case_generation/HLS/case_1/sol_2_directive.tcl:22:9: warning: HLS pragma dump _XLX_SEP_ PragmaIsValid=1_XLX_SEP_ PragmaType=bind_op_XLX_SEP_ PragmaContext=directive_XLX_SEP_ PragmaFunction=case_1_XLX_SEP_ PragmaOptions=impl=fabric op=mul variable=m40_XLX_SEP_ [-Wdump-hls-pragmas]
#pragma HLSDIRECTIVE BIND_OP impl=fabric op=mul variable=m40
        ^
/home/hyeon/ironman/IronMan/test/synthetic_case_generation/HLS/case_1/sol_2_directive.tcl:23:9: warning: HLS pragma dump _XLX_SEP_ PragmaIsValid=1_XLX_SEP_ PragmaType=bind_op_XLX_SEP_ PragmaContext=directive_XLX_SEP_ PragmaFunction=case_1_XLX_SEP_ PragmaOptions=impl=fabric op=mul variable=m41_XLX_SEP_ [-Wdump-hls-pragmas]
#pragma HLSDIRECTIVE BIND_OP impl=fabric op=mul variable=m41
        ^
/home/hyeon/ironman/IronMan/test/synthetic_case_generation/HLS/case_1/sol_2_directive.tcl:24:9: warning: HLS pragma dump _XLX_SEP_ PragmaIsValid=1_XLX_SEP_ PragmaType=bind_op_XLX_SEP_ PragmaContext=directive_XLX_SEP_ PragmaFunction=case_1_XLX_SEP_ PragmaOptions=impl=fabric op=mul variable=m42_XLX_SEP_ [-Wdump-hls-pragmas]
#pragma HLSDIRECTIVE BIND_OP impl=fabric op=mul variable=m42
        ^
/home/hyeon/ironman/IronMan/test/synthetic_case_generation/HLS/case_1/sol_2_directive.tcl:27:9: warning: HLS pragma dump _XLX_SEP_ PragmaIsValid=1_XLX_SEP_ PragmaType=bind_op_XLX_SEP_ PragmaContext=directive_XLX_SEP_ PragmaFunction=case_1_XLX_SEP_ PragmaOptions=impl=fabric op=mul variable=m45_XLX_SEP_ [-Wdump-hls-pragmas]
#pragma HLSDIRECTIVE BIND_OP impl=fabric op=mul variable=m45
        ^
/home/hyeon/ironman/IronMan/test/synthetic_case_generation/HLS/case_1/sol_2_directive.tcl:32:9: warning: HLS pragma dump _XLX_SEP_ PragmaIsValid=1_XLX_SEP_ PragmaType=bind_op_XLX_SEP_ PragmaContext=directive_XLX_SEP_ PragmaFunction=case_1_XLX_SEP_ PragmaOptions=impl=fabric op=mul variable=m50_XLX_SEP_ [-Wdump-hls-pragmas]
#pragma HLSDIRECTIVE BIND_OP impl=fabric op=mul variable=m50
        ^
/home/hyeon/ironman/IronMan/test/synthetic_case_generation/HLS/case_1/sol_2_directive.tcl:33:9: warning: HLS pragma dump _XLX_SEP_ PragmaIsValid=1_XLX_SEP_ PragmaType=bind_op_XLX_SEP_ PragmaContext=directive_XLX_SEP_ PragmaFunction=case_1_XLX_SEP_ PragmaOptions=impl=fabric op=mul variable=m51_XLX_SEP_ [-Wdump-hls-pragmas]
#pragma HLSDIRECTIVE BIND_OP impl=fabric op=mul variable=m51
        ^
/home/hyeon/ironman/IronMan/test/synthetic_case_generation/HLS/case_1/sol_2_directive.tcl:34:9: warning: HLS pragma dump _XLX_SEP_ PragmaIsValid=1_XLX_SEP_ PragmaType=bind_op_XLX_SEP_ PragmaContext=directive_XLX_SEP_ PragmaFunction=case_1_XLX_SEP_ PragmaOptions=impl=fabric op=mul variable=m52_XLX_SEP_ [-Wdump-hls-pragmas]
#pragma HLSDIRECTIVE BIND_OP impl=fabric op=mul variable=m52
        ^
/home/hyeon/ironman/IronMan/test/synthetic_case_generation/HLS/case_1/sol_2_directive.tcl:37:9: warning: HLS pragma dump _XLX_SEP_ PragmaIsValid=1_XLX_SEP_ PragmaType=bind_op_XLX_SEP_ PragmaContext=directive_XLX_SEP_ PragmaFunction=case_1_XLX_SEP_ PragmaOptions=impl=fabric op=mul variable=m55_XLX_SEP_ [-Wdump-hls-pragmas]
#pragma HLSDIRECTIVE BIND_OP impl=fabric op=mul variable=m55
        ^
/home/hyeon/ironman/IronMan/test/synthetic_case_generation/HLS/case_1/sol_2_directive.tcl:38:9: warning: HLS pragma dump _XLX_SEP_ PragmaIsValid=1_XLX_SEP_ PragmaType=bind_op_XLX_SEP_ PragmaContext=directive_XLX_SEP_ PragmaFunction=case_1_XLX_SEP_ PragmaOptions=impl=fabric op=mul variable=m56_XLX_SEP_ [-Wdump-hls-pragmas]
#pragma HLSDIRECTIVE BIND_OP impl=fabric op=mul variable=m56
        ^
/home/hyeon/ironman/IronMan/test/synthetic_case_generation/HLS/case_1/sol_2_directive.tcl:40:9: warning: HLS pragma dump _XLX_SEP_ PragmaIsValid=1_XLX_SEP_ PragmaType=bind_op_XLX_SEP_ PragmaContext=directive_XLX_SEP_ PragmaFunction=case_1_XLX_SEP_ PragmaOptions=impl=fabric op=mul variable=m58_XLX_SEP_ [-Wdump-hls-pragmas]
#pragma HLSDIRECTIVE BIND_OP impl=fabric op=mul variable=m58
        ^
/home/hyeon/ironman/IronMan/test/synthetic_case_generation/HLS/case_1/sol_2_directive.tcl:42:9: warning: HLS pragma dump _XLX_SEP_ PragmaIsValid=1_XLX_SEP_ PragmaType=bind_op_XLX_SEP_ PragmaContext=directive_XLX_SEP_ PragmaFunction=case_1_XLX_SEP_ PragmaOptions=impl=fabric op=mul variable=m60_XLX_SEP_ [-Wdump-hls-pragmas]
#pragma HLSDIRECTIVE BIND_OP impl=fabric op=mul variable=m60
        ^
/home/hyeon/ironman/IronMan/test/synthetic_case_generation/HLS/case_1/sol_2_directive.tcl:45:9: warning: HLS pragma dump _XLX_SEP_ PragmaIsValid=1_XLX_SEP_ PragmaType=bind_op_XLX_SEP_ PragmaContext=directive_XLX_SEP_ PragmaFunction=case_1_XLX_SEP_ PragmaOptions=impl=fabric op=mul variable=m63_XLX_SEP_ [-Wdump-hls-pragmas]
#pragma HLSDIRECTIVE BIND_OP impl=fabric op=mul variable=m63
        ^
/home/hyeon/ironman/IronMan/test/synthetic_case_generation/HLS/case_1/sol_2_directive.tcl:46:9: warning: HLS pragma dump _XLX_SEP_ PragmaIsValid=1_XLX_SEP_ PragmaType=bind_op_XLX_SEP_ PragmaContext=directive_XLX_SEP_ PragmaFunction=case_1_XLX_SEP_ PragmaOptions=impl=fabric op=mul variable=m64_XLX_SEP_ [-Wdump-hls-pragmas]
#pragma HLSDIRECTIVE BIND_OP impl=fabric op=mul variable=m64
        ^
/home/hyeon/ironman/IronMan/test/synthetic_case_generation/HLS/case_1/sol_2_directive.tcl:47:9: warning: HLS pragma dump _XLX_SEP_ PragmaIsValid=1_XLX_SEP_ PragmaType=bind_op_XLX_SEP_ PragmaContext=directive_XLX_SEP_ PragmaFunction=case_1_XLX_SEP_ PragmaOptions=impl=fabric op=mul variable=m65_XLX_SEP_ [-Wdump-hls-pragmas]
#pragma HLSDIRECTIVE BIND_OP impl=fabric op=mul variable=m65
        ^
/home/hyeon/ironman/IronMan/test/synthetic_case_generation/HLS/case_1/sol_2_directive.tcl:48:9: warning: HLS pragma dump _XLX_SEP_ PragmaIsValid=1_XLX_SEP_ PragmaType=bind_op_XLX_SEP_ PragmaContext=directive_XLX_SEP_ PragmaFunction=case_1_XLX_SEP_ PragmaOptions=impl=fabric op=mul variable=m66_XLX_SEP_ [-Wdump-hls-pragmas]
#pragma HLSDIRECTIVE BIND_OP impl=fabric op=mul variable=m66
        ^
/home/hyeon/ironman/IronMan/test/synthetic_case_generation/HLS/case_1/sol_2_directive.tcl:49:9: warning: HLS pragma dump _XLX_SEP_ PragmaIsValid=1_XLX_SEP_ PragmaType=bind_op_XLX_SEP_ PragmaContext=directive_XLX_SEP_ PragmaFunction=case_1_XLX_SEP_ PragmaOptions=impl=fabric op=mul variable=m67_XLX_SEP_ [-Wdump-hls-pragmas]
#pragma HLSDIRECTIVE BIND_OP impl=fabric op=mul variable=m67
        ^
/home/hyeon/ironman/IronMan/test/synthetic_case_generation/HLS/case_1/sol_2_directive.tcl:50:9: warning: HLS pragma dump _XLX_SEP_ PragmaIsValid=1_XLX_SEP_ PragmaType=bind_op_XLX_SEP_ PragmaContext=directive_XLX_SEP_ PragmaFunction=case_1_XLX_SEP_ PragmaOptions=impl=fabric op=mul variable=m68_XLX_SEP_ [-Wdump-hls-pragmas]
#pragma HLSDIRECTIVE BIND_OP impl=fabric op=mul variable=m68
        ^
/home/hyeon/ironman/IronMan/test/synthetic_case_generation/HLS/case_1/sol_2_directive.tcl:53:9: warning: HLS pragma dump _XLX_SEP_ PragmaIsValid=1_XLX_SEP_ PragmaType=bind_op_XLX_SEP_ PragmaContext=directive_XLX_SEP_ PragmaFunction=case_1_XLX_SEP_ PragmaOptions=impl=fabric op=mul variable=m71_XLX_SEP_ [-Wdump-hls-pragmas]
#pragma HLSDIRECTIVE BIND_OP impl=fabric op=mul variable=m71
        ^
/home/hyeon/ironman/IronMan/test/synthetic_case_generation/HLS/case_1/sol_2_directive.tcl:55:9: warning: HLS pragma dump _XLX_SEP_ PragmaIsValid=1_XLX_SEP_ PragmaType=bind_op_XLX_SEP_ PragmaContext=directive_XLX_SEP_ PragmaFunction=case_1_XLX_SEP_ PragmaOptions=impl=fabric op=mul variable=m73_XLX_SEP_ [-Wdump-hls-pragmas]
#pragma HLSDIRECTIVE BIND_OP impl=fabric op=mul variable=m73
        ^
/home/hyeon/ironman/IronMan/test/synthetic_case_generation/HLS/case_1/sol_2_directive.tcl:69:9: warning: HLS pragma dump _XLX_SEP_ PragmaIsValid=1_XLX_SEP_ PragmaType=bind_op_XLX_SEP_ PragmaContext=directive_XLX_SEP_ PragmaFunction=case_1_XLX_SEP_ PragmaOptions=impl=fabric op=mul variable=m87_XLX_SEP_ [-Wdump-hls-pragmas]
#pragma HLSDIRECTIVE BIND_OP impl=fabric op=mul variable=m87
        ^
/home/hyeon/ironman/IronMan/test/synthetic_case_generation/HLS/case_1/sol_2_directive.tcl:70:9: warning: HLS pragma dump _XLX_SEP_ PragmaIsValid=1_XLX_SEP_ PragmaType=bind_op_XLX_SEP_ PragmaContext=directive_XLX_SEP_ PragmaFunction=case_1_XLX_SEP_ PragmaOptions=impl=fabric op=mul variable=m88_XLX_SEP_ [-Wdump-hls-pragmas]
#pragma HLSDIRECTIVE BIND_OP impl=fabric op=mul variable=m88
        ^
/home/hyeon/ironman/IronMan/test/synthetic_case_generation/HLS/case_1/sol_2_directive.tcl:71:9: warning: HLS pragma dump _XLX_SEP_ PragmaIsValid=1_XLX_SEP_ PragmaType=bind_op_XLX_SEP_ PragmaContext=directive_XLX_SEP_ PragmaFunction=case_1_XLX_SEP_ PragmaOptions=impl=fabric op=mul variable=m89_XLX_SEP_ [-Wdump-hls-pragmas]
#pragma HLSDIRECTIVE BIND_OP impl=fabric op=mul variable=m89
        ^
/home/hyeon/ironman/IronMan/test/synthetic_case_generation/HLS/case_1/sol_2_directive.tcl:72:9: warning: HLS pragma dump _XLX_SEP_ PragmaIsValid=1_XLX_SEP_ PragmaType=bind_op_XLX_SEP_ PragmaContext=directive_XLX_SEP_ PragmaFunction=case_1_XLX_SEP_ PragmaOptions=impl=fabric op=mul variable=m90_XLX_SEP_ [-Wdump-hls-pragmas]
#pragma HLSDIRECTIVE BIND_OP impl=fabric op=mul variable=m90
        ^
/home/hyeon/ironman/IronMan/test/synthetic_case_generation/HLS/case_1/sol_2_directive.tcl:74:9: warning: HLS pragma dump _XLX_SEP_ PragmaIsValid=1_XLX_SEP_ PragmaType=bind_op_XLX_SEP_ PragmaContext=directive_XLX_SEP_ PragmaFunction=case_1_XLX_SEP_ PragmaOptions=impl=fabric op=mul variable=m92_XLX_SEP_ [-Wdump-hls-pragmas]
#pragma HLSDIRECTIVE BIND_OP impl=fabric op=mul variable=m92
        ^
/home/hyeon/ironman/IronMan/test/synthetic_case_generation/HLS/case_1/sol_2_directive.tcl:77:9: warning: HLS pragma dump _XLX_SEP_ PragmaIsValid=1_XLX_SEP_ PragmaType=bind_op_XLX_SEP_ PragmaContext=directive_XLX_SEP_ PragmaFunction=case_1_XLX_SEP_ PragmaOptions=impl=fabric op=mul variable=m95_XLX_SEP_ [-Wdump-hls-pragmas]
#pragma HLSDIRECTIVE BIND_OP impl=fabric op=mul variable=m95
        ^
/home/hyeon/ironman/IronMan/test/synthetic_case_generation/HLS/case_1/sol_2_directive.tcl:83:9: warning: HLS pragma dump _XLX_SEP_ PragmaIsValid=1_XLX_SEP_ PragmaType=bind_op_XLX_SEP_ PragmaContext=directive_XLX_SEP_ PragmaFunction=case_1_XLX_SEP_ PragmaOptions=impl=fabric op=mul variable=m101_XLX_SEP_ [-Wdump-hls-pragmas]
#pragma HLSDIRECTIVE BIND_OP impl=fabric op=mul variable=m101
        ^
/home/hyeon/ironman/IronMan/test/synthetic_case_generation/HLS/case_1/sol_2_directive.tcl:85:9: warning: HLS pragma dump _XLX_SEP_ PragmaIsValid=1_XLX_SEP_ PragmaType=bind_op_XLX_SEP_ PragmaContext=directive_XLX_SEP_ PragmaFunction=case_1_XLX_SEP_ PragmaOptions=impl=fabric op=mul variable=m103_XLX_SEP_ [-Wdump-hls-pragmas]
#pragma HLSDIRECTIVE BIND_OP impl=fabric op=mul variable=m103
        ^
/home/hyeon/ironman/IronMan/test/synthetic_case_generation/HLS/case_1/sol_2_directive.tcl:87:9: warning: HLS pragma dump _XLX_SEP_ PragmaIsValid=1_XLX_SEP_ PragmaType=bind_op_XLX_SEP_ PragmaContext=directive_XLX_SEP_ PragmaFunction=case_1_XLX_SEP_ PragmaOptions=impl=fabric op=mul variable=m105_XLX_SEP_ [-Wdump-hls-pragmas]
#pragma HLSDIRECTIVE BIND_OP impl=fabric op=mul variable=m105
        ^
/home/hyeon/ironman/IronMan/test/synthetic_case_generation/HLS/case_1/sol_2_directive.tcl:88:9: warning: HLS pragma dump _XLX_SEP_ PragmaIsValid=1_XLX_SEP_ PragmaType=bind_op_XLX_SEP_ PragmaContext=directive_XLX_SEP_ PragmaFunction=case_1_XLX_SEP_ PragmaOptions=impl=fabric op=mul variable=m106_XLX_SEP_ [-Wdump-hls-pragmas]
#pragma HLSDIRECTIVE BIND_OP impl=fabric op=mul variable=m106
        ^
/home/hyeon/ironman/IronMan/test/synthetic_case_generation/HLS/case_1/sol_2_directive.tcl:89:9: warning: HLS pragma dump _XLX_SEP_ PragmaIsValid=1_XLX_SEP_ PragmaType=bind_op_XLX_SEP_ PragmaContext=directive_XLX_SEP_ PragmaFunction=case_1_XLX_SEP_ PragmaOptions=impl=fabric op=mul variable=m107_XLX_SEP_ [-Wdump-hls-pragmas]
#pragma HLSDIRECTIVE BIND_OP impl=fabric op=mul variable=m107
        ^
/home/hyeon/ironman/IronMan/test/synthetic_case_generation/HLS/case_1/sol_2_directive.tcl:90:9: warning: HLS pragma dump _XLX_SEP_ PragmaIsValid=1_XLX_SEP_ PragmaType=bind_op_XLX_SEP_ PragmaContext=directive_XLX_SEP_ PragmaFunction=case_1_XLX_SEP_ PragmaOptions=impl=fabric op=mul variable=m108_XLX_SEP_ [-Wdump-hls-pragmas]
#pragma HLSDIRECTIVE BIND_OP impl=fabric op=mul variable=m108
        ^
/home/hyeon/ironman/IronMan/test/synthetic_case_generation/HLS/case_1/sol_2_directive.tcl:97:9: warning: HLS pragma dump _XLX_SEP_ PragmaIsValid=1_XLX_SEP_ PragmaType=bind_op_XLX_SEP_ PragmaContext=directive_XLX_SEP_ PragmaFunction=case_1_XLX_SEP_ PragmaOptions=impl=fabric op=mul variable=m115_XLX_SEP_ [-Wdump-hls-pragmas]
#pragma HLSDIRECTIVE BIND_OP impl=fabric op=mul variable=m115
        ^
/home/hyeon/ironman/IronMan/test/synthetic_case_generation/HLS/case_1/sol_2_directive.tcl:100:9: warning: HLS pragma dump _XLX_SEP_ PragmaIsValid=1_XLX_SEP_ PragmaType=bind_op_XLX_SEP_ PragmaContext=directive_XLX_SEP_ PragmaFunction=case_1_XLX_SEP_ PragmaOptions=impl=fabric op=mul variable=m118_XLX_SEP_ [-Wdump-hls-pragmas]
#pragma HLSDIRECTIVE BIND_OP impl=fabric op=mul variable=m118
        ^
/home/hyeon/ironman/IronMan/test/synthetic_case_generation/HLS/case_1/sol_2_directive.tcl:102:9: warning: HLS pragma dump _XLX_SEP_ PragmaIsValid=1_XLX_SEP_ PragmaType=bind_op_XLX_SEP_ PragmaContext=directive_XLX_SEP_ PragmaFunction=case_1_XLX_SEP_ PragmaOptions=impl=fabric op=mul variable=m120_XLX_SEP_ [-Wdump-hls-pragmas]
#pragma HLSDIRECTIVE BIND_OP impl=fabric op=mul variable=m120
        ^
/home/hyeon/ironman/IronMan/test/synthetic_case_generation/HLS/case_1/sol_2_directive.tcl:107:9: warning: HLS pragma dump _XLX_SEP_ PragmaIsValid=1_XLX_SEP_ PragmaType=bind_op_XLX_SEP_ PragmaContext=directive_XLX_SEP_ PragmaFunction=case_1_XLX_SEP_ PragmaOptions=impl=fabric op=mul variable=m125_XLX_SEP_ [-Wdump-hls-pragmas]
#pragma HLSDIRECTIVE BIND_OP impl=fabric op=mul variable=m125
        ^
/home/hyeon/ironman/IronMan/test/synthetic_case_generation/HLS/case_1/sol_2_directive.tcl:108:9: warning: HLS pragma dump _XLX_SEP_ PragmaIsValid=1_XLX_SEP_ PragmaType=bind_op_XLX_SEP_ PragmaContext=directive_XLX_SEP_ PragmaFunction=case_1_XLX_SEP_ PragmaOptions=impl=fabric op=mul variable=m126_XLX_SEP_ [-Wdump-hls-pragmas]
#pragma HLSDIRECTIVE BIND_OP impl=fabric op=mul variable=m126
        ^
/home/hyeon/ironman/IronMan/test/synthetic_case_generation/HLS/case_1/sol_2_directive.tcl:111:9: warning: HLS pragma dump _XLX_SEP_ PragmaIsValid=1_XLX_SEP_ PragmaType=bind_op_XLX_SEP_ PragmaContext=directive_XLX_SEP_ PragmaFunction=case_1_XLX_SEP_ PragmaOptions=impl=fabric op=mul variable=m129_XLX_SEP_ [-Wdump-hls-pragmas]
#pragma HLSDIRECTIVE BIND_OP impl=fabric op=mul variable=m129
        ^
/home/hyeon/ironman/IronMan/test/synthetic_case_generation/HLS/case_1/sol_2_directive.tcl:117:9: warning: HLS pragma dump _XLX_SEP_ PragmaIsValid=1_XLX_SEP_ PragmaType=bind_op_XLX_SEP_ PragmaContext=directive_XLX_SEP_ PragmaFunction=case_1_XLX_SEP_ PragmaOptions=impl=fabric op=mul variable=m135_XLX_SEP_ [-Wdump-hls-pragmas]
#pragma HLSDIRECTIVE BIND_OP impl=fabric op=mul variable=m135
        ^
/home/hyeon/ironman/IronMan/test/synthetic_case_generation/HLS/case_1/sol_2_directive.tcl:119:9: warning: HLS pragma dump _XLX_SEP_ PragmaIsValid=1_XLX_SEP_ PragmaType=bind_op_XLX_SEP_ PragmaContext=directive_XLX_SEP_ PragmaFunction=case_1_XLX_SEP_ PragmaOptions=impl=fabric op=mul variable=m137_XLX_SEP_ [-Wdump-hls-pragmas]
#pragma HLSDIRECTIVE BIND_OP impl=fabric op=mul variable=m137
        ^
/home/hyeon/ironman/IronMan/test/synthetic_case_generation/HLS/case_1/sol_2_directive.tcl:120:9: warning: HLS pragma dump _XLX_SEP_ PragmaIsValid=1_XLX_SEP_ PragmaType=bind_op_XLX_SEP_ PragmaContext=directive_XLX_SEP_ PragmaFunction=case_1_XLX_SEP_ PragmaOptions=impl=fabric op=mul variable=m138_XLX_SEP_ [-Wdump-hls-pragmas]
#pragma HLSDIRECTIVE BIND_OP impl=fabric op=mul variable=m138
        ^
/home/hyeon/ironman/IronMan/test/synthetic_case_generation/HLS/case_1/sol_2_directive.tcl:122:9: warning: HLS pragma dump _XLX_SEP_ PragmaIsValid=1_XLX_SEP_ PragmaType=bind_op_XLX_SEP_ PragmaContext=directive_XLX_SEP_ PragmaFunction=case_1_XLX_SEP_ PragmaOptions=impl=fabric op=mul variable=m140_XLX_SEP_ [-Wdump-hls-pragmas]
#pragma HLSDIRECTIVE BIND_OP impl=fabric op=mul variable=m140
        ^
53 warnings generated.
