/home/hyeon/ironman/IronMan/test/synthetic_case_generation/HLS/case_1/hls_sol_2_directive/hls/.autopilot/db/case_1.pp.0.cc:3167:5: warning: Added loop label VITIS_LOOP_676_1:   [xilinx-label-all-loops]
    for (unsigned i = low; i != high+1; ++i) {
    ^~~
    VITIS_LOOP_676_1: 
/home/hyeon/ironman/IronMan/test/synthetic_case_generation/HLS/case_1/hls_sol_2_directive/hls/.autopilot/db/case_1.pp.0.cc:3167:5: note: FIX-IT applied suggested code changes
/home/hyeon/ironman/IronMan/test/synthetic_case_generation/HLS/case_1/hls_sol_2_directive/hls/.autopilot/db/case_1.pp.0.cc:3181:5: warning: Added loop label VITIS_LOOP_690_1:   [xilinx-label-all-loops]
    for (unsigned i = low; i != high+1; ++i) {
    ^~~
    VITIS_LOOP_690_1: 
/home/hyeon/ironman/IronMan/test/synthetic_case_generation/HLS/case_1/hls_sol_2_directive/hls/.autopilot/db/case_1.pp.0.cc:3181:5: note: FIX-IT applied suggested code changes
/home/hyeon/ironman/IronMan/test/synthetic_case_generation/HLS/case_1/hls_sol_2_directive/hls/.autopilot/db/case_1.pp.0.cc:3195:5: warning: Added loop label VITIS_LOOP_704_1:   [xilinx-label-all-loops]
    for (unsigned i = low; i != high+1; ++i) {
    ^~~
    VITIS_LOOP_704_1: 
/home/hyeon/ironman/IronMan/test/synthetic_case_generation/HLS/case_1/hls_sol_2_directive/hls/.autopilot/db/case_1.pp.0.cc:3195:5: note: FIX-IT applied suggested code changes
/home/hyeon/ironman/IronMan/test/synthetic_case_generation/HLS/case_1/hls_sol_2_directive/hls/.autopilot/db/case_1.pp.0.cc:4817:7: warning: Added loop label VITIS_LOOP_1248_1:   [xilinx-label-all-loops]
      for (i = 0; i < __N - 1; ++i) {
      ^~~
      VITIS_LOOP_1248_1: 
/home/hyeon/ironman/IronMan/test/synthetic_case_generation/HLS/case_1/hls_sol_2_directive/hls/.autopilot/db/case_1.pp.0.cc:4817:7: note: FIX-IT applied suggested code changes
/home/hyeon/ironman/IronMan/test/synthetic_case_generation/HLS/case_1/hls_sol_2_directive/hls/.autopilot/db/case_1.pp.0.cc:6650:9: error: Invalid Directive: for current device, mul + fabric is invalid combination for bind_op [clang-diagnostic-error]
#pragma HLSDIRECTIVE BIND_OP impl=fabric op=mul variable=m19
        ^
/home/hyeon/ironman/IronMan/test/synthetic_case_generation/HLS/case_1/hls_sol_2_directive/hls/.autopilot/db/case_1.pp.0.cc:6656:9: error: Invalid Directive: for current device, mul + fabric is invalid combination for bind_op [clang-diagnostic-error]
#pragma HLSDIRECTIVE BIND_OP impl=fabric op=mul variable=m21
        ^
/home/hyeon/ironman/IronMan/test/synthetic_case_generation/HLS/case_1/hls_sol_2_directive/hls/.autopilot/db/case_1.pp.0.cc:6661:9: error: Invalid Directive: for current device, mul + fabric is invalid combination for bind_op [clang-diagnostic-error]
#pragma HLSDIRECTIVE BIND_OP impl=fabric op=mul variable=m22
        ^
/home/hyeon/ironman/IronMan/test/synthetic_case_generation/HLS/case_1/hls_sol_2_directive/hls/.autopilot/db/case_1.pp.0.cc:6668:9: error: Invalid Directive: for current device, mul + fabric is invalid combination for bind_op [clang-diagnostic-error]
#pragma HLSDIRECTIVE BIND_OP impl=fabric op=mul variable=m25
        ^
/home/hyeon/ironman/IronMan/test/synthetic_case_generation/HLS/case_1/hls_sol_2_directive/hls/.autopilot/db/case_1.pp.0.cc:6673:9: error: Invalid Directive: for current device, mul + fabric is invalid combination for bind_op [clang-diagnostic-error]
#pragma HLSDIRECTIVE BIND_OP impl=fabric op=mul variable=m26
        ^
/home/hyeon/ironman/IronMan/test/synthetic_case_generation/HLS/case_1/hls_sol_2_directive/hls/.autopilot/db/case_1.pp.0.cc:6678:9: error: Invalid Directive: for current device, mul + fabric is invalid combination for bind_op [clang-diagnostic-error]
#pragma HLSDIRECTIVE BIND_OP impl=fabric op=mul variable=m27
        ^
/home/hyeon/ironman/IronMan/test/synthetic_case_generation/HLS/case_1/hls_sol_2_directive/hls/.autopilot/db/case_1.pp.0.cc:6688:9: error: Invalid Directive: for current device, mul + fabric is invalid combination for bind_op [clang-diagnostic-error]
#pragma HLSDIRECTIVE BIND_OP impl=fabric op=mul variable=m33
        ^
/home/hyeon/ironman/IronMan/test/synthetic_case_generation/HLS/case_1/hls_sol_2_directive/hls/.autopilot/db/case_1.pp.0.cc:6694:9: error: Invalid Directive: for current device, mul + fabric is invalid combination for bind_op [clang-diagnostic-error]
#pragma HLSDIRECTIVE BIND_OP impl=fabric op=mul variable=m35
        ^
/home/hyeon/ironman/IronMan/test/synthetic_case_generation/HLS/case_1/hls_sol_2_directive/hls/.autopilot/db/case_1.pp.0.cc:6699:9: error: Invalid Directive: for current device, mul + fabric is invalid combination for bind_op [clang-diagnostic-error]
#pragma HLSDIRECTIVE BIND_OP impl=fabric op=mul variable=m36
        ^
/home/hyeon/ironman/IronMan/test/synthetic_case_generation/HLS/case_1/hls_sol_2_directive/hls/.autopilot/db/case_1.pp.0.cc:6707:9: error: Invalid Directive: for current device, mul + fabric is invalid combination for bind_op [clang-diagnostic-error]
#pragma HLSDIRECTIVE BIND_OP impl=fabric op=mul variable=m40
        ^
/home/hyeon/ironman/IronMan/test/synthetic_case_generation/HLS/case_1/hls_sol_2_directive/hls/.autopilot/db/case_1.pp.0.cc:6712:9: error: Invalid Directive: for current device, mul + fabric is invalid combination for bind_op [clang-diagnostic-error]
#pragma HLSDIRECTIVE BIND_OP impl=fabric op=mul variable=m41
        ^
/home/hyeon/ironman/IronMan/test/synthetic_case_generation/HLS/case_1/hls_sol_2_directive/hls/.autopilot/db/case_1.pp.0.cc:6717:9: error: Invalid Directive: for current device, mul + fabric is invalid combination for bind_op [clang-diagnostic-error]
#pragma HLSDIRECTIVE BIND_OP impl=fabric op=mul variable=m42
        ^
/home/hyeon/ironman/IronMan/test/synthetic_case_generation/HLS/case_1/hls_sol_2_directive/hls/.autopilot/db/case_1.pp.0.cc:6724:9: error: Invalid Directive: for current device, mul + fabric is invalid combination for bind_op [clang-diagnostic-error]
#pragma HLSDIRECTIVE BIND_OP impl=fabric op=mul variable=m45
        ^
/home/hyeon/ironman/IronMan/test/synthetic_case_generation/HLS/case_1/hls_sol_2_directive/hls/.autopilot/db/case_1.pp.0.cc:6733:9: error: Invalid Directive: for current device, mul + fabric is invalid combination for bind_op [clang-diagnostic-error]
#pragma HLSDIRECTIVE BIND_OP impl=fabric op=mul variable=m50
        ^
/home/hyeon/ironman/IronMan/test/synthetic_case_generation/HLS/case_1/hls_sol_2_directive/hls/.autopilot/db/case_1.pp.0.cc:6738:9: error: Invalid Directive: for current device, mul + fabric is invalid combination for bind_op [clang-diagnostic-error]
#pragma HLSDIRECTIVE BIND_OP impl=fabric op=mul variable=m51
        ^
/home/hyeon/ironman/IronMan/test/synthetic_case_generation/HLS/case_1/hls_sol_2_directive/hls/.autopilot/db/case_1.pp.0.cc:6743:9: error: Invalid Directive: for current device, mul + fabric is invalid combination for bind_op [clang-diagnostic-error]
#pragma HLSDIRECTIVE BIND_OP impl=fabric op=mul variable=m52
        ^
/home/hyeon/ironman/IronMan/test/synthetic_case_generation/HLS/case_1/hls_sol_2_directive/hls/.autopilot/db/case_1.pp.0.cc:6750:9: error: Invalid Directive: for current device, mul + fabric is invalid combination for bind_op [clang-diagnostic-error]
#pragma HLSDIRECTIVE BIND_OP impl=fabric op=mul variable=m55
        ^
/home/hyeon/ironman/IronMan/test/synthetic_case_generation/HLS/case_1/hls_sol_2_directive/hls/.autopilot/db/case_1.pp.0.cc:6755:9: error: Invalid Directive: for current device, mul + fabric is invalid combination for bind_op [clang-diagnostic-error]
#pragma HLSDIRECTIVE BIND_OP impl=fabric op=mul variable=m56
        ^
/home/hyeon/ironman/IronMan/test/synthetic_case_generation/HLS/case_1/hls_sol_2_directive/hls/.autopilot/db/case_1.pp.0.cc:6761:9: error: Invalid Directive: for current device, mul + fabric is invalid combination for bind_op [clang-diagnostic-error]
#pragma HLSDIRECTIVE BIND_OP impl=fabric op=mul variable=m58
        ^
/home/hyeon/ironman/IronMan/test/synthetic_case_generation/HLS/case_1/hls_sol_2_directive/hls/.autopilot/db/case_1.pp.0.cc:6767:9: error: Invalid Directive: for current device, mul + fabric is invalid combination for bind_op [clang-diagnostic-error]
#pragma HLSDIRECTIVE BIND_OP impl=fabric op=mul variable=m60
        ^
/home/hyeon/ironman/IronMan/test/synthetic_case_generation/HLS/case_1/hls_sol_2_directive/hls/.autopilot/db/case_1.pp.0.cc:6774:9: error: Invalid Directive: for current device, mul + fabric is invalid combination for bind_op [clang-diagnostic-error]
#pragma HLSDIRECTIVE BIND_OP impl=fabric op=mul variable=m63
        ^
/home/hyeon/ironman/IronMan/test/synthetic_case_generation/HLS/case_1/hls_sol_2_directive/hls/.autopilot/db/case_1.pp.0.cc:6779:9: error: Invalid Directive: for current device, mul + fabric is invalid combination for bind_op [clang-diagnostic-error]
#pragma HLSDIRECTIVE BIND_OP impl=fabric op=mul variable=m64
        ^
/home/hyeon/ironman/IronMan/test/synthetic_case_generation/HLS/case_1/hls_sol_2_directive/hls/.autopilot/db/case_1.pp.0.cc:6784:9: error: Invalid Directive: for current device, mul + fabric is invalid combination for bind_op [clang-diagnostic-error]
#pragma HLSDIRECTIVE BIND_OP impl=fabric op=mul variable=m65
        ^
/home/hyeon/ironman/IronMan/test/synthetic_case_generation/HLS/case_1/hls_sol_2_directive/hls/.autopilot/db/case_1.pp.0.cc:6789:9: error: Invalid Directive: for current device, mul + fabric is invalid combination for bind_op [clang-diagnostic-error]
#pragma HLSDIRECTIVE BIND_OP impl=fabric op=mul variable=m66
        ^
/home/hyeon/ironman/IronMan/test/synthetic_case_generation/HLS/case_1/hls_sol_2_directive/hls/.autopilot/db/case_1.pp.0.cc:6794:9: error: Invalid Directive: for current device, mul + fabric is invalid combination for bind_op [clang-diagnostic-error]
#pragma HLSDIRECTIVE BIND_OP impl=fabric op=mul variable=m67
        ^
/home/hyeon/ironman/IronMan/test/synthetic_case_generation/HLS/case_1/hls_sol_2_directive/hls/.autopilot/db/case_1.pp.0.cc:6799:9: error: Invalid Directive: for current device, mul + fabric is invalid combination for bind_op [clang-diagnostic-error]
#pragma HLSDIRECTIVE BIND_OP impl=fabric op=mul variable=m68
        ^
/home/hyeon/ironman/IronMan/test/synthetic_case_generation/HLS/case_1/hls_sol_2_directive/hls/.autopilot/db/case_1.pp.0.cc:6806:9: error: Invalid Directive: for current device, mul + fabric is invalid combination for bind_op [clang-diagnostic-error]
#pragma HLSDIRECTIVE BIND_OP impl=fabric op=mul variable=m71
        ^
/home/hyeon/ironman/IronMan/test/synthetic_case_generation/HLS/case_1/hls_sol_2_directive/hls/.autopilot/db/case_1.pp.0.cc:6812:9: error: Invalid Directive: for current device, mul + fabric is invalid combination for bind_op [clang-diagnostic-error]
#pragma HLSDIRECTIVE BIND_OP impl=fabric op=mul variable=m73
        ^
/home/hyeon/ironman/IronMan/test/synthetic_case_generation/HLS/case_1/hls_sol_2_directive/hls/.autopilot/db/case_1.pp.0.cc:6830:9: error: Invalid Directive: for current device, mul + fabric is invalid combination for bind_op [clang-diagnostic-error]
#pragma HLSDIRECTIVE BIND_OP impl=fabric op=mul variable=m87
        ^
/home/hyeon/ironman/IronMan/test/synthetic_case_generation/HLS/case_1/hls_sol_2_directive/hls/.autopilot/db/case_1.pp.0.cc:6835:9: error: Invalid Directive: for current device, mul + fabric is invalid combination for bind_op [clang-diagnostic-error]
#pragma HLSDIRECTIVE BIND_OP impl=fabric op=mul variable=m88
        ^
/home/hyeon/ironman/IronMan/test/synthetic_case_generation/HLS/case_1/hls_sol_2_directive/hls/.autopilot/db/case_1.pp.0.cc:6840:9: error: Invalid Directive: for current device, mul + fabric is invalid combination for bind_op [clang-diagnostic-error]
#pragma HLSDIRECTIVE BIND_OP impl=fabric op=mul variable=m89
        ^
/home/hyeon/ironman/IronMan/test/synthetic_case_generation/HLS/case_1/hls_sol_2_directive/hls/.autopilot/db/case_1.pp.0.cc:6845:9: error: Invalid Directive: for current device, mul + fabric is invalid combination for bind_op [clang-diagnostic-error]
#pragma HLSDIRECTIVE BIND_OP impl=fabric op=mul variable=m90
        ^
/home/hyeon/ironman/IronMan/test/synthetic_case_generation/HLS/case_1/hls_sol_2_directive/hls/.autopilot/db/case_1.pp.0.cc:6851:9: error: Invalid Directive: for current device, mul + fabric is invalid combination for bind_op [clang-diagnostic-error]
#pragma HLSDIRECTIVE BIND_OP impl=fabric op=mul variable=m92
        ^
/home/hyeon/ironman/IronMan/test/synthetic_case_generation/HLS/case_1/hls_sol_2_directive/hls/.autopilot/db/case_1.pp.0.cc:6858:9: error: Invalid Directive: for current device, mul + fabric is invalid combination for bind_op [clang-diagnostic-error]
#pragma HLSDIRECTIVE BIND_OP impl=fabric op=mul variable=m95
        ^
/home/hyeon/ironman/IronMan/test/synthetic_case_generation/HLS/case_1/hls_sol_2_directive/hls/.autopilot/db/case_1.pp.0.cc:6868:9: error: Invalid Directive: for current device, mul + fabric is invalid combination for bind_op [clang-diagnostic-error]
#pragma HLSDIRECTIVE BIND_OP impl=fabric op=mul variable=m101
        ^
/home/hyeon/ironman/IronMan/test/synthetic_case_generation/HLS/case_1/hls_sol_2_directive/hls/.autopilot/db/case_1.pp.0.cc:6874:9: error: Invalid Directive: for current device, mul + fabric is invalid combination for bind_op [clang-diagnostic-error]
#pragma HLSDIRECTIVE BIND_OP impl=fabric op=mul variable=m103
        ^
/home/hyeon/ironman/IronMan/test/synthetic_case_generation/HLS/case_1/hls_sol_2_directive/hls/.autopilot/db/case_1.pp.0.cc:6880:9: error: Invalid Directive: for current device, mul + fabric is invalid combination for bind_op [clang-diagnostic-error]
#pragma HLSDIRECTIVE BIND_OP impl=fabric op=mul variable=m105
        ^
/home/hyeon/ironman/IronMan/test/synthetic_case_generation/HLS/case_1/hls_sol_2_directive/hls/.autopilot/db/case_1.pp.0.cc:6885:9: error: Invalid Directive: for current device, mul + fabric is invalid combination for bind_op [clang-diagnostic-error]
#pragma HLSDIRECTIVE BIND_OP impl=fabric op=mul variable=m106
        ^
/home/hyeon/ironman/IronMan/test/synthetic_case_generation/HLS/case_1/hls_sol_2_directive/hls/.autopilot/db/case_1.pp.0.cc:6890:9: error: Invalid Directive: for current device, mul + fabric is invalid combination for bind_op [clang-diagnostic-error]
#pragma HLSDIRECTIVE BIND_OP impl=fabric op=mul variable=m107
        ^
/home/hyeon/ironman/IronMan/test/synthetic_case_generation/HLS/case_1/hls_sol_2_directive/hls/.autopilot/db/case_1.pp.0.cc:6895:9: error: Invalid Directive: for current device, mul + fabric is invalid combination for bind_op [clang-diagnostic-error]
#pragma HLSDIRECTIVE BIND_OP impl=fabric op=mul variable=m108
        ^
/home/hyeon/ironman/IronMan/test/synthetic_case_generation/HLS/case_1/hls_sol_2_directive/hls/.autopilot/db/case_1.pp.0.cc:6906:9: error: Invalid Directive: for current device, mul + fabric is invalid combination for bind_op [clang-diagnostic-error]
#pragma HLSDIRECTIVE BIND_OP impl=fabric op=mul variable=m115
        ^
/home/hyeon/ironman/IronMan/test/synthetic_case_generation/HLS/case_1/hls_sol_2_directive/hls/.autopilot/db/case_1.pp.0.cc:6913:9: error: Invalid Directive: for current device, mul + fabric is invalid combination for bind_op [clang-diagnostic-error]
#pragma HLSDIRECTIVE BIND_OP impl=fabric op=mul variable=m118
        ^
/home/hyeon/ironman/IronMan/test/synthetic_case_generation/HLS/case_1/hls_sol_2_directive/hls/.autopilot/db/case_1.pp.0.cc:6919:9: error: Invalid Directive: for current device, mul + fabric is invalid combination for bind_op [clang-diagnostic-error]
#pragma HLSDIRECTIVE BIND_OP impl=fabric op=mul variable=m120
        ^
/home/hyeon/ironman/IronMan/test/synthetic_case_generation/HLS/case_1/hls_sol_2_directive/hls/.autopilot/db/case_1.pp.0.cc:6928:9: error: Invalid Directive: for current device, mul + fabric is invalid combination for bind_op [clang-diagnostic-error]
#pragma HLSDIRECTIVE BIND_OP impl=fabric op=mul variable=m125
        ^
/home/hyeon/ironman/IronMan/test/synthetic_case_generation/HLS/case_1/hls_sol_2_directive/hls/.autopilot/db/case_1.pp.0.cc:6933:9: error: Invalid Directive: for current device, mul + fabric is invalid combination for bind_op [clang-diagnostic-error]
#pragma HLSDIRECTIVE BIND_OP impl=fabric op=mul variable=m126
        ^
/home/hyeon/ironman/IronMan/test/synthetic_case_generation/HLS/case_1/hls_sol_2_directive/hls/.autopilot/db/case_1.pp.0.cc:6940:9: error: Invalid Directive: for current device, mul + fabric is invalid combination for bind_op [clang-diagnostic-error]
#pragma HLSDIRECTIVE BIND_OP impl=fabric op=mul variable=m129
        ^
/home/hyeon/ironman/IronMan/test/synthetic_case_generation/HLS/case_1/hls_sol_2_directive/hls/.autopilot/db/case_1.pp.0.cc:6950:9: error: Invalid Directive: for current device, mul + fabric is invalid combination for bind_op [clang-diagnostic-error]
#pragma HLSDIRECTIVE BIND_OP impl=fabric op=mul variable=m135
        ^
/home/hyeon/ironman/IronMan/test/synthetic_case_generation/HLS/case_1/hls_sol_2_directive/hls/.autopilot/db/case_1.pp.0.cc:6956:9: error: Invalid Directive: for current device, mul + fabric is invalid combination for bind_op [clang-diagnostic-error]
#pragma HLSDIRECTIVE BIND_OP impl=fabric op=mul variable=m137
        ^
/home/hyeon/ironman/IronMan/test/synthetic_case_generation/HLS/case_1/hls_sol_2_directive/hls/.autopilot/db/case_1.pp.0.cc:6961:9: error: Invalid Directive: for current device, mul + fabric is invalid combination for bind_op [clang-diagnostic-error]
#pragma HLSDIRECTIVE BIND_OP impl=fabric op=mul variable=m138
        ^
/home/hyeon/ironman/IronMan/test/synthetic_case_generation/HLS/case_1/hls_sol_2_directive/hls/.autopilot/db/case_1.pp.0.cc:6967:9: error: Invalid Directive: for current device, mul + fabric is invalid combination for bind_op [clang-diagnostic-error]
#pragma HLSDIRECTIVE BIND_OP impl=fabric op=mul variable=m140
        ^
