/home/hyeon/ironman/IronMan/test/synthetic_case_generation/HLS/case_1/run_hls.tcl:43:9: warning: HLS pragma dump _XLX_SEP_ PragmaIsValid=1_XLX_SEP_ PragmaType=top_XLX_SEP_ PragmaContext=directive_XLX_SEP_ PragmaFunction=case_1_XLX_SEP_ PragmaOptions=name=case_1_XLX_SEP_ [-Wdump-hls-pragmas]
#pragma HLSDIRECTIVE TOP name=case_1
        ^
case_1.cc:12:9: warning: HLS pragma dump _XLX_SEP_ PragmaIsValid=1_XLX_SEP_ PragmaType=array_partition_XLX_SEP_ PragmaContext=_XLX_SEP_ PragmaFunction=case_1_XLX_SEP_ PragmaOptions=variable=in_data complete_XLX_SEP_ [-Wdump-hls-pragmas]
#pragma HLS array_partition variable=in_data complete
        ^
case_1.cc:13:9: warning: HLS pragma dump _XLX_SEP_ PragmaIsValid=1_XLX_SEP_ PragmaType=array_partition_XLX_SEP_ PragmaContext=_XLX_SEP_ PragmaFunction=case_1_XLX_SEP_ PragmaOptions=variable=out_data complete_XLX_SEP_ [-Wdump-hls-pragmas]
#pragma HLS array_partition variable=out_data complete
        ^
/home/hyeon/ironman/IronMan/test/synthetic_case_generation/HLS/case_1/sol_4_directive.tcl:2:9: warning: HLS pragma dump _XLX_SEP_ PragmaIsValid=1_XLX_SEP_ PragmaType=bind_op_XLX_SEP_ PragmaContext=directive_XLX_SEP_ PragmaFunction=case_1_XLX_SEP_ PragmaOptions=impl=fabric op=mul variable=m20_XLX_SEP_ [-Wdump-hls-pragmas]
#pragma HLSDIRECTIVE BIND_OP impl=fabric op=mul variable=m20
        ^
/home/hyeon/ironman/IronMan/test/synthetic_case_generation/HLS/case_1/sol_4_directive.tcl:3:9: warning: HLS pragma dump _XLX_SEP_ PragmaIsValid=1_XLX_SEP_ PragmaType=bind_op_XLX_SEP_ PragmaContext=directive_XLX_SEP_ PragmaFunction=case_1_XLX_SEP_ PragmaOptions=impl=fabric op=mul variable=m21_XLX_SEP_ [-Wdump-hls-pragmas]
#pragma HLSDIRECTIVE BIND_OP impl=fabric op=mul variable=m21
        ^
/home/hyeon/ironman/IronMan/test/synthetic_case_generation/HLS/case_1/sol_4_directive.tcl:4:9: warning: HLS pragma dump _XLX_SEP_ PragmaIsValid=1_XLX_SEP_ PragmaType=bind_op_XLX_SEP_ PragmaContext=directive_XLX_SEP_ PragmaFunction=case_1_XLX_SEP_ PragmaOptions=impl=fabric op=mul variable=m22_XLX_SEP_ [-Wdump-hls-pragmas]
#pragma HLSDIRECTIVE BIND_OP impl=fabric op=mul variable=m22
        ^
/home/hyeon/ironman/IronMan/test/synthetic_case_generation/HLS/case_1/sol_4_directive.tcl:8:9: warning: HLS pragma dump _XLX_SEP_ PragmaIsValid=1_XLX_SEP_ PragmaType=bind_op_XLX_SEP_ PragmaContext=directive_XLX_SEP_ PragmaFunction=case_1_XLX_SEP_ PragmaOptions=impl=fabric op=mul variable=m26_XLX_SEP_ [-Wdump-hls-pragmas]
#pragma HLSDIRECTIVE BIND_OP impl=fabric op=mul variable=m26
        ^
/home/hyeon/ironman/IronMan/test/synthetic_case_generation/HLS/case_1/sol_4_directive.tcl:13:9: warning: HLS pragma dump _XLX_SEP_ PragmaIsValid=1_XLX_SEP_ PragmaType=bind_op_XLX_SEP_ PragmaContext=directive_XLX_SEP_ PragmaFunction=case_1_XLX_SEP_ PragmaOptions=impl=fabric op=mul variable=m31_XLX_SEP_ [-Wdump-hls-pragmas]
#pragma HLSDIRECTIVE BIND_OP impl=fabric op=mul variable=m31
        ^
/home/hyeon/ironman/IronMan/test/synthetic_case_generation/HLS/case_1/sol_4_directive.tcl:15:9: warning: HLS pragma dump _XLX_SEP_ PragmaIsValid=1_XLX_SEP_ PragmaType=bind_op_XLX_SEP_ PragmaContext=directive_XLX_SEP_ PragmaFunction=case_1_XLX_SEP_ PragmaOptions=impl=fabric op=mul variable=m33_XLX_SEP_ [-Wdump-hls-pragmas]
#pragma HLSDIRECTIVE BIND_OP impl=fabric op=mul variable=m33
        ^
/home/hyeon/ironman/IronMan/test/synthetic_case_generation/HLS/case_1/sol_4_directive.tcl:16:9: warning: HLS pragma dump _XLX_SEP_ PragmaIsValid=1_XLX_SEP_ PragmaType=bind_op_XLX_SEP_ PragmaContext=directive_XLX_SEP_ PragmaFunction=case_1_XLX_SEP_ PragmaOptions=impl=fabric op=mul variable=m34_XLX_SEP_ [-Wdump-hls-pragmas]
#pragma HLSDIRECTIVE BIND_OP impl=fabric op=mul variable=m34
        ^
/home/hyeon/ironman/IronMan/test/synthetic_case_generation/HLS/case_1/sol_4_directive.tcl:17:9: warning: HLS pragma dump _XLX_SEP_ PragmaIsValid=1_XLX_SEP_ PragmaType=bind_op_XLX_SEP_ PragmaContext=directive_XLX_SEP_ PragmaFunction=case_1_XLX_SEP_ PragmaOptions=impl=fabric op=mul variable=m35_XLX_SEP_ [-Wdump-hls-pragmas]
#pragma HLSDIRECTIVE BIND_OP impl=fabric op=mul variable=m35
        ^
/home/hyeon/ironman/IronMan/test/synthetic_case_generation/HLS/case_1/sol_4_directive.tcl:18:9: warning: HLS pragma dump _XLX_SEP_ PragmaIsValid=1_XLX_SEP_ PragmaType=bind_op_XLX_SEP_ PragmaContext=directive_XLX_SEP_ PragmaFunction=case_1_XLX_SEP_ PragmaOptions=impl=fabric op=mul variable=m36_XLX_SEP_ [-Wdump-hls-pragmas]
#pragma HLSDIRECTIVE BIND_OP impl=fabric op=mul variable=m36
        ^
/home/hyeon/ironman/IronMan/test/synthetic_case_generation/HLS/case_1/sol_4_directive.tcl:19:9: warning: HLS pragma dump _XLX_SEP_ PragmaIsValid=1_XLX_SEP_ PragmaType=bind_op_XLX_SEP_ PragmaContext=directive_XLX_SEP_ PragmaFunction=case_1_XLX_SEP_ PragmaOptions=impl=fabric op=mul variable=m37_XLX_SEP_ [-Wdump-hls-pragmas]
#pragma HLSDIRECTIVE BIND_OP impl=fabric op=mul variable=m37
        ^
/home/hyeon/ironman/IronMan/test/synthetic_case_generation/HLS/case_1/sol_4_directive.tcl:20:9: warning: HLS pragma dump _XLX_SEP_ PragmaIsValid=1_XLX_SEP_ PragmaType=bind_op_XLX_SEP_ PragmaContext=directive_XLX_SEP_ PragmaFunction=case_1_XLX_SEP_ PragmaOptions=impl=fabric op=mul variable=m38_XLX_SEP_ [-Wdump-hls-pragmas]
#pragma HLSDIRECTIVE BIND_OP impl=fabric op=mul variable=m38
        ^
/home/hyeon/ironman/IronMan/test/synthetic_case_generation/HLS/case_1/sol_4_directive.tcl:21:9: warning: HLS pragma dump _XLX_SEP_ PragmaIsValid=1_XLX_SEP_ PragmaType=bind_op_XLX_SEP_ PragmaContext=directive_XLX_SEP_ PragmaFunction=case_1_XLX_SEP_ PragmaOptions=impl=fabric op=mul variable=m39_XLX_SEP_ [-Wdump-hls-pragmas]
#pragma HLSDIRECTIVE BIND_OP impl=fabric op=mul variable=m39
        ^
/home/hyeon/ironman/IronMan/test/synthetic_case_generation/HLS/case_1/sol_4_directive.tcl:23:9: warning: HLS pragma dump _XLX_SEP_ PragmaIsValid=1_XLX_SEP_ PragmaType=bind_op_XLX_SEP_ PragmaContext=directive_XLX_SEP_ PragmaFunction=case_1_XLX_SEP_ PragmaOptions=impl=fabric op=mul variable=m41_XLX_SEP_ [-Wdump-hls-pragmas]
#pragma HLSDIRECTIVE BIND_OP impl=fabric op=mul variable=m41
        ^
/home/hyeon/ironman/IronMan/test/synthetic_case_generation/HLS/case_1/sol_4_directive.tcl:25:9: warning: HLS pragma dump _XLX_SEP_ PragmaIsValid=1_XLX_SEP_ PragmaType=bind_op_XLX_SEP_ PragmaContext=directive_XLX_SEP_ PragmaFunction=case_1_XLX_SEP_ PragmaOptions=impl=fabric op=mul variable=m43_XLX_SEP_ [-Wdump-hls-pragmas]
#pragma HLSDIRECTIVE BIND_OP impl=fabric op=mul variable=m43
        ^
/home/hyeon/ironman/IronMan/test/synthetic_case_generation/HLS/case_1/sol_4_directive.tcl:26:9: warning: HLS pragma dump _XLX_SEP_ PragmaIsValid=1_XLX_SEP_ PragmaType=bind_op_XLX_SEP_ PragmaContext=directive_XLX_SEP_ PragmaFunction=case_1_XLX_SEP_ PragmaOptions=impl=fabric op=mul variable=m44_XLX_SEP_ [-Wdump-hls-pragmas]
#pragma HLSDIRECTIVE BIND_OP impl=fabric op=mul variable=m44
        ^
/home/hyeon/ironman/IronMan/test/synthetic_case_generation/HLS/case_1/sol_4_directive.tcl:33:9: warning: HLS pragma dump _XLX_SEP_ PragmaIsValid=1_XLX_SEP_ PragmaType=bind_op_XLX_SEP_ PragmaContext=directive_XLX_SEP_ PragmaFunction=case_1_XLX_SEP_ PragmaOptions=impl=fabric op=mul variable=m51_XLX_SEP_ [-Wdump-hls-pragmas]
#pragma HLSDIRECTIVE BIND_OP impl=fabric op=mul variable=m51
        ^
/home/hyeon/ironman/IronMan/test/synthetic_case_generation/HLS/case_1/sol_4_directive.tcl:37:9: warning: HLS pragma dump _XLX_SEP_ PragmaIsValid=1_XLX_SEP_ PragmaType=bind_op_XLX_SEP_ PragmaContext=directive_XLX_SEP_ PragmaFunction=case_1_XLX_SEP_ PragmaOptions=impl=fabric op=mul variable=m55_XLX_SEP_ [-Wdump-hls-pragmas]
#pragma HLSDIRECTIVE BIND_OP impl=fabric op=mul variable=m55
        ^
/home/hyeon/ironman/IronMan/test/synthetic_case_generation/HLS/case_1/sol_4_directive.tcl:39:9: warning: HLS pragma dump _XLX_SEP_ PragmaIsValid=1_XLX_SEP_ PragmaType=bind_op_XLX_SEP_ PragmaContext=directive_XLX_SEP_ PragmaFunction=case_1_XLX_SEP_ PragmaOptions=impl=fabric op=mul variable=m57_XLX_SEP_ [-Wdump-hls-pragmas]
#pragma HLSDIRECTIVE BIND_OP impl=fabric op=mul variable=m57
        ^
/home/hyeon/ironman/IronMan/test/synthetic_case_generation/HLS/case_1/sol_4_directive.tcl:43:9: warning: HLS pragma dump _XLX_SEP_ PragmaIsValid=1_XLX_SEP_ PragmaType=bind_op_XLX_SEP_ PragmaContext=directive_XLX_SEP_ PragmaFunction=case_1_XLX_SEP_ PragmaOptions=impl=fabric op=mul variable=m61_XLX_SEP_ [-Wdump-hls-pragmas]
#pragma HLSDIRECTIVE BIND_OP impl=fabric op=mul variable=m61
        ^
/home/hyeon/ironman/IronMan/test/synthetic_case_generation/HLS/case_1/sol_4_directive.tcl:44:9: warning: HLS pragma dump _XLX_SEP_ PragmaIsValid=1_XLX_SEP_ PragmaType=bind_op_XLX_SEP_ PragmaContext=directive_XLX_SEP_ PragmaFunction=case_1_XLX_SEP_ PragmaOptions=impl=fabric op=mul variable=m62_XLX_SEP_ [-Wdump-hls-pragmas]
#pragma HLSDIRECTIVE BIND_OP impl=fabric op=mul variable=m62
        ^
/home/hyeon/ironman/IronMan/test/synthetic_case_generation/HLS/case_1/sol_4_directive.tcl:45:9: warning: HLS pragma dump _XLX_SEP_ PragmaIsValid=1_XLX_SEP_ PragmaType=bind_op_XLX_SEP_ PragmaContext=directive_XLX_SEP_ PragmaFunction=case_1_XLX_SEP_ PragmaOptions=impl=fabric op=mul variable=m63_XLX_SEP_ [-Wdump-hls-pragmas]
#pragma HLSDIRECTIVE BIND_OP impl=fabric op=mul variable=m63
        ^
/home/hyeon/ironman/IronMan/test/synthetic_case_generation/HLS/case_1/sol_4_directive.tcl:48:9: warning: HLS pragma dump _XLX_SEP_ PragmaIsValid=1_XLX_SEP_ PragmaType=bind_op_XLX_SEP_ PragmaContext=directive_XLX_SEP_ PragmaFunction=case_1_XLX_SEP_ PragmaOptions=impl=fabric op=mul variable=m66_XLX_SEP_ [-Wdump-hls-pragmas]
#pragma HLSDIRECTIVE BIND_OP impl=fabric op=mul variable=m66
        ^
/home/hyeon/ironman/IronMan/test/synthetic_case_generation/HLS/case_1/sol_4_directive.tcl:50:9: warning: HLS pragma dump _XLX_SEP_ PragmaIsValid=1_XLX_SEP_ PragmaType=bind_op_XLX_SEP_ PragmaContext=directive_XLX_SEP_ PragmaFunction=case_1_XLX_SEP_ PragmaOptions=impl=fabric op=mul variable=m68_XLX_SEP_ [-Wdump-hls-pragmas]
#pragma HLSDIRECTIVE BIND_OP impl=fabric op=mul variable=m68
        ^
/home/hyeon/ironman/IronMan/test/synthetic_case_generation/HLS/case_1/sol_4_directive.tcl:52:9: warning: HLS pragma dump _XLX_SEP_ PragmaIsValid=1_XLX_SEP_ PragmaType=bind_op_XLX_SEP_ PragmaContext=directive_XLX_SEP_ PragmaFunction=case_1_XLX_SEP_ PragmaOptions=impl=fabric op=mul variable=m70_XLX_SEP_ [-Wdump-hls-pragmas]
#pragma HLSDIRECTIVE BIND_OP impl=fabric op=mul variable=m70
        ^
/home/hyeon/ironman/IronMan/test/synthetic_case_generation/HLS/case_1/sol_4_directive.tcl:53:9: warning: HLS pragma dump _XLX_SEP_ PragmaIsValid=1_XLX_SEP_ PragmaType=bind_op_XLX_SEP_ PragmaContext=directive_XLX_SEP_ PragmaFunction=case_1_XLX_SEP_ PragmaOptions=impl=fabric op=mul variable=m71_XLX_SEP_ [-Wdump-hls-pragmas]
#pragma HLSDIRECTIVE BIND_OP impl=fabric op=mul variable=m71
        ^
/home/hyeon/ironman/IronMan/test/synthetic_case_generation/HLS/case_1/sol_4_directive.tcl:54:9: warning: HLS pragma dump _XLX_SEP_ PragmaIsValid=1_XLX_SEP_ PragmaType=bind_op_XLX_SEP_ PragmaContext=directive_XLX_SEP_ PragmaFunction=case_1_XLX_SEP_ PragmaOptions=impl=fabric op=mul variable=m72_XLX_SEP_ [-Wdump-hls-pragmas]
#pragma HLSDIRECTIVE BIND_OP impl=fabric op=mul variable=m72
        ^
/home/hyeon/ironman/IronMan/test/synthetic_case_generation/HLS/case_1/sol_4_directive.tcl:55:9: warning: HLS pragma dump _XLX_SEP_ PragmaIsValid=1_XLX_SEP_ PragmaType=bind_op_XLX_SEP_ PragmaContext=directive_XLX_SEP_ PragmaFunction=case_1_XLX_SEP_ PragmaOptions=impl=fabric op=mul variable=m73_XLX_SEP_ [-Wdump-hls-pragmas]
#pragma HLSDIRECTIVE BIND_OP impl=fabric op=mul variable=m73
        ^
/home/hyeon/ironman/IronMan/test/synthetic_case_generation/HLS/case_1/sol_4_directive.tcl:56:9: warning: HLS pragma dump _XLX_SEP_ PragmaIsValid=1_XLX_SEP_ PragmaType=bind_op_XLX_SEP_ PragmaContext=directive_XLX_SEP_ PragmaFunction=case_1_XLX_SEP_ PragmaOptions=impl=fabric op=mul variable=m74_XLX_SEP_ [-Wdump-hls-pragmas]
#pragma HLSDIRECTIVE BIND_OP impl=fabric op=mul variable=m74
        ^
/home/hyeon/ironman/IronMan/test/synthetic_case_generation/HLS/case_1/sol_4_directive.tcl:58:9: warning: HLS pragma dump _XLX_SEP_ PragmaIsValid=1_XLX_SEP_ PragmaType=bind_op_XLX_SEP_ PragmaContext=directive_XLX_SEP_ PragmaFunction=case_1_XLX_SEP_ PragmaOptions=impl=fabric op=mul variable=m76_XLX_SEP_ [-Wdump-hls-pragmas]
#pragma HLSDIRECTIVE BIND_OP impl=fabric op=mul variable=m76
        ^
/home/hyeon/ironman/IronMan/test/synthetic_case_generation/HLS/case_1/sol_4_directive.tcl:59:9: warning: HLS pragma dump _XLX_SEP_ PragmaIsValid=1_XLX_SEP_ PragmaType=bind_op_XLX_SEP_ PragmaContext=directive_XLX_SEP_ PragmaFunction=case_1_XLX_SEP_ PragmaOptions=impl=fabric op=mul variable=m77_XLX_SEP_ [-Wdump-hls-pragmas]
#pragma HLSDIRECTIVE BIND_OP impl=fabric op=mul variable=m77
        ^
/home/hyeon/ironman/IronMan/test/synthetic_case_generation/HLS/case_1/sol_4_directive.tcl:60:9: warning: HLS pragma dump _XLX_SEP_ PragmaIsValid=1_XLX_SEP_ PragmaType=bind_op_XLX_SEP_ PragmaContext=directive_XLX_SEP_ PragmaFunction=case_1_XLX_SEP_ PragmaOptions=impl=fabric op=mul variable=m78_XLX_SEP_ [-Wdump-hls-pragmas]
#pragma HLSDIRECTIVE BIND_OP impl=fabric op=mul variable=m78
        ^
/home/hyeon/ironman/IronMan/test/synthetic_case_generation/HLS/case_1/sol_4_directive.tcl:61:9: warning: HLS pragma dump _XLX_SEP_ PragmaIsValid=1_XLX_SEP_ PragmaType=bind_op_XLX_SEP_ PragmaContext=directive_XLX_SEP_ PragmaFunction=case_1_XLX_SEP_ PragmaOptions=impl=fabric op=mul variable=m79_XLX_SEP_ [-Wdump-hls-pragmas]
#pragma HLSDIRECTIVE BIND_OP impl=fabric op=mul variable=m79
        ^
/home/hyeon/ironman/IronMan/test/synthetic_case_generation/HLS/case_1/sol_4_directive.tcl:63:9: warning: HLS pragma dump _XLX_SEP_ PragmaIsValid=1_XLX_SEP_ PragmaType=bind_op_XLX_SEP_ PragmaContext=directive_XLX_SEP_ PragmaFunction=case_1_XLX_SEP_ PragmaOptions=impl=fabric op=mul variable=m81_XLX_SEP_ [-Wdump-hls-pragmas]
#pragma HLSDIRECTIVE BIND_OP impl=fabric op=mul variable=m81
        ^
/home/hyeon/ironman/IronMan/test/synthetic_case_generation/HLS/case_1/sol_4_directive.tcl:65:9: warning: HLS pragma dump _XLX_SEP_ PragmaIsValid=1_XLX_SEP_ PragmaType=bind_op_XLX_SEP_ PragmaContext=directive_XLX_SEP_ PragmaFunction=case_1_XLX_SEP_ PragmaOptions=impl=fabric op=mul variable=m83_XLX_SEP_ [-Wdump-hls-pragmas]
#pragma HLSDIRECTIVE BIND_OP impl=fabric op=mul variable=m83
        ^
/home/hyeon/ironman/IronMan/test/synthetic_case_generation/HLS/case_1/sol_4_directive.tcl:66:9: warning: HLS pragma dump _XLX_SEP_ PragmaIsValid=1_XLX_SEP_ PragmaType=bind_op_XLX_SEP_ PragmaContext=directive_XLX_SEP_ PragmaFunction=case_1_XLX_SEP_ PragmaOptions=impl=fabric op=mul variable=m84_XLX_SEP_ [-Wdump-hls-pragmas]
#pragma HLSDIRECTIVE BIND_OP impl=fabric op=mul variable=m84
        ^
/home/hyeon/ironman/IronMan/test/synthetic_case_generation/HLS/case_1/sol_4_directive.tcl:67:9: warning: HLS pragma dump _XLX_SEP_ PragmaIsValid=1_XLX_SEP_ PragmaType=bind_op_XLX_SEP_ PragmaContext=directive_XLX_SEP_ PragmaFunction=case_1_XLX_SEP_ PragmaOptions=impl=fabric op=mul variable=m85_XLX_SEP_ [-Wdump-hls-pragmas]
#pragma HLSDIRECTIVE BIND_OP impl=fabric op=mul variable=m85
        ^
/home/hyeon/ironman/IronMan/test/synthetic_case_generation/HLS/case_1/sol_4_directive.tcl:68:9: warning: HLS pragma dump _XLX_SEP_ PragmaIsValid=1_XLX_SEP_ PragmaType=bind_op_XLX_SEP_ PragmaContext=directive_XLX_SEP_ PragmaFunction=case_1_XLX_SEP_ PragmaOptions=impl=fabric op=mul variable=m86_XLX_SEP_ [-Wdump-hls-pragmas]
#pragma HLSDIRECTIVE BIND_OP impl=fabric op=mul variable=m86
        ^
/home/hyeon/ironman/IronMan/test/synthetic_case_generation/HLS/case_1/sol_4_directive.tcl:70:9: warning: HLS pragma dump _XLX_SEP_ PragmaIsValid=1_XLX_SEP_ PragmaType=bind_op_XLX_SEP_ PragmaContext=directive_XLX_SEP_ PragmaFunction=case_1_XLX_SEP_ PragmaOptions=impl=fabric op=mul variable=m88_XLX_SEP_ [-Wdump-hls-pragmas]
#pragma HLSDIRECTIVE BIND_OP impl=fabric op=mul variable=m88
        ^
/home/hyeon/ironman/IronMan/test/synthetic_case_generation/HLS/case_1/sol_4_directive.tcl:71:9: warning: HLS pragma dump _XLX_SEP_ PragmaIsValid=1_XLX_SEP_ PragmaType=bind_op_XLX_SEP_ PragmaContext=directive_XLX_SEP_ PragmaFunction=case_1_XLX_SEP_ PragmaOptions=impl=fabric op=mul variable=m89_XLX_SEP_ [-Wdump-hls-pragmas]
#pragma HLSDIRECTIVE BIND_OP impl=fabric op=mul variable=m89
        ^
/home/hyeon/ironman/IronMan/test/synthetic_case_generation/HLS/case_1/sol_4_directive.tcl:72:9: warning: HLS pragma dump _XLX_SEP_ PragmaIsValid=1_XLX_SEP_ PragmaType=bind_op_XLX_SEP_ PragmaContext=directive_XLX_SEP_ PragmaFunction=case_1_XLX_SEP_ PragmaOptions=impl=fabric op=mul variable=m90_XLX_SEP_ [-Wdump-hls-pragmas]
#pragma HLSDIRECTIVE BIND_OP impl=fabric op=mul variable=m90
        ^
/home/hyeon/ironman/IronMan/test/synthetic_case_generation/HLS/case_1/sol_4_directive.tcl:73:9: warning: HLS pragma dump _XLX_SEP_ PragmaIsValid=1_XLX_SEP_ PragmaType=bind_op_XLX_SEP_ PragmaContext=directive_XLX_SEP_ PragmaFunction=case_1_XLX_SEP_ PragmaOptions=impl=fabric op=mul variable=m91_XLX_SEP_ [-Wdump-hls-pragmas]
#pragma HLSDIRECTIVE BIND_OP impl=fabric op=mul variable=m91
        ^
/home/hyeon/ironman/IronMan/test/synthetic_case_generation/HLS/case_1/sol_4_directive.tcl:74:9: warning: HLS pragma dump _XLX_SEP_ PragmaIsValid=1_XLX_SEP_ PragmaType=bind_op_XLX_SEP_ PragmaContext=directive_XLX_SEP_ PragmaFunction=case_1_XLX_SEP_ PragmaOptions=impl=fabric op=mul variable=m92_XLX_SEP_ [-Wdump-hls-pragmas]
#pragma HLSDIRECTIVE BIND_OP impl=fabric op=mul variable=m92
        ^
/home/hyeon/ironman/IronMan/test/synthetic_case_generation/HLS/case_1/sol_4_directive.tcl:75:9: warning: HLS pragma dump _XLX_SEP_ PragmaIsValid=1_XLX_SEP_ PragmaType=bind_op_XLX_SEP_ PragmaContext=directive_XLX_SEP_ PragmaFunction=case_1_XLX_SEP_ PragmaOptions=impl=fabric op=mul variable=m93_XLX_SEP_ [-Wdump-hls-pragmas]
#pragma HLSDIRECTIVE BIND_OP impl=fabric op=mul variable=m93
        ^
/home/hyeon/ironman/IronMan/test/synthetic_case_generation/HLS/case_1/sol_4_directive.tcl:78:9: warning: HLS pragma dump _XLX_SEP_ PragmaIsValid=1_XLX_SEP_ PragmaType=bind_op_XLX_SEP_ PragmaContext=directive_XLX_SEP_ PragmaFunction=case_1_XLX_SEP_ PragmaOptions=impl=fabric op=mul variable=m96_XLX_SEP_ [-Wdump-hls-pragmas]
#pragma HLSDIRECTIVE BIND_OP impl=fabric op=mul variable=m96
        ^
/home/hyeon/ironman/IronMan/test/synthetic_case_generation/HLS/case_1/sol_4_directive.tcl:80:9: warning: HLS pragma dump _XLX_SEP_ PragmaIsValid=1_XLX_SEP_ PragmaType=bind_op_XLX_SEP_ PragmaContext=directive_XLX_SEP_ PragmaFunction=case_1_XLX_SEP_ PragmaOptions=impl=fabric op=mul variable=m98_XLX_SEP_ [-Wdump-hls-pragmas]
#pragma HLSDIRECTIVE BIND_OP impl=fabric op=mul variable=m98
        ^
/home/hyeon/ironman/IronMan/test/synthetic_case_generation/HLS/case_1/sol_4_directive.tcl:82:9: warning: HLS pragma dump _XLX_SEP_ PragmaIsValid=1_XLX_SEP_ PragmaType=bind_op_XLX_SEP_ PragmaContext=directive_XLX_SEP_ PragmaFunction=case_1_XLX_SEP_ PragmaOptions=impl=fabric op=mul variable=m100_XLX_SEP_ [-Wdump-hls-pragmas]
#pragma HLSDIRECTIVE BIND_OP impl=fabric op=mul variable=m100
        ^
/home/hyeon/ironman/IronMan/test/synthetic_case_generation/HLS/case_1/sol_4_directive.tcl:84:9: warning: HLS pragma dump _XLX_SEP_ PragmaIsValid=1_XLX_SEP_ PragmaType=bind_op_XLX_SEP_ PragmaContext=directive_XLX_SEP_ PragmaFunction=case_1_XLX_SEP_ PragmaOptions=impl=fabric op=mul variable=m102_XLX_SEP_ [-Wdump-hls-pragmas]
#pragma HLSDIRECTIVE BIND_OP impl=fabric op=mul variable=m102
        ^
/home/hyeon/ironman/IronMan/test/synthetic_case_generation/HLS/case_1/sol_4_directive.tcl:85:9: warning: HLS pragma dump _XLX_SEP_ PragmaIsValid=1_XLX_SEP_ PragmaType=bind_op_XLX_SEP_ PragmaContext=directive_XLX_SEP_ PragmaFunction=case_1_XLX_SEP_ PragmaOptions=impl=fabric op=mul variable=m103_XLX_SEP_ [-Wdump-hls-pragmas]
#pragma HLSDIRECTIVE BIND_OP impl=fabric op=mul variable=m103
        ^
/home/hyeon/ironman/IronMan/test/synthetic_case_generation/HLS/case_1/sol_4_directive.tcl:86:9: warning: HLS pragma dump _XLX_SEP_ PragmaIsValid=1_XLX_SEP_ PragmaType=bind_op_XLX_SEP_ PragmaContext=directive_XLX_SEP_ PragmaFunction=case_1_XLX_SEP_ PragmaOptions=impl=fabric op=mul variable=m104_XLX_SEP_ [-Wdump-hls-pragmas]
#pragma HLSDIRECTIVE BIND_OP impl=fabric op=mul variable=m104
        ^
/home/hyeon/ironman/IronMan/test/synthetic_case_generation/HLS/case_1/sol_4_directive.tcl:87:9: warning: HLS pragma dump _XLX_SEP_ PragmaIsValid=1_XLX_SEP_ PragmaType=bind_op_XLX_SEP_ PragmaContext=directive_XLX_SEP_ PragmaFunction=case_1_XLX_SEP_ PragmaOptions=impl=fabric op=mul variable=m105_XLX_SEP_ [-Wdump-hls-pragmas]
#pragma HLSDIRECTIVE BIND_OP impl=fabric op=mul variable=m105
        ^
/home/hyeon/ironman/IronMan/test/synthetic_case_generation/HLS/case_1/sol_4_directive.tcl:90:9: warning: HLS pragma dump _XLX_SEP_ PragmaIsValid=1_XLX_SEP_ PragmaType=bind_op_XLX_SEP_ PragmaContext=directive_XLX_SEP_ PragmaFunction=case_1_XLX_SEP_ PragmaOptions=impl=fabric op=mul variable=m108_XLX_SEP_ [-Wdump-hls-pragmas]
#pragma HLSDIRECTIVE BIND_OP impl=fabric op=mul variable=m108
        ^
/home/hyeon/ironman/IronMan/test/synthetic_case_generation/HLS/case_1/sol_4_directive.tcl:91:9: warning: HLS pragma dump _XLX_SEP_ PragmaIsValid=1_XLX_SEP_ PragmaType=bind_op_XLX_SEP_ PragmaContext=directive_XLX_SEP_ PragmaFunction=case_1_XLX_SEP_ PragmaOptions=impl=fabric op=mul variable=m109_XLX_SEP_ [-Wdump-hls-pragmas]
#pragma HLSDIRECTIVE BIND_OP impl=fabric op=mul variable=m109
        ^
/home/hyeon/ironman/IronMan/test/synthetic_case_generation/HLS/case_1/sol_4_directive.tcl:92:9: warning: HLS pragma dump _XLX_SEP_ PragmaIsValid=1_XLX_SEP_ PragmaType=bind_op_XLX_SEP_ PragmaContext=directive_XLX_SEP_ PragmaFunction=case_1_XLX_SEP_ PragmaOptions=impl=fabric op=mul variable=m110_XLX_SEP_ [-Wdump-hls-pragmas]
#pragma HLSDIRECTIVE BIND_OP impl=fabric op=mul variable=m110
        ^
/home/hyeon/ironman/IronMan/test/synthetic_case_generation/HLS/case_1/sol_4_directive.tcl:93:9: warning: HLS pragma dump _XLX_SEP_ PragmaIsValid=1_XLX_SEP_ PragmaType=bind_op_XLX_SEP_ PragmaContext=directive_XLX_SEP_ PragmaFunction=case_1_XLX_SEP_ PragmaOptions=impl=fabric op=mul variable=m111_XLX_SEP_ [-Wdump-hls-pragmas]
#pragma HLSDIRECTIVE BIND_OP impl=fabric op=mul variable=m111
        ^
/home/hyeon/ironman/IronMan/test/synthetic_case_generation/HLS/case_1/sol_4_directive.tcl:94:9: warning: HLS pragma dump _XLX_SEP_ PragmaIsValid=1_XLX_SEP_ PragmaType=bind_op_XLX_SEP_ PragmaContext=directive_XLX_SEP_ PragmaFunction=case_1_XLX_SEP_ PragmaOptions=impl=fabric op=mul variable=m112_XLX_SEP_ [-Wdump-hls-pragmas]
#pragma HLSDIRECTIVE BIND_OP impl=fabric op=mul variable=m112
        ^
/home/hyeon/ironman/IronMan/test/synthetic_case_generation/HLS/case_1/sol_4_directive.tcl:96:9: warning: HLS pragma dump _XLX_SEP_ PragmaIsValid=1_XLX_SEP_ PragmaType=bind_op_XLX_SEP_ PragmaContext=directive_XLX_SEP_ PragmaFunction=case_1_XLX_SEP_ PragmaOptions=impl=fabric op=mul variable=m114_XLX_SEP_ [-Wdump-hls-pragmas]
#pragma HLSDIRECTIVE BIND_OP impl=fabric op=mul variable=m114
        ^
/home/hyeon/ironman/IronMan/test/synthetic_case_generation/HLS/case_1/sol_4_directive.tcl:98:9: warning: HLS pragma dump _XLX_SEP_ PragmaIsValid=1_XLX_SEP_ PragmaType=bind_op_XLX_SEP_ PragmaContext=directive_XLX_SEP_ PragmaFunction=case_1_XLX_SEP_ PragmaOptions=impl=fabric op=mul variable=m116_XLX_SEP_ [-Wdump-hls-pragmas]
#pragma HLSDIRECTIVE BIND_OP impl=fabric op=mul variable=m116
        ^
/home/hyeon/ironman/IronMan/test/synthetic_case_generation/HLS/case_1/sol_4_directive.tcl:99:9: warning: HLS pragma dump _XLX_SEP_ PragmaIsValid=1_XLX_SEP_ PragmaType=bind_op_XLX_SEP_ PragmaContext=directive_XLX_SEP_ PragmaFunction=case_1_XLX_SEP_ PragmaOptions=impl=fabric op=mul variable=m117_XLX_SEP_ [-Wdump-hls-pragmas]
#pragma HLSDIRECTIVE BIND_OP impl=fabric op=mul variable=m117
        ^
/home/hyeon/ironman/IronMan/test/synthetic_case_generation/HLS/case_1/sol_4_directive.tcl:100:9: warning: HLS pragma dump _XLX_SEP_ PragmaIsValid=1_XLX_SEP_ PragmaType=bind_op_XLX_SEP_ PragmaContext=directive_XLX_SEP_ PragmaFunction=case_1_XLX_SEP_ PragmaOptions=impl=fabric op=mul variable=m118_XLX_SEP_ [-Wdump-hls-pragmas]
#pragma HLSDIRECTIVE BIND_OP impl=fabric op=mul variable=m118
        ^
/home/hyeon/ironman/IronMan/test/synthetic_case_generation/HLS/case_1/sol_4_directive.tcl:101:9: warning: HLS pragma dump _XLX_SEP_ PragmaIsValid=1_XLX_SEP_ PragmaType=bind_op_XLX_SEP_ PragmaContext=directive_XLX_SEP_ PragmaFunction=case_1_XLX_SEP_ PragmaOptions=impl=fabric op=mul variable=m119_XLX_SEP_ [-Wdump-hls-pragmas]
#pragma HLSDIRECTIVE BIND_OP impl=fabric op=mul variable=m119
        ^
/home/hyeon/ironman/IronMan/test/synthetic_case_generation/HLS/case_1/sol_4_directive.tcl:102:9: warning: HLS pragma dump _XLX_SEP_ PragmaIsValid=1_XLX_SEP_ PragmaType=bind_op_XLX_SEP_ PragmaContext=directive_XLX_SEP_ PragmaFunction=case_1_XLX_SEP_ PragmaOptions=impl=fabric op=mul variable=m120_XLX_SEP_ [-Wdump-hls-pragmas]
#pragma HLSDIRECTIVE BIND_OP impl=fabric op=mul variable=m120
        ^
/home/hyeon/ironman/IronMan/test/synthetic_case_generation/HLS/case_1/sol_4_directive.tcl:104:9: warning: HLS pragma dump _XLX_SEP_ PragmaIsValid=1_XLX_SEP_ PragmaType=bind_op_XLX_SEP_ PragmaContext=directive_XLX_SEP_ PragmaFunction=case_1_XLX_SEP_ PragmaOptions=impl=fabric op=mul variable=m122_XLX_SEP_ [-Wdump-hls-pragmas]
#pragma HLSDIRECTIVE BIND_OP impl=fabric op=mul variable=m122
        ^
/home/hyeon/ironman/IronMan/test/synthetic_case_generation/HLS/case_1/sol_4_directive.tcl:105:9: warning: HLS pragma dump _XLX_SEP_ PragmaIsValid=1_XLX_SEP_ PragmaType=bind_op_XLX_SEP_ PragmaContext=directive_XLX_SEP_ PragmaFunction=case_1_XLX_SEP_ PragmaOptions=impl=fabric op=mul variable=m123_XLX_SEP_ [-Wdump-hls-pragmas]
#pragma HLSDIRECTIVE BIND_OP impl=fabric op=mul variable=m123
        ^
/home/hyeon/ironman/IronMan/test/synthetic_case_generation/HLS/case_1/sol_4_directive.tcl:106:9: warning: HLS pragma dump _XLX_SEP_ PragmaIsValid=1_XLX_SEP_ PragmaType=bind_op_XLX_SEP_ PragmaContext=directive_XLX_SEP_ PragmaFunction=case_1_XLX_SEP_ PragmaOptions=impl=fabric op=mul variable=m124_XLX_SEP_ [-Wdump-hls-pragmas]
#pragma HLSDIRECTIVE BIND_OP impl=fabric op=mul variable=m124
        ^
/home/hyeon/ironman/IronMan/test/synthetic_case_generation/HLS/case_1/sol_4_directive.tcl:109:9: warning: HLS pragma dump _XLX_SEP_ PragmaIsValid=1_XLX_SEP_ PragmaType=bind_op_XLX_SEP_ PragmaContext=directive_XLX_SEP_ PragmaFunction=case_1_XLX_SEP_ PragmaOptions=impl=fabric op=mul variable=m127_XLX_SEP_ [-Wdump-hls-pragmas]
#pragma HLSDIRECTIVE BIND_OP impl=fabric op=mul variable=m127
        ^
/home/hyeon/ironman/IronMan/test/synthetic_case_generation/HLS/case_1/sol_4_directive.tcl:110:9: warning: HLS pragma dump _XLX_SEP_ PragmaIsValid=1_XLX_SEP_ PragmaType=bind_op_XLX_SEP_ PragmaContext=directive_XLX_SEP_ PragmaFunction=case_1_XLX_SEP_ PragmaOptions=impl=fabric op=mul variable=m128_XLX_SEP_ [-Wdump-hls-pragmas]
#pragma HLSDIRECTIVE BIND_OP impl=fabric op=mul variable=m128
        ^
/home/hyeon/ironman/IronMan/test/synthetic_case_generation/HLS/case_1/sol_4_directive.tcl:115:9: warning: HLS pragma dump _XLX_SEP_ PragmaIsValid=1_XLX_SEP_ PragmaType=bind_op_XLX_SEP_ PragmaContext=directive_XLX_SEP_ PragmaFunction=case_1_XLX_SEP_ PragmaOptions=impl=fabric op=mul variable=m133_XLX_SEP_ [-Wdump-hls-pragmas]
#pragma HLSDIRECTIVE BIND_OP impl=fabric op=mul variable=m133
        ^
/home/hyeon/ironman/IronMan/test/synthetic_case_generation/HLS/case_1/sol_4_directive.tcl:118:9: warning: HLS pragma dump _XLX_SEP_ PragmaIsValid=1_XLX_SEP_ PragmaType=bind_op_XLX_SEP_ PragmaContext=directive_XLX_SEP_ PragmaFunction=case_1_XLX_SEP_ PragmaOptions=impl=fabric op=mul variable=m136_XLX_SEP_ [-Wdump-hls-pragmas]
#pragma HLSDIRECTIVE BIND_OP impl=fabric op=mul variable=m136
        ^
/home/hyeon/ironman/IronMan/test/synthetic_case_generation/HLS/case_1/sol_4_directive.tcl:120:9: warning: HLS pragma dump _XLX_SEP_ PragmaIsValid=1_XLX_SEP_ PragmaType=bind_op_XLX_SEP_ PragmaContext=directive_XLX_SEP_ PragmaFunction=case_1_XLX_SEP_ PragmaOptions=impl=fabric op=mul variable=m138_XLX_SEP_ [-Wdump-hls-pragmas]
#pragma HLSDIRECTIVE BIND_OP impl=fabric op=mul variable=m138
        ^
/home/hyeon/ironman/IronMan/test/synthetic_case_generation/HLS/case_1/sol_4_directive.tcl:121:9: warning: HLS pragma dump _XLX_SEP_ PragmaIsValid=1_XLX_SEP_ PragmaType=bind_op_XLX_SEP_ PragmaContext=directive_XLX_SEP_ PragmaFunction=case_1_XLX_SEP_ PragmaOptions=impl=fabric op=mul variable=m139_XLX_SEP_ [-Wdump-hls-pragmas]
#pragma HLSDIRECTIVE BIND_OP impl=fabric op=mul variable=m139
        ^
/home/hyeon/ironman/IronMan/test/synthetic_case_generation/HLS/case_1/sol_4_directive.tcl:123:9: warning: HLS pragma dump _XLX_SEP_ PragmaIsValid=1_XLX_SEP_ PragmaType=bind_op_XLX_SEP_ PragmaContext=directive_XLX_SEP_ PragmaFunction=case_1_XLX_SEP_ PragmaOptions=impl=fabric op=mul variable=m141_XLX_SEP_ [-Wdump-hls-pragmas]
#pragma HLSDIRECTIVE BIND_OP impl=fabric op=mul variable=m141
        ^
/home/hyeon/ironman/IronMan/test/synthetic_case_generation/HLS/case_1/sol_4_directive.tcl:125:9: warning: HLS pragma dump _XLX_SEP_ PragmaIsValid=1_XLX_SEP_ PragmaType=bind_op_XLX_SEP_ PragmaContext=directive_XLX_SEP_ PragmaFunction=case_1_XLX_SEP_ PragmaOptions=impl=fabric op=mul variable=m143_XLX_SEP_ [-Wdump-hls-pragmas]
#pragma HLSDIRECTIVE BIND_OP impl=fabric op=mul variable=m143
        ^
75 warnings generated.
