/home/hyeon/ironman/IronMan/test/synthetic_case_generation/HLS/case_1/hls_sol_3_directive/hls/.autopilot/db/case_1.pp.0.cc:3167:5: warning: Added loop label VITIS_LOOP_676_1:   [xilinx-label-all-loops]
    for (unsigned i = low; i != high+1; ++i) {
    ^~~
    VITIS_LOOP_676_1: 
/home/hyeon/ironman/IronMan/test/synthetic_case_generation/HLS/case_1/hls_sol_3_directive/hls/.autopilot/db/case_1.pp.0.cc:3167:5: note: FIX-IT applied suggested code changes
/home/hyeon/ironman/IronMan/test/synthetic_case_generation/HLS/case_1/hls_sol_3_directive/hls/.autopilot/db/case_1.pp.0.cc:3181:5: warning: Added loop label VITIS_LOOP_690_1:   [xilinx-label-all-loops]
    for (unsigned i = low; i != high+1; ++i) {
    ^~~
    VITIS_LOOP_690_1: 
/home/hyeon/ironman/IronMan/test/synthetic_case_generation/HLS/case_1/hls_sol_3_directive/hls/.autopilot/db/case_1.pp.0.cc:3181:5: note: FIX-IT applied suggested code changes
/home/hyeon/ironman/IronMan/test/synthetic_case_generation/HLS/case_1/hls_sol_3_directive/hls/.autopilot/db/case_1.pp.0.cc:3195:5: warning: Added loop label VITIS_LOOP_704_1:   [xilinx-label-all-loops]
    for (unsigned i = low; i != high+1; ++i) {
    ^~~
    VITIS_LOOP_704_1: 
/home/hyeon/ironman/IronMan/test/synthetic_case_generation/HLS/case_1/hls_sol_3_directive/hls/.autopilot/db/case_1.pp.0.cc:3195:5: note: FIX-IT applied suggested code changes
/home/hyeon/ironman/IronMan/test/synthetic_case_generation/HLS/case_1/hls_sol_3_directive/hls/.autopilot/db/case_1.pp.0.cc:4817:7: warning: Added loop label VITIS_LOOP_1248_1:   [xilinx-label-all-loops]
      for (i = 0; i < __N - 1; ++i) {
      ^~~
      VITIS_LOOP_1248_1: 
/home/hyeon/ironman/IronMan/test/synthetic_case_generation/HLS/case_1/hls_sol_3_directive/hls/.autopilot/db/case_1.pp.0.cc:4817:7: note: FIX-IT applied suggested code changes
/home/hyeon/ironman/IronMan/test/synthetic_case_generation/HLS/case_1/hls_sol_3_directive/hls/.autopilot/db/case_1.pp.0.cc:6651:9: error: Invalid Directive: for current device, mul + fabric is invalid combination for bind_op [clang-diagnostic-error]
#pragma HLSDIRECTIVE BIND_OP impl=fabric op=mul variable=m20
        ^
/home/hyeon/ironman/IronMan/test/synthetic_case_generation/HLS/case_1/hls_sol_3_directive/hls/.autopilot/db/case_1.pp.0.cc:6656:9: error: Invalid Directive: for current device, mul + fabric is invalid combination for bind_op [clang-diagnostic-error]
#pragma HLSDIRECTIVE BIND_OP impl=fabric op=mul variable=m21
        ^
/home/hyeon/ironman/IronMan/test/synthetic_case_generation/HLS/case_1/hls_sol_3_directive/hls/.autopilot/db/case_1.pp.0.cc:6661:9: error: Invalid Directive: for current device, mul + fabric is invalid combination for bind_op [clang-diagnostic-error]
#pragma HLSDIRECTIVE BIND_OP impl=fabric op=mul variable=m22
        ^
/home/hyeon/ironman/IronMan/test/synthetic_case_generation/HLS/case_1/hls_sol_3_directive/hls/.autopilot/db/case_1.pp.0.cc:6672:9: error: Invalid Directive: for current device, mul + fabric is invalid combination for bind_op [clang-diagnostic-error]
#pragma HLSDIRECTIVE BIND_OP impl=fabric op=mul variable=m29
        ^
/home/hyeon/ironman/IronMan/test/synthetic_case_generation/HLS/case_1/hls_sol_3_directive/hls/.autopilot/db/case_1.pp.0.cc:6677:9: error: Invalid Directive: for current device, mul + fabric is invalid combination for bind_op [clang-diagnostic-error]
#pragma HLSDIRECTIVE BIND_OP impl=fabric op=mul variable=m30
        ^
/home/hyeon/ironman/IronMan/test/synthetic_case_generation/HLS/case_1/hls_sol_3_directive/hls/.autopilot/db/case_1.pp.0.cc:6684:9: error: Invalid Directive: for current device, mul + fabric is invalid combination for bind_op [clang-diagnostic-error]
#pragma HLSDIRECTIVE BIND_OP impl=fabric op=mul variable=m33
        ^
/home/hyeon/ironman/IronMan/test/synthetic_case_generation/HLS/case_1/hls_sol_3_directive/hls/.autopilot/db/case_1.pp.0.cc:6689:9: error: Invalid Directive: for current device, mul + fabric is invalid combination for bind_op [clang-diagnostic-error]
#pragma HLSDIRECTIVE BIND_OP impl=fabric op=mul variable=m34
        ^
/home/hyeon/ironman/IronMan/test/synthetic_case_generation/HLS/case_1/hls_sol_3_directive/hls/.autopilot/db/case_1.pp.0.cc:6694:9: error: Invalid Directive: for current device, mul + fabric is invalid combination for bind_op [clang-diagnostic-error]
#pragma HLSDIRECTIVE BIND_OP impl=fabric op=mul variable=m35
        ^
/home/hyeon/ironman/IronMan/test/synthetic_case_generation/HLS/case_1/hls_sol_3_directive/hls/.autopilot/db/case_1.pp.0.cc:6700:9: error: Invalid Directive: for current device, mul + fabric is invalid combination for bind_op [clang-diagnostic-error]
#pragma HLSDIRECTIVE BIND_OP impl=fabric op=mul variable=m37
        ^
/home/hyeon/ironman/IronMan/test/synthetic_case_generation/HLS/case_1/hls_sol_3_directive/hls/.autopilot/db/case_1.pp.0.cc:6705:9: error: Invalid Directive: for current device, mul + fabric is invalid combination for bind_op [clang-diagnostic-error]
#pragma HLSDIRECTIVE BIND_OP impl=fabric op=mul variable=m38
        ^
/home/hyeon/ironman/IronMan/test/synthetic_case_generation/HLS/case_1/hls_sol_3_directive/hls/.autopilot/db/case_1.pp.0.cc:6710:9: error: Invalid Directive: for current device, mul + fabric is invalid combination for bind_op [clang-diagnostic-error]
#pragma HLSDIRECTIVE BIND_OP impl=fabric op=mul variable=m39
        ^
/home/hyeon/ironman/IronMan/test/synthetic_case_generation/HLS/case_1/hls_sol_3_directive/hls/.autopilot/db/case_1.pp.0.cc:6716:9: error: Invalid Directive: for current device, mul + fabric is invalid combination for bind_op [clang-diagnostic-error]
#pragma HLSDIRECTIVE BIND_OP impl=fabric op=mul variable=m41
        ^
/home/hyeon/ironman/IronMan/test/synthetic_case_generation/HLS/case_1/hls_sol_3_directive/hls/.autopilot/db/case_1.pp.0.cc:6721:9: error: Invalid Directive: for current device, mul + fabric is invalid combination for bind_op [clang-diagnostic-error]
#pragma HLSDIRECTIVE BIND_OP impl=fabric op=mul variable=m42
        ^
/home/hyeon/ironman/IronMan/test/synthetic_case_generation/HLS/case_1/hls_sol_3_directive/hls/.autopilot/db/case_1.pp.0.cc:6728:9: error: Invalid Directive: for current device, mul + fabric is invalid combination for bind_op [clang-diagnostic-error]
#pragma HLSDIRECTIVE BIND_OP impl=fabric op=mul variable=m45
        ^
/home/hyeon/ironman/IronMan/test/synthetic_case_generation/HLS/case_1/hls_sol_3_directive/hls/.autopilot/db/case_1.pp.0.cc:6733:9: error: Invalid Directive: for current device, mul + fabric is invalid combination for bind_op [clang-diagnostic-error]
#pragma HLSDIRECTIVE BIND_OP impl=fabric op=mul variable=m46
        ^
/home/hyeon/ironman/IronMan/test/synthetic_case_generation/HLS/case_1/hls_sol_3_directive/hls/.autopilot/db/case_1.pp.0.cc:6740:9: error: Invalid Directive: for current device, mul + fabric is invalid combination for bind_op [clang-diagnostic-error]
#pragma HLSDIRECTIVE BIND_OP impl=fabric op=mul variable=m49
        ^
/home/hyeon/ironman/IronMan/test/synthetic_case_generation/HLS/case_1/hls_sol_3_directive/hls/.autopilot/db/case_1.pp.0.cc:6745:9: error: Invalid Directive: for current device, mul + fabric is invalid combination for bind_op [clang-diagnostic-error]
#pragma HLSDIRECTIVE BIND_OP impl=fabric op=mul variable=m50
        ^
/home/hyeon/ironman/IronMan/test/synthetic_case_generation/HLS/case_1/hls_sol_3_directive/hls/.autopilot/db/case_1.pp.0.cc:6750:9: error: Invalid Directive: for current device, mul + fabric is invalid combination for bind_op [clang-diagnostic-error]
#pragma HLSDIRECTIVE BIND_OP impl=fabric op=mul variable=m51
        ^
/home/hyeon/ironman/IronMan/test/synthetic_case_generation/HLS/case_1/hls_sol_3_directive/hls/.autopilot/db/case_1.pp.0.cc:6758:9: error: Invalid Directive: for current device, mul + fabric is invalid combination for bind_op [clang-diagnostic-error]
#pragma HLSDIRECTIVE BIND_OP impl=fabric op=mul variable=m55
        ^
/home/hyeon/ironman/IronMan/test/synthetic_case_generation/HLS/case_1/hls_sol_3_directive/hls/.autopilot/db/case_1.pp.0.cc:6763:9: error: Invalid Directive: for current device, mul + fabric is invalid combination for bind_op [clang-diagnostic-error]
#pragma HLSDIRECTIVE BIND_OP impl=fabric op=mul variable=m56
        ^
/home/hyeon/ironman/IronMan/test/synthetic_case_generation/HLS/case_1/hls_sol_3_directive/hls/.autopilot/db/case_1.pp.0.cc:6769:9: error: Invalid Directive: for current device, mul + fabric is invalid combination for bind_op [clang-diagnostic-error]
#pragma HLSDIRECTIVE BIND_OP impl=fabric op=mul variable=m58
        ^
/home/hyeon/ironman/IronMan/test/synthetic_case_generation/HLS/case_1/hls_sol_3_directive/hls/.autopilot/db/case_1.pp.0.cc:6774:9: error: Invalid Directive: for current device, mul + fabric is invalid combination for bind_op [clang-diagnostic-error]
#pragma HLSDIRECTIVE BIND_OP impl=fabric op=mul variable=m59
        ^
/home/hyeon/ironman/IronMan/test/synthetic_case_generation/HLS/case_1/hls_sol_3_directive/hls/.autopilot/db/case_1.pp.0.cc:6783:9: error: Invalid Directive: for current device, mul + fabric is invalid combination for bind_op [clang-diagnostic-error]
#pragma HLSDIRECTIVE BIND_OP impl=fabric op=mul variable=m64
        ^
/home/hyeon/ironman/IronMan/test/synthetic_case_generation/HLS/case_1/hls_sol_3_directive/hls/.autopilot/db/case_1.pp.0.cc:6788:9: error: Invalid Directive: for current device, mul + fabric is invalid combination for bind_op [clang-diagnostic-error]
#pragma HLSDIRECTIVE BIND_OP impl=fabric op=mul variable=m65
        ^
/home/hyeon/ironman/IronMan/test/synthetic_case_generation/HLS/case_1/hls_sol_3_directive/hls/.autopilot/db/case_1.pp.0.cc:6794:9: error: Invalid Directive: for current device, mul + fabric is invalid combination for bind_op [clang-diagnostic-error]
#pragma HLSDIRECTIVE BIND_OP impl=fabric op=mul variable=m67
        ^
/home/hyeon/ironman/IronMan/test/synthetic_case_generation/HLS/case_1/hls_sol_3_directive/hls/.autopilot/db/case_1.pp.0.cc:6799:9: error: Invalid Directive: for current device, mul + fabric is invalid combination for bind_op [clang-diagnostic-error]
#pragma HLSDIRECTIVE BIND_OP impl=fabric op=mul variable=m68
        ^
/home/hyeon/ironman/IronMan/test/synthetic_case_generation/HLS/case_1/hls_sol_3_directive/hls/.autopilot/db/case_1.pp.0.cc:6804:9: error: Invalid Directive: for current device, mul + fabric is invalid combination for bind_op [clang-diagnostic-error]
#pragma HLSDIRECTIVE BIND_OP impl=fabric op=mul variable=m69
        ^
/home/hyeon/ironman/IronMan/test/synthetic_case_generation/HLS/case_1/hls_sol_3_directive/hls/.autopilot/db/case_1.pp.0.cc:6812:9: error: Invalid Directive: for current device, mul + fabric is invalid combination for bind_op [clang-diagnostic-error]
#pragma HLSDIRECTIVE BIND_OP impl=fabric op=mul variable=m73
        ^
/home/hyeon/ironman/IronMan/test/synthetic_case_generation/HLS/case_1/hls_sol_3_directive/hls/.autopilot/db/case_1.pp.0.cc:6817:9: error: Invalid Directive: for current device, mul + fabric is invalid combination for bind_op [clang-diagnostic-error]
#pragma HLSDIRECTIVE BIND_OP impl=fabric op=mul variable=m74
        ^
/home/hyeon/ironman/IronMan/test/synthetic_case_generation/HLS/case_1/hls_sol_3_directive/hls/.autopilot/db/case_1.pp.0.cc:6822:9: error: Invalid Directive: for current device, mul + fabric is invalid combination for bind_op [clang-diagnostic-error]
#pragma HLSDIRECTIVE BIND_OP impl=fabric op=mul variable=m75
        ^
/home/hyeon/ironman/IronMan/test/synthetic_case_generation/HLS/case_1/hls_sol_3_directive/hls/.autopilot/db/case_1.pp.0.cc:6827:9: error: Invalid Directive: for current device, mul + fabric is invalid combination for bind_op [clang-diagnostic-error]
#pragma HLSDIRECTIVE BIND_OP impl=fabric op=mul variable=m76
        ^
/home/hyeon/ironman/IronMan/test/synthetic_case_generation/HLS/case_1/hls_sol_3_directive/hls/.autopilot/db/case_1.pp.0.cc:6832:9: error: Invalid Directive: for current device, mul + fabric is invalid combination for bind_op [clang-diagnostic-error]
#pragma HLSDIRECTIVE BIND_OP impl=fabric op=mul variable=m77
        ^
/home/hyeon/ironman/IronMan/test/synthetic_case_generation/HLS/case_1/hls_sol_3_directive/hls/.autopilot/db/case_1.pp.0.cc:6837:9: error: Invalid Directive: for current device, mul + fabric is invalid combination for bind_op [clang-diagnostic-error]
#pragma HLSDIRECTIVE BIND_OP impl=fabric op=mul variable=m78
        ^
/home/hyeon/ironman/IronMan/test/synthetic_case_generation/HLS/case_1/hls_sol_3_directive/hls/.autopilot/db/case_1.pp.0.cc:6842:9: error: Invalid Directive: for current device, mul + fabric is invalid combination for bind_op [clang-diagnostic-error]
#pragma HLSDIRECTIVE BIND_OP impl=fabric op=mul variable=m79
        ^
/home/hyeon/ironman/IronMan/test/synthetic_case_generation/HLS/case_1/hls_sol_3_directive/hls/.autopilot/db/case_1.pp.0.cc:6847:9: error: Invalid Directive: for current device, mul + fabric is invalid combination for bind_op [clang-diagnostic-error]
#pragma HLSDIRECTIVE BIND_OP impl=fabric op=mul variable=m80
        ^
/home/hyeon/ironman/IronMan/test/synthetic_case_generation/HLS/case_1/hls_sol_3_directive/hls/.autopilot/db/case_1.pp.0.cc:6852:9: error: Invalid Directive: for current device, mul + fabric is invalid combination for bind_op [clang-diagnostic-error]
#pragma HLSDIRECTIVE BIND_OP impl=fabric op=mul variable=m81
        ^
/home/hyeon/ironman/IronMan/test/synthetic_case_generation/HLS/case_1/hls_sol_3_directive/hls/.autopilot/db/case_1.pp.0.cc:6857:9: error: Invalid Directive: for current device, mul + fabric is invalid combination for bind_op [clang-diagnostic-error]
#pragma HLSDIRECTIVE BIND_OP impl=fabric op=mul variable=m82
        ^
/home/hyeon/ironman/IronMan/test/synthetic_case_generation/HLS/case_1/hls_sol_3_directive/hls/.autopilot/db/case_1.pp.0.cc:6863:9: error: Invalid Directive: for current device, mul + fabric is invalid combination for bind_op [clang-diagnostic-error]
#pragma HLSDIRECTIVE BIND_OP impl=fabric op=mul variable=m84
        ^
/home/hyeon/ironman/IronMan/test/synthetic_case_generation/HLS/case_1/hls_sol_3_directive/hls/.autopilot/db/case_1.pp.0.cc:6868:9: error: Invalid Directive: for current device, mul + fabric is invalid combination for bind_op [clang-diagnostic-error]
#pragma HLSDIRECTIVE BIND_OP impl=fabric op=mul variable=m85
        ^
/home/hyeon/ironman/IronMan/test/synthetic_case_generation/HLS/case_1/hls_sol_3_directive/hls/.autopilot/db/case_1.pp.0.cc:6873:9: error: Invalid Directive: for current device, mul + fabric is invalid combination for bind_op [clang-diagnostic-error]
#pragma HLSDIRECTIVE BIND_OP impl=fabric op=mul variable=m86
        ^
/home/hyeon/ironman/IronMan/test/synthetic_case_generation/HLS/case_1/hls_sol_3_directive/hls/.autopilot/db/case_1.pp.0.cc:6879:9: error: Invalid Directive: for current device, mul + fabric is invalid combination for bind_op [clang-diagnostic-error]
#pragma HLSDIRECTIVE BIND_OP impl=fabric op=mul variable=m88
        ^
/home/hyeon/ironman/IronMan/test/synthetic_case_generation/HLS/case_1/hls_sol_3_directive/hls/.autopilot/db/case_1.pp.0.cc:6885:9: error: Invalid Directive: for current device, mul + fabric is invalid combination for bind_op [clang-diagnostic-error]
#pragma HLSDIRECTIVE BIND_OP impl=fabric op=mul variable=m90
        ^
/home/hyeon/ironman/IronMan/test/synthetic_case_generation/HLS/case_1/hls_sol_3_directive/hls/.autopilot/db/case_1.pp.0.cc:6894:9: error: Invalid Directive: for current device, mul + fabric is invalid combination for bind_op [clang-diagnostic-error]
#pragma HLSDIRECTIVE BIND_OP impl=fabric op=mul variable=m95
        ^
/home/hyeon/ironman/IronMan/test/synthetic_case_generation/HLS/case_1/hls_sol_3_directive/hls/.autopilot/db/case_1.pp.0.cc:6899:9: error: Invalid Directive: for current device, mul + fabric is invalid combination for bind_op [clang-diagnostic-error]
#pragma HLSDIRECTIVE BIND_OP impl=fabric op=mul variable=m96
        ^
/home/hyeon/ironman/IronMan/test/synthetic_case_generation/HLS/case_1/hls_sol_3_directive/hls/.autopilot/db/case_1.pp.0.cc:6904:9: error: Invalid Directive: for current device, mul + fabric is invalid combination for bind_op [clang-diagnostic-error]
#pragma HLSDIRECTIVE BIND_OP impl=fabric op=mul variable=m97
        ^
/home/hyeon/ironman/IronMan/test/synthetic_case_generation/HLS/case_1/hls_sol_3_directive/hls/.autopilot/db/case_1.pp.0.cc:6909:9: error: Invalid Directive: for current device, mul + fabric is invalid combination for bind_op [clang-diagnostic-error]
#pragma HLSDIRECTIVE BIND_OP impl=fabric op=mul variable=m98
        ^
/home/hyeon/ironman/IronMan/test/synthetic_case_generation/HLS/case_1/hls_sol_3_directive/hls/.autopilot/db/case_1.pp.0.cc:6916:9: error: Invalid Directive: for current device, mul + fabric is invalid combination for bind_op [clang-diagnostic-error]
#pragma HLSDIRECTIVE BIND_OP impl=fabric op=mul variable=m101
        ^
/home/hyeon/ironman/IronMan/test/synthetic_case_generation/HLS/case_1/hls_sol_3_directive/hls/.autopilot/db/case_1.pp.0.cc:6923:9: error: Invalid Directive: for current device, mul + fabric is invalid combination for bind_op [clang-diagnostic-error]
#pragma HLSDIRECTIVE BIND_OP impl=fabric op=mul variable=m104
        ^
/home/hyeon/ironman/IronMan/test/synthetic_case_generation/HLS/case_1/hls_sol_3_directive/hls/.autopilot/db/case_1.pp.0.cc:6928:9: error: Invalid Directive: for current device, mul + fabric is invalid combination for bind_op [clang-diagnostic-error]
#pragma HLSDIRECTIVE BIND_OP impl=fabric op=mul variable=m105
        ^
/home/hyeon/ironman/IronMan/test/synthetic_case_generation/HLS/case_1/hls_sol_3_directive/hls/.autopilot/db/case_1.pp.0.cc:6933:9: error: Invalid Directive: for current device, mul + fabric is invalid combination for bind_op [clang-diagnostic-error]
#pragma HLSDIRECTIVE BIND_OP impl=fabric op=mul variable=m106
        ^
/home/hyeon/ironman/IronMan/test/synthetic_case_generation/HLS/case_1/hls_sol_3_directive/hls/.autopilot/db/case_1.pp.0.cc:6938:9: error: Invalid Directive: for current device, mul + fabric is invalid combination for bind_op [clang-diagnostic-error]
#pragma HLSDIRECTIVE BIND_OP impl=fabric op=mul variable=m107
        ^
/home/hyeon/ironman/IronMan/test/synthetic_case_generation/HLS/case_1/hls_sol_3_directive/hls/.autopilot/db/case_1.pp.0.cc:6943:9: error: Invalid Directive: for current device, mul + fabric is invalid combination for bind_op [clang-diagnostic-error]
#pragma HLSDIRECTIVE BIND_OP impl=fabric op=mul variable=m108
        ^
/home/hyeon/ironman/IronMan/test/synthetic_case_generation/HLS/case_1/hls_sol_3_directive/hls/.autopilot/db/case_1.pp.0.cc:6948:9: error: Invalid Directive: for current device, mul + fabric is invalid combination for bind_op [clang-diagnostic-error]
#pragma HLSDIRECTIVE BIND_OP impl=fabric op=mul variable=m109
        ^
/home/hyeon/ironman/IronMan/test/synthetic_case_generation/HLS/case_1/hls_sol_3_directive/hls/.autopilot/db/case_1.pp.0.cc:6953:9: error: Invalid Directive: for current device, mul + fabric is invalid combination for bind_op [clang-diagnostic-error]
#pragma HLSDIRECTIVE BIND_OP impl=fabric op=mul variable=m110
        ^
/home/hyeon/ironman/IronMan/test/synthetic_case_generation/HLS/case_1/hls_sol_3_directive/hls/.autopilot/db/case_1.pp.0.cc:6964:9: error: Invalid Directive: for current device, mul + fabric is invalid combination for bind_op [clang-diagnostic-error]
#pragma HLSDIRECTIVE BIND_OP impl=fabric op=mul variable=m117
        ^
/home/hyeon/ironman/IronMan/test/synthetic_case_generation/HLS/case_1/hls_sol_3_directive/hls/.autopilot/db/case_1.pp.0.cc:6969:9: error: Invalid Directive: for current device, mul + fabric is invalid combination for bind_op [clang-diagnostic-error]
#pragma HLSDIRECTIVE BIND_OP impl=fabric op=mul variable=m118
        ^
/home/hyeon/ironman/IronMan/test/synthetic_case_generation/HLS/case_1/hls_sol_3_directive/hls/.autopilot/db/case_1.pp.0.cc:6975:9: error: Invalid Directive: for current device, mul + fabric is invalid combination for bind_op [clang-diagnostic-error]
#pragma HLSDIRECTIVE BIND_OP impl=fabric op=mul variable=m120
        ^
/home/hyeon/ironman/IronMan/test/synthetic_case_generation/HLS/case_1/hls_sol_3_directive/hls/.autopilot/db/case_1.pp.0.cc:6981:9: error: Invalid Directive: for current device, mul + fabric is invalid combination for bind_op [clang-diagnostic-error]
#pragma HLSDIRECTIVE BIND_OP impl=fabric op=mul variable=m122
        ^
/home/hyeon/ironman/IronMan/test/synthetic_case_generation/HLS/case_1/hls_sol_3_directive/hls/.autopilot/db/case_1.pp.0.cc:6987:9: error: Invalid Directive: for current device, mul + fabric is invalid combination for bind_op [clang-diagnostic-error]
#pragma HLSDIRECTIVE BIND_OP impl=fabric op=mul variable=m124
        ^
/home/hyeon/ironman/IronMan/test/synthetic_case_generation/HLS/case_1/hls_sol_3_directive/hls/.autopilot/db/case_1.pp.0.cc:6992:9: error: Invalid Directive: for current device, mul + fabric is invalid combination for bind_op [clang-diagnostic-error]
#pragma HLSDIRECTIVE BIND_OP impl=fabric op=mul variable=m125
        ^
/home/hyeon/ironman/IronMan/test/synthetic_case_generation/HLS/case_1/hls_sol_3_directive/hls/.autopilot/db/case_1.pp.0.cc:6997:9: error: Invalid Directive: for current device, mul + fabric is invalid combination for bind_op [clang-diagnostic-error]
#pragma HLSDIRECTIVE BIND_OP impl=fabric op=mul variable=m126
        ^
/home/hyeon/ironman/IronMan/test/synthetic_case_generation/HLS/case_1/hls_sol_3_directive/hls/.autopilot/db/case_1.pp.0.cc:7004:9: error: Invalid Directive: for current device, mul + fabric is invalid combination for bind_op [clang-diagnostic-error]
#pragma HLSDIRECTIVE BIND_OP impl=fabric op=mul variable=m129
        ^
/home/hyeon/ironman/IronMan/test/synthetic_case_generation/HLS/case_1/hls_sol_3_directive/hls/.autopilot/db/case_1.pp.0.cc:7010:9: error: Invalid Directive: for current device, mul + fabric is invalid combination for bind_op [clang-diagnostic-error]
#pragma HLSDIRECTIVE BIND_OP impl=fabric op=mul variable=m131
        ^
/home/hyeon/ironman/IronMan/test/synthetic_case_generation/HLS/case_1/hls_sol_3_directive/hls/.autopilot/db/case_1.pp.0.cc:7016:9: error: Invalid Directive: for current device, mul + fabric is invalid combination for bind_op [clang-diagnostic-error]
#pragma HLSDIRECTIVE BIND_OP impl=fabric op=mul variable=m133
        ^
/home/hyeon/ironman/IronMan/test/synthetic_case_generation/HLS/case_1/hls_sol_3_directive/hls/.autopilot/db/case_1.pp.0.cc:7021:9: error: Invalid Directive: for current device, mul + fabric is invalid combination for bind_op [clang-diagnostic-error]
#pragma HLSDIRECTIVE BIND_OP impl=fabric op=mul variable=m134
        ^
/home/hyeon/ironman/IronMan/test/synthetic_case_generation/HLS/case_1/hls_sol_3_directive/hls/.autopilot/db/case_1.pp.0.cc:7026:9: error: Invalid Directive: for current device, mul + fabric is invalid combination for bind_op [clang-diagnostic-error]
#pragma HLSDIRECTIVE BIND_OP impl=fabric op=mul variable=m135
        ^
/home/hyeon/ironman/IronMan/test/synthetic_case_generation/HLS/case_1/hls_sol_3_directive/hls/.autopilot/db/case_1.pp.0.cc:7031:9: error: Invalid Directive: for current device, mul + fabric is invalid combination for bind_op [clang-diagnostic-error]
#pragma HLSDIRECTIVE BIND_OP impl=fabric op=mul variable=m136
        ^
/home/hyeon/ironman/IronMan/test/synthetic_case_generation/HLS/case_1/hls_sol_3_directive/hls/.autopilot/db/case_1.pp.0.cc:7036:9: error: Invalid Directive: for current device, mul + fabric is invalid combination for bind_op [clang-diagnostic-error]
#pragma HLSDIRECTIVE BIND_OP impl=fabric op=mul variable=m137
        ^
/home/hyeon/ironman/IronMan/test/synthetic_case_generation/HLS/case_1/hls_sol_3_directive/hls/.autopilot/db/case_1.pp.0.cc:7043:9: error: Invalid Directive: for current device, mul + fabric is invalid combination for bind_op [clang-diagnostic-error]
#pragma HLSDIRECTIVE BIND_OP impl=fabric op=mul variable=m140
        ^
/home/hyeon/ironman/IronMan/test/synthetic_case_generation/HLS/case_1/hls_sol_3_directive/hls/.autopilot/db/case_1.pp.0.cc:7048:9: error: Invalid Directive: for current device, mul + fabric is invalid combination for bind_op [clang-diagnostic-error]
#pragma HLSDIRECTIVE BIND_OP impl=fabric op=mul variable=m141
        ^
/home/hyeon/ironman/IronMan/test/synthetic_case_generation/HLS/case_1/hls_sol_3_directive/hls/.autopilot/db/case_1.pp.0.cc:7053:9: error: Invalid Directive: for current device, mul + fabric is invalid combination for bind_op [clang-diagnostic-error]
#pragma HLSDIRECTIVE BIND_OP impl=fabric op=mul variable=m142
        ^
/home/hyeon/ironman/IronMan/test/synthetic_case_generation/HLS/case_1/hls_sol_3_directive/hls/.autopilot/db/case_1.pp.0.cc:7058:9: error: Invalid Directive: for current device, mul + fabric is invalid combination for bind_op [clang-diagnostic-error]
#pragma HLSDIRECTIVE BIND_OP impl=fabric op=mul variable=m143
        ^
