/home/hyeon/ironman/IronMan/test/synthetic_case_generation/project_tmp/solution_tmp/.autopilot/db/case_4.pp.0.cc:3167:5: warning: Added loop label VITIS_LOOP_676_1:   [xilinx-label-all-loops]
    for (unsigned i = low; i != high+1; ++i) {
    ^~~
    VITIS_LOOP_676_1: 
/home/hyeon/ironman/IronMan/test/synthetic_case_generation/project_tmp/solution_tmp/.autopilot/db/case_4.pp.0.cc:3167:5: note: FIX-IT applied suggested code changes
/home/hyeon/ironman/IronMan/test/synthetic_case_generation/project_tmp/solution_tmp/.autopilot/db/case_4.pp.0.cc:3181:5: warning: Added loop label VITIS_LOOP_690_1:   [xilinx-label-all-loops]
    for (unsigned i = low; i != high+1; ++i) {
    ^~~
    VITIS_LOOP_690_1: 
/home/hyeon/ironman/IronMan/test/synthetic_case_generation/project_tmp/solution_tmp/.autopilot/db/case_4.pp.0.cc:3181:5: note: FIX-IT applied suggested code changes
/home/hyeon/ironman/IronMan/test/synthetic_case_generation/project_tmp/solution_tmp/.autopilot/db/case_4.pp.0.cc:3195:5: warning: Added loop label VITIS_LOOP_704_1:   [xilinx-label-all-loops]
    for (unsigned i = low; i != high+1; ++i) {
    ^~~
    VITIS_LOOP_704_1: 
/home/hyeon/ironman/IronMan/test/synthetic_case_generation/project_tmp/solution_tmp/.autopilot/db/case_4.pp.0.cc:3195:5: note: FIX-IT applied suggested code changes
/home/hyeon/ironman/IronMan/test/synthetic_case_generation/project_tmp/solution_tmp/.autopilot/db/case_4.pp.0.cc:4817:7: warning: Added loop label VITIS_LOOP_1248_1:   [xilinx-label-all-loops]
      for (i = 0; i < __N - 1; ++i) {
      ^~~
      VITIS_LOOP_1248_1: 
/home/hyeon/ironman/IronMan/test/synthetic_case_generation/project_tmp/solution_tmp/.autopilot/db/case_4.pp.0.cc:4817:7: note: FIX-IT applied suggested code changes
