/home/hyeon/ironman/IronMan/test/synthetic_case_generation/project_tmp/solution_tmp/.autopilot/db/case_1.pp.0.cc:3167:5: warning: Added loop label VITIS_LOOP_676_1:   [xilinx-label-all-loops]
    for (unsigned i = low; i != high+1; ++i) {
    ^~~
    VITIS_LOOP_676_1: 
/home/hyeon/ironman/IronMan/test/synthetic_case_generation/project_tmp/solution_tmp/.autopilot/db/case_1.pp.0.cc:3167:5: note: FIX-IT applied suggested code changes
/home/hyeon/ironman/IronMan/test/synthetic_case_generation/project_tmp/solution_tmp/.autopilot/db/case_1.pp.0.cc:3181:5: warning: Added loop label VITIS_LOOP_690_1:   [xilinx-label-all-loops]
    for (unsigned i = low; i != high+1; ++i) {
    ^~~
    VITIS_LOOP_690_1: 
/home/hyeon/ironman/IronMan/test/synthetic_case_generation/project_tmp/solution_tmp/.autopilot/db/case_1.pp.0.cc:3181:5: note: FIX-IT applied suggested code changes
/home/hyeon/ironman/IronMan/test/synthetic_case_generation/project_tmp/solution_tmp/.autopilot/db/case_1.pp.0.cc:3195:5: warning: Added loop label VITIS_LOOP_704_1:   [xilinx-label-all-loops]
    for (unsigned i = low; i != high+1; ++i) {
    ^~~
    VITIS_LOOP_704_1: 
/home/hyeon/ironman/IronMan/test/synthetic_case_generation/project_tmp/solution_tmp/.autopilot/db/case_1.pp.0.cc:3195:5: note: FIX-IT applied suggested code changes
/home/hyeon/ironman/IronMan/test/synthetic_case_generation/project_tmp/solution_tmp/.autopilot/db/case_1.pp.0.cc:4817:7: warning: Added loop label VITIS_LOOP_1248_1:   [xilinx-label-all-loops]
      for (i = 0; i < __N - 1; ++i) {
      ^~~
      VITIS_LOOP_1248_1: 
/home/hyeon/ironman/IronMan/test/synthetic_case_generation/project_tmp/solution_tmp/.autopilot/db/case_1.pp.0.cc:4817:7: note: FIX-IT applied suggested code changes
/home/hyeon/ironman/IronMan/test/synthetic_case_generation/project_tmp/solution_tmp/.autopilot/db/case_1.pp.0.cc:6652:9: error: Invalid Directive: for current device, mul + fabric is invalid combination for bind_op [clang-diagnostic-error]
#pragma HLSDIRECTIVE BIND_OP impl=fabric op=mul variable=m21
        ^
/home/hyeon/ironman/IronMan/test/synthetic_case_generation/project_tmp/solution_tmp/.autopilot/db/case_1.pp.0.cc:6657:9: error: Invalid Directive: for current device, mul + fabric is invalid combination for bind_op [clang-diagnostic-error]
#pragma HLSDIRECTIVE BIND_OP impl=fabric op=mul variable=m22
        ^
/home/hyeon/ironman/IronMan/test/synthetic_case_generation/project_tmp/solution_tmp/.autopilot/db/case_1.pp.0.cc:6662:9: error: Invalid Directive: for current device, mul + fabric is invalid combination for bind_op [clang-diagnostic-error]
#pragma HLSDIRECTIVE BIND_OP impl=fabric op=mul variable=m23
        ^
/home/hyeon/ironman/IronMan/test/synthetic_case_generation/project_tmp/solution_tmp/.autopilot/db/case_1.pp.0.cc:6668:9: error: Invalid Directive: for current device, mul + fabric is invalid combination for bind_op [clang-diagnostic-error]
#pragma HLSDIRECTIVE BIND_OP impl=fabric op=mul variable=m25
        ^
/home/hyeon/ironman/IronMan/test/synthetic_case_generation/project_tmp/solution_tmp/.autopilot/db/case_1.pp.0.cc:6673:9: error: Invalid Directive: for current device, mul + fabric is invalid combination for bind_op [clang-diagnostic-error]
#pragma HLSDIRECTIVE BIND_OP impl=fabric op=mul variable=m26
        ^
/home/hyeon/ironman/IronMan/test/synthetic_case_generation/project_tmp/solution_tmp/.autopilot/db/case_1.pp.0.cc:6678:9: error: Invalid Directive: for current device, mul + fabric is invalid combination for bind_op [clang-diagnostic-error]
#pragma HLSDIRECTIVE BIND_OP impl=fabric op=mul variable=m27
        ^
/home/hyeon/ironman/IronMan/test/synthetic_case_generation/project_tmp/solution_tmp/.autopilot/db/case_1.pp.0.cc:6683:9: error: Invalid Directive: for current device, mul + fabric is invalid combination for bind_op [clang-diagnostic-error]
#pragma HLSDIRECTIVE BIND_OP impl=fabric op=mul variable=m28
        ^
/home/hyeon/ironman/IronMan/test/synthetic_case_generation/project_tmp/solution_tmp/.autopilot/db/case_1.pp.0.cc:6688:9: error: Invalid Directive: for current device, mul + fabric is invalid combination for bind_op [clang-diagnostic-error]
#pragma HLSDIRECTIVE BIND_OP impl=fabric op=mul variable=m29
        ^
/home/hyeon/ironman/IronMan/test/synthetic_case_generation/project_tmp/solution_tmp/.autopilot/db/case_1.pp.0.cc:6693:9: error: Invalid Directive: for current device, mul + fabric is invalid combination for bind_op [clang-diagnostic-error]
#pragma HLSDIRECTIVE BIND_OP impl=fabric op=mul variable=m30
        ^
/home/hyeon/ironman/IronMan/test/synthetic_case_generation/project_tmp/solution_tmp/.autopilot/db/case_1.pp.0.cc:6698:9: error: Invalid Directive: for current device, mul + fabric is invalid combination for bind_op [clang-diagnostic-error]
#pragma HLSDIRECTIVE BIND_OP impl=fabric op=mul variable=m31
        ^
/home/hyeon/ironman/IronMan/test/synthetic_case_generation/project_tmp/solution_tmp/.autopilot/db/case_1.pp.0.cc:6703:9: error: Invalid Directive: for current device, mul + fabric is invalid combination for bind_op [clang-diagnostic-error]
#pragma HLSDIRECTIVE BIND_OP impl=fabric op=mul variable=m32
        ^
/home/hyeon/ironman/IronMan/test/synthetic_case_generation/project_tmp/solution_tmp/.autopilot/db/case_1.pp.0.cc:6709:9: error: Invalid Directive: for current device, mul + fabric is invalid combination for bind_op [clang-diagnostic-error]
#pragma HLSDIRECTIVE BIND_OP impl=fabric op=mul variable=m34
        ^
/home/hyeon/ironman/IronMan/test/synthetic_case_generation/project_tmp/solution_tmp/.autopilot/db/case_1.pp.0.cc:6714:9: error: Invalid Directive: for current device, mul + fabric is invalid combination for bind_op [clang-diagnostic-error]
#pragma HLSDIRECTIVE BIND_OP impl=fabric op=mul variable=m35
        ^
/home/hyeon/ironman/IronMan/test/synthetic_case_generation/project_tmp/solution_tmp/.autopilot/db/case_1.pp.0.cc:6719:9: error: Invalid Directive: for current device, mul + fabric is invalid combination for bind_op [clang-diagnostic-error]
#pragma HLSDIRECTIVE BIND_OP impl=fabric op=mul variable=m36
        ^
/home/hyeon/ironman/IronMan/test/synthetic_case_generation/project_tmp/solution_tmp/.autopilot/db/case_1.pp.0.cc:6724:9: error: Invalid Directive: for current device, mul + fabric is invalid combination for bind_op [clang-diagnostic-error]
#pragma HLSDIRECTIVE BIND_OP impl=fabric op=mul variable=m37
        ^
/home/hyeon/ironman/IronMan/test/synthetic_case_generation/project_tmp/solution_tmp/.autopilot/db/case_1.pp.0.cc:6731:9: error: Invalid Directive: for current device, mul + fabric is invalid combination for bind_op [clang-diagnostic-error]
#pragma HLSDIRECTIVE BIND_OP impl=fabric op=mul variable=m40
        ^
/home/hyeon/ironman/IronMan/test/synthetic_case_generation/project_tmp/solution_tmp/.autopilot/db/case_1.pp.0.cc:6736:9: error: Invalid Directive: for current device, mul + fabric is invalid combination for bind_op [clang-diagnostic-error]
#pragma HLSDIRECTIVE BIND_OP impl=fabric op=mul variable=m41
        ^
/home/hyeon/ironman/IronMan/test/synthetic_case_generation/project_tmp/solution_tmp/.autopilot/db/case_1.pp.0.cc:6742:9: error: Invalid Directive: for current device, mul + fabric is invalid combination for bind_op [clang-diagnostic-error]
#pragma HLSDIRECTIVE BIND_OP impl=fabric op=mul variable=m43
        ^
/home/hyeon/ironman/IronMan/test/synthetic_case_generation/project_tmp/solution_tmp/.autopilot/db/case_1.pp.0.cc:6747:9: error: Invalid Directive: for current device, mul + fabric is invalid combination for bind_op [clang-diagnostic-error]
#pragma HLSDIRECTIVE BIND_OP impl=fabric op=mul variable=m44
        ^
/home/hyeon/ironman/IronMan/test/synthetic_case_generation/project_tmp/solution_tmp/.autopilot/db/case_1.pp.0.cc:6755:9: error: Invalid Directive: for current device, mul + fabric is invalid combination for bind_op [clang-diagnostic-error]
#pragma HLSDIRECTIVE BIND_OP impl=fabric op=mul variable=m48
        ^
/home/hyeon/ironman/IronMan/test/synthetic_case_generation/project_tmp/solution_tmp/.autopilot/db/case_1.pp.0.cc:6760:9: error: Invalid Directive: for current device, mul + fabric is invalid combination for bind_op [clang-diagnostic-error]
#pragma HLSDIRECTIVE BIND_OP impl=fabric op=mul variable=m49
        ^
/home/hyeon/ironman/IronMan/test/synthetic_case_generation/project_tmp/solution_tmp/.autopilot/db/case_1.pp.0.cc:6766:9: error: Invalid Directive: for current device, mul + fabric is invalid combination for bind_op [clang-diagnostic-error]
#pragma HLSDIRECTIVE BIND_OP impl=fabric op=mul variable=m51
        ^
/home/hyeon/ironman/IronMan/test/synthetic_case_generation/project_tmp/solution_tmp/.autopilot/db/case_1.pp.0.cc:6771:9: error: Invalid Directive: for current device, mul + fabric is invalid combination for bind_op [clang-diagnostic-error]
#pragma HLSDIRECTIVE BIND_OP impl=fabric op=mul variable=m52
        ^
/home/hyeon/ironman/IronMan/test/synthetic_case_generation/project_tmp/solution_tmp/.autopilot/db/case_1.pp.0.cc:6776:9: error: Invalid Directive: for current device, mul + fabric is invalid combination for bind_op [clang-diagnostic-error]
#pragma HLSDIRECTIVE BIND_OP impl=fabric op=mul variable=m53
        ^
/home/hyeon/ironman/IronMan/test/synthetic_case_generation/project_tmp/solution_tmp/.autopilot/db/case_1.pp.0.cc:6782:9: error: Invalid Directive: for current device, mul + fabric is invalid combination for bind_op [clang-diagnostic-error]
#pragma HLSDIRECTIVE BIND_OP impl=fabric op=mul variable=m55
        ^
/home/hyeon/ironman/IronMan/test/synthetic_case_generation/project_tmp/solution_tmp/.autopilot/db/case_1.pp.0.cc:6788:9: error: Invalid Directive: for current device, mul + fabric is invalid combination for bind_op [clang-diagnostic-error]
#pragma HLSDIRECTIVE BIND_OP impl=fabric op=mul variable=m57
        ^
/home/hyeon/ironman/IronMan/test/synthetic_case_generation/project_tmp/solution_tmp/.autopilot/db/case_1.pp.0.cc:6793:9: error: Invalid Directive: for current device, mul + fabric is invalid combination for bind_op [clang-diagnostic-error]
#pragma HLSDIRECTIVE BIND_OP impl=fabric op=mul variable=m58
        ^
/home/hyeon/ironman/IronMan/test/synthetic_case_generation/project_tmp/solution_tmp/.autopilot/db/case_1.pp.0.cc:6798:9: error: Invalid Directive: for current device, mul + fabric is invalid combination for bind_op [clang-diagnostic-error]
#pragma HLSDIRECTIVE BIND_OP impl=fabric op=mul variable=m59
        ^
/home/hyeon/ironman/IronMan/test/synthetic_case_generation/project_tmp/solution_tmp/.autopilot/db/case_1.pp.0.cc:6805:9: error: Invalid Directive: for current device, mul + fabric is invalid combination for bind_op [clang-diagnostic-error]
#pragma HLSDIRECTIVE BIND_OP impl=fabric op=mul variable=m62
        ^
/home/hyeon/ironman/IronMan/test/synthetic_case_generation/project_tmp/solution_tmp/.autopilot/db/case_1.pp.0.cc:6811:9: error: Invalid Directive: for current device, mul + fabric is invalid combination for bind_op [clang-diagnostic-error]
#pragma HLSDIRECTIVE BIND_OP impl=fabric op=mul variable=m64
        ^
/home/hyeon/ironman/IronMan/test/synthetic_case_generation/project_tmp/solution_tmp/.autopilot/db/case_1.pp.0.cc:6817:9: error: Invalid Directive: for current device, mul + fabric is invalid combination for bind_op [clang-diagnostic-error]
#pragma HLSDIRECTIVE BIND_OP impl=fabric op=mul variable=m66
        ^
/home/hyeon/ironman/IronMan/test/synthetic_case_generation/project_tmp/solution_tmp/.autopilot/db/case_1.pp.0.cc:6822:9: error: Invalid Directive: for current device, mul + fabric is invalid combination for bind_op [clang-diagnostic-error]
#pragma HLSDIRECTIVE BIND_OP impl=fabric op=mul variable=m67
        ^
/home/hyeon/ironman/IronMan/test/synthetic_case_generation/project_tmp/solution_tmp/.autopilot/db/case_1.pp.0.cc:6827:9: error: Invalid Directive: for current device, mul + fabric is invalid combination for bind_op [clang-diagnostic-error]
#pragma HLSDIRECTIVE BIND_OP impl=fabric op=mul variable=m68
        ^
/home/hyeon/ironman/IronMan/test/synthetic_case_generation/project_tmp/solution_tmp/.autopilot/db/case_1.pp.0.cc:6832:9: error: Invalid Directive: for current device, mul + fabric is invalid combination for bind_op [clang-diagnostic-error]
#pragma HLSDIRECTIVE BIND_OP impl=fabric op=mul variable=m69
        ^
/home/hyeon/ironman/IronMan/test/synthetic_case_generation/project_tmp/solution_tmp/.autopilot/db/case_1.pp.0.cc:6837:9: error: Invalid Directive: for current device, mul + fabric is invalid combination for bind_op [clang-diagnostic-error]
#pragma HLSDIRECTIVE BIND_OP impl=fabric op=mul variable=m70
        ^
/home/hyeon/ironman/IronMan/test/synthetic_case_generation/project_tmp/solution_tmp/.autopilot/db/case_1.pp.0.cc:6842:9: error: Invalid Directive: for current device, mul + fabric is invalid combination for bind_op [clang-diagnostic-error]
#pragma HLSDIRECTIVE BIND_OP impl=fabric op=mul variable=m71
        ^
/home/hyeon/ironman/IronMan/test/synthetic_case_generation/project_tmp/solution_tmp/.autopilot/db/case_1.pp.0.cc:6847:9: error: Invalid Directive: for current device, mul + fabric is invalid combination for bind_op [clang-diagnostic-error]
#pragma HLSDIRECTIVE BIND_OP impl=fabric op=mul variable=m72
        ^
/home/hyeon/ironman/IronMan/test/synthetic_case_generation/project_tmp/solution_tmp/.autopilot/db/case_1.pp.0.cc:6854:9: error: Invalid Directive: for current device, mul + fabric is invalid combination for bind_op [clang-diagnostic-error]
#pragma HLSDIRECTIVE BIND_OP impl=fabric op=mul variable=m75
        ^
/home/hyeon/ironman/IronMan/test/synthetic_case_generation/project_tmp/solution_tmp/.autopilot/db/case_1.pp.0.cc:6859:9: error: Invalid Directive: for current device, mul + fabric is invalid combination for bind_op [clang-diagnostic-error]
#pragma HLSDIRECTIVE BIND_OP impl=fabric op=mul variable=m76
        ^
/home/hyeon/ironman/IronMan/test/synthetic_case_generation/project_tmp/solution_tmp/.autopilot/db/case_1.pp.0.cc:6864:9: error: Invalid Directive: for current device, mul + fabric is invalid combination for bind_op [clang-diagnostic-error]
#pragma HLSDIRECTIVE BIND_OP impl=fabric op=mul variable=m77
        ^
/home/hyeon/ironman/IronMan/test/synthetic_case_generation/project_tmp/solution_tmp/.autopilot/db/case_1.pp.0.cc:6869:9: error: Invalid Directive: for current device, mul + fabric is invalid combination for bind_op [clang-diagnostic-error]
#pragma HLSDIRECTIVE BIND_OP impl=fabric op=mul variable=m78
        ^
/home/hyeon/ironman/IronMan/test/synthetic_case_generation/project_tmp/solution_tmp/.autopilot/db/case_1.pp.0.cc:6874:9: error: Invalid Directive: for current device, mul + fabric is invalid combination for bind_op [clang-diagnostic-error]
#pragma HLSDIRECTIVE BIND_OP impl=fabric op=mul variable=m79
        ^
/home/hyeon/ironman/IronMan/test/synthetic_case_generation/project_tmp/solution_tmp/.autopilot/db/case_1.pp.0.cc:6879:9: error: Invalid Directive: for current device, mul + fabric is invalid combination for bind_op [clang-diagnostic-error]
#pragma HLSDIRECTIVE BIND_OP impl=fabric op=mul variable=m80
        ^
/home/hyeon/ironman/IronMan/test/synthetic_case_generation/project_tmp/solution_tmp/.autopilot/db/case_1.pp.0.cc:6886:9: error: Invalid Directive: for current device, mul + fabric is invalid combination for bind_op [clang-diagnostic-error]
#pragma HLSDIRECTIVE BIND_OP impl=fabric op=mul variable=m83
        ^
/home/hyeon/ironman/IronMan/test/synthetic_case_generation/project_tmp/solution_tmp/.autopilot/db/case_1.pp.0.cc:6891:9: error: Invalid Directive: for current device, mul + fabric is invalid combination for bind_op [clang-diagnostic-error]
#pragma HLSDIRECTIVE BIND_OP impl=fabric op=mul variable=m84
        ^
/home/hyeon/ironman/IronMan/test/synthetic_case_generation/project_tmp/solution_tmp/.autopilot/db/case_1.pp.0.cc:6899:9: error: Invalid Directive: for current device, mul + fabric is invalid combination for bind_op [clang-diagnostic-error]
#pragma HLSDIRECTIVE BIND_OP impl=fabric op=mul variable=m88
        ^
/home/hyeon/ironman/IronMan/test/synthetic_case_generation/project_tmp/solution_tmp/.autopilot/db/case_1.pp.0.cc:6904:9: error: Invalid Directive: for current device, mul + fabric is invalid combination for bind_op [clang-diagnostic-error]
#pragma HLSDIRECTIVE BIND_OP impl=fabric op=mul variable=m89
        ^
/home/hyeon/ironman/IronMan/test/synthetic_case_generation/project_tmp/solution_tmp/.autopilot/db/case_1.pp.0.cc:6909:9: error: Invalid Directive: for current device, mul + fabric is invalid combination for bind_op [clang-diagnostic-error]
#pragma HLSDIRECTIVE BIND_OP impl=fabric op=mul variable=m90
        ^
/home/hyeon/ironman/IronMan/test/synthetic_case_generation/project_tmp/solution_tmp/.autopilot/db/case_1.pp.0.cc:6916:9: error: Invalid Directive: for current device, mul + fabric is invalid combination for bind_op [clang-diagnostic-error]
#pragma HLSDIRECTIVE BIND_OP impl=fabric op=mul variable=m93
        ^
/home/hyeon/ironman/IronMan/test/synthetic_case_generation/project_tmp/solution_tmp/.autopilot/db/case_1.pp.0.cc:6922:9: error: Invalid Directive: for current device, mul + fabric is invalid combination for bind_op [clang-diagnostic-error]
#pragma HLSDIRECTIVE BIND_OP impl=fabric op=mul variable=m95
        ^
/home/hyeon/ironman/IronMan/test/synthetic_case_generation/project_tmp/solution_tmp/.autopilot/db/case_1.pp.0.cc:6931:9: error: Invalid Directive: for current device, mul + fabric is invalid combination for bind_op [clang-diagnostic-error]
#pragma HLSDIRECTIVE BIND_OP impl=fabric op=mul variable=m100
        ^
/home/hyeon/ironman/IronMan/test/synthetic_case_generation/project_tmp/solution_tmp/.autopilot/db/case_1.pp.0.cc:6936:9: error: Invalid Directive: for current device, mul + fabric is invalid combination for bind_op [clang-diagnostic-error]
#pragma HLSDIRECTIVE BIND_OP impl=fabric op=mul variable=m101
        ^
/home/hyeon/ironman/IronMan/test/synthetic_case_generation/project_tmp/solution_tmp/.autopilot/db/case_1.pp.0.cc:6941:9: error: Invalid Directive: for current device, mul + fabric is invalid combination for bind_op [clang-diagnostic-error]
#pragma HLSDIRECTIVE BIND_OP impl=fabric op=mul variable=m102
        ^
/home/hyeon/ironman/IronMan/test/synthetic_case_generation/project_tmp/solution_tmp/.autopilot/db/case_1.pp.0.cc:6946:9: error: Invalid Directive: for current device, mul + fabric is invalid combination for bind_op [clang-diagnostic-error]
#pragma HLSDIRECTIVE BIND_OP impl=fabric op=mul variable=m103
        ^
/home/hyeon/ironman/IronMan/test/synthetic_case_generation/project_tmp/solution_tmp/.autopilot/db/case_1.pp.0.cc:6951:9: error: Invalid Directive: for current device, mul + fabric is invalid combination for bind_op [clang-diagnostic-error]
#pragma HLSDIRECTIVE BIND_OP impl=fabric op=mul variable=m104
        ^
/home/hyeon/ironman/IronMan/test/synthetic_case_generation/project_tmp/solution_tmp/.autopilot/db/case_1.pp.0.cc:6956:9: error: Invalid Directive: for current device, mul + fabric is invalid combination for bind_op [clang-diagnostic-error]
#pragma HLSDIRECTIVE BIND_OP impl=fabric op=mul variable=m105
        ^
/home/hyeon/ironman/IronMan/test/synthetic_case_generation/project_tmp/solution_tmp/.autopilot/db/case_1.pp.0.cc:6963:9: error: Invalid Directive: for current device, mul + fabric is invalid combination for bind_op [clang-diagnostic-error]
#pragma HLSDIRECTIVE BIND_OP impl=fabric op=mul variable=m108
        ^
/home/hyeon/ironman/IronMan/test/synthetic_case_generation/project_tmp/solution_tmp/.autopilot/db/case_1.pp.0.cc:6969:9: error: Invalid Directive: for current device, mul + fabric is invalid combination for bind_op [clang-diagnostic-error]
#pragma HLSDIRECTIVE BIND_OP impl=fabric op=mul variable=m110
        ^
/home/hyeon/ironman/IronMan/test/synthetic_case_generation/project_tmp/solution_tmp/.autopilot/db/case_1.pp.0.cc:6974:9: error: Invalid Directive: for current device, mul + fabric is invalid combination for bind_op [clang-diagnostic-error]
#pragma HLSDIRECTIVE BIND_OP impl=fabric op=mul variable=m111
        ^
/home/hyeon/ironman/IronMan/test/synthetic_case_generation/project_tmp/solution_tmp/.autopilot/db/case_1.pp.0.cc:6979:9: error: Invalid Directive: for current device, mul + fabric is invalid combination for bind_op [clang-diagnostic-error]
#pragma HLSDIRECTIVE BIND_OP impl=fabric op=mul variable=m112
        ^
/home/hyeon/ironman/IronMan/test/synthetic_case_generation/project_tmp/solution_tmp/.autopilot/db/case_1.pp.0.cc:6985:9: error: Invalid Directive: for current device, mul + fabric is invalid combination for bind_op [clang-diagnostic-error]
#pragma HLSDIRECTIVE BIND_OP impl=fabric op=mul variable=m114
        ^
/home/hyeon/ironman/IronMan/test/synthetic_case_generation/project_tmp/solution_tmp/.autopilot/db/case_1.pp.0.cc:6992:9: error: Invalid Directive: for current device, mul + fabric is invalid combination for bind_op [clang-diagnostic-error]
#pragma HLSDIRECTIVE BIND_OP impl=fabric op=mul variable=m117
        ^
/home/hyeon/ironman/IronMan/test/synthetic_case_generation/project_tmp/solution_tmp/.autopilot/db/case_1.pp.0.cc:6998:9: error: Invalid Directive: for current device, mul + fabric is invalid combination for bind_op [clang-diagnostic-error]
#pragma HLSDIRECTIVE BIND_OP impl=fabric op=mul variable=m119
        ^
/home/hyeon/ironman/IronMan/test/synthetic_case_generation/project_tmp/solution_tmp/.autopilot/db/case_1.pp.0.cc:7003:9: error: Invalid Directive: for current device, mul + fabric is invalid combination for bind_op [clang-diagnostic-error]
#pragma HLSDIRECTIVE BIND_OP impl=fabric op=mul variable=m120
        ^
/home/hyeon/ironman/IronMan/test/synthetic_case_generation/project_tmp/solution_tmp/.autopilot/db/case_1.pp.0.cc:7008:9: error: Invalid Directive: for current device, mul + fabric is invalid combination for bind_op [clang-diagnostic-error]
#pragma HLSDIRECTIVE BIND_OP impl=fabric op=mul variable=m121
        ^
/home/hyeon/ironman/IronMan/test/synthetic_case_generation/project_tmp/solution_tmp/.autopilot/db/case_1.pp.0.cc:7013:9: error: Invalid Directive: for current device, mul + fabric is invalid combination for bind_op [clang-diagnostic-error]
#pragma HLSDIRECTIVE BIND_OP impl=fabric op=mul variable=m122
        ^
/home/hyeon/ironman/IronMan/test/synthetic_case_generation/project_tmp/solution_tmp/.autopilot/db/case_1.pp.0.cc:7018:9: error: Invalid Directive: for current device, mul + fabric is invalid combination for bind_op [clang-diagnostic-error]
#pragma HLSDIRECTIVE BIND_OP impl=fabric op=mul variable=m123
        ^
/home/hyeon/ironman/IronMan/test/synthetic_case_generation/project_tmp/solution_tmp/.autopilot/db/case_1.pp.0.cc:7023:9: error: Invalid Directive: for current device, mul + fabric is invalid combination for bind_op [clang-diagnostic-error]
#pragma HLSDIRECTIVE BIND_OP impl=fabric op=mul variable=m124
        ^
/home/hyeon/ironman/IronMan/test/synthetic_case_generation/project_tmp/solution_tmp/.autopilot/db/case_1.pp.0.cc:7028:9: error: Invalid Directive: for current device, mul + fabric is invalid combination for bind_op [clang-diagnostic-error]
#pragma HLSDIRECTIVE BIND_OP impl=fabric op=mul variable=m125
        ^
/home/hyeon/ironman/IronMan/test/synthetic_case_generation/project_tmp/solution_tmp/.autopilot/db/case_1.pp.0.cc:7033:9: error: Invalid Directive: for current device, mul + fabric is invalid combination for bind_op [clang-diagnostic-error]
#pragma HLSDIRECTIVE BIND_OP impl=fabric op=mul variable=m126
        ^
/home/hyeon/ironman/IronMan/test/synthetic_case_generation/project_tmp/solution_tmp/.autopilot/db/case_1.pp.0.cc:7038:9: error: Invalid Directive: for current device, mul + fabric is invalid combination for bind_op [clang-diagnostic-error]
#pragma HLSDIRECTIVE BIND_OP impl=fabric op=mul variable=m127
        ^
/home/hyeon/ironman/IronMan/test/synthetic_case_generation/project_tmp/solution_tmp/.autopilot/db/case_1.pp.0.cc:7043:9: error: Invalid Directive: for current device, mul + fabric is invalid combination for bind_op [clang-diagnostic-error]
#pragma HLSDIRECTIVE BIND_OP impl=fabric op=mul variable=m128
        ^
/home/hyeon/ironman/IronMan/test/synthetic_case_generation/project_tmp/solution_tmp/.autopilot/db/case_1.pp.0.cc:7048:9: error: Invalid Directive: for current device, mul + fabric is invalid combination for bind_op [clang-diagnostic-error]
#pragma HLSDIRECTIVE BIND_OP impl=fabric op=mul variable=m129
        ^
/home/hyeon/ironman/IronMan/test/synthetic_case_generation/project_tmp/solution_tmp/.autopilot/db/case_1.pp.0.cc:7055:9: error: Invalid Directive: for current device, mul + fabric is invalid combination for bind_op [clang-diagnostic-error]
#pragma HLSDIRECTIVE BIND_OP impl=fabric op=mul variable=m132
        ^
/home/hyeon/ironman/IronMan/test/synthetic_case_generation/project_tmp/solution_tmp/.autopilot/db/case_1.pp.0.cc:7061:9: error: Invalid Directive: for current device, mul + fabric is invalid combination for bind_op [clang-diagnostic-error]
#pragma HLSDIRECTIVE BIND_OP impl=fabric op=mul variable=m134
        ^
/home/hyeon/ironman/IronMan/test/synthetic_case_generation/project_tmp/solution_tmp/.autopilot/db/case_1.pp.0.cc:7067:9: error: Invalid Directive: for current device, mul + fabric is invalid combination for bind_op [clang-diagnostic-error]
#pragma HLSDIRECTIVE BIND_OP impl=fabric op=mul variable=m136
        ^
/home/hyeon/ironman/IronMan/test/synthetic_case_generation/project_tmp/solution_tmp/.autopilot/db/case_1.pp.0.cc:7072:9: error: Invalid Directive: for current device, mul + fabric is invalid combination for bind_op [clang-diagnostic-error]
#pragma HLSDIRECTIVE BIND_OP impl=fabric op=mul variable=m137
        ^
/home/hyeon/ironman/IronMan/test/synthetic_case_generation/project_tmp/solution_tmp/.autopilot/db/case_1.pp.0.cc:7078:9: error: Invalid Directive: for current device, mul + fabric is invalid combination for bind_op [clang-diagnostic-error]
#pragma HLSDIRECTIVE BIND_OP impl=fabric op=mul variable=m139
        ^
/home/hyeon/ironman/IronMan/test/synthetic_case_generation/project_tmp/solution_tmp/.autopilot/db/case_1.pp.0.cc:7083:9: error: Invalid Directive: for current device, mul + fabric is invalid combination for bind_op [clang-diagnostic-error]
#pragma HLSDIRECTIVE BIND_OP impl=fabric op=mul variable=m140
        ^
/home/hyeon/ironman/IronMan/test/synthetic_case_generation/project_tmp/solution_tmp/.autopilot/db/case_1.pp.0.cc:7088:9: error: Invalid Directive: for current device, mul + fabric is invalid combination for bind_op [clang-diagnostic-error]
#pragma HLSDIRECTIVE BIND_OP impl=fabric op=mul variable=m141
        ^
/home/hyeon/ironman/IronMan/test/synthetic_case_generation/project_tmp/solution_tmp/.autopilot/db/case_1.pp.0.cc:7093:9: error: Invalid Directive: for current device, mul + fabric is invalid combination for bind_op [clang-diagnostic-error]
#pragma HLSDIRECTIVE BIND_OP impl=fabric op=mul variable=m142
        ^
