/home/hyeon/ironman/IronMan/test/synthetic_case_generation/script_tmp.tcl:10:9: warning: HLS pragma dump _XLX_SEP_ PragmaIsValid=1_XLX_SEP_ PragmaType=top_XLX_SEP_ PragmaContext=directive_XLX_SEP_ PragmaFunction=case_1_XLX_SEP_ PragmaOptions=name=case_1_XLX_SEP_ [-Wdump-hls-pragmas]
#pragma HLSDIRECTIVE TOP name=case_1
        ^
HLS/case_1/case_1.cc:12:9: warning: HLS pragma dump _XLX_SEP_ PragmaIsValid=1_XLX_SEP_ PragmaType=array_partition_XLX_SEP_ PragmaContext=_XLX_SEP_ PragmaFunction=case_1_XLX_SEP_ PragmaOptions=variable=in_data complete_XLX_SEP_ [-Wdump-hls-pragmas]
#pragma HLS array_partition variable=in_data complete
        ^
HLS/case_1/case_1.cc:13:9: warning: HLS pragma dump _XLX_SEP_ PragmaIsValid=1_XLX_SEP_ PragmaType=array_partition_XLX_SEP_ PragmaContext=_XLX_SEP_ PragmaFunction=case_1_XLX_SEP_ PragmaOptions=variable=out_data complete_XLX_SEP_ [-Wdump-hls-pragmas]
#pragma HLS array_partition variable=out_data complete
        ^
/home/hyeon/ironman/IronMan/test/synthetic_case_generation/directive_tmp.tcl:3:9: warning: HLS pragma dump _XLX_SEP_ PragmaIsValid=1_XLX_SEP_ PragmaType=bind_op_XLX_SEP_ PragmaContext=directive_XLX_SEP_ PragmaFunction=case_1_XLX_SEP_ PragmaOptions=impl=fabric op=mul variable=m21_XLX_SEP_ [-Wdump-hls-pragmas]
#pragma HLSDIRECTIVE BIND_OP impl=fabric op=mul variable=m21
        ^
/home/hyeon/ironman/IronMan/test/synthetic_case_generation/directive_tmp.tcl:4:9: warning: HLS pragma dump _XLX_SEP_ PragmaIsValid=1_XLX_SEP_ PragmaType=bind_op_XLX_SEP_ PragmaContext=directive_XLX_SEP_ PragmaFunction=case_1_XLX_SEP_ PragmaOptions=impl=fabric op=mul variable=m22_XLX_SEP_ [-Wdump-hls-pragmas]
#pragma HLSDIRECTIVE BIND_OP impl=fabric op=mul variable=m22
        ^
/home/hyeon/ironman/IronMan/test/synthetic_case_generation/directive_tmp.tcl:5:9: warning: HLS pragma dump _XLX_SEP_ PragmaIsValid=1_XLX_SEP_ PragmaType=bind_op_XLX_SEP_ PragmaContext=directive_XLX_SEP_ PragmaFunction=case_1_XLX_SEP_ PragmaOptions=impl=fabric op=mul variable=m23_XLX_SEP_ [-Wdump-hls-pragmas]
#pragma HLSDIRECTIVE BIND_OP impl=fabric op=mul variable=m23
        ^
/home/hyeon/ironman/IronMan/test/synthetic_case_generation/directive_tmp.tcl:7:9: warning: HLS pragma dump _XLX_SEP_ PragmaIsValid=1_XLX_SEP_ PragmaType=bind_op_XLX_SEP_ PragmaContext=directive_XLX_SEP_ PragmaFunction=case_1_XLX_SEP_ PragmaOptions=impl=fabric op=mul variable=m25_XLX_SEP_ [-Wdump-hls-pragmas]
#pragma HLSDIRECTIVE BIND_OP impl=fabric op=mul variable=m25
        ^
/home/hyeon/ironman/IronMan/test/synthetic_case_generation/directive_tmp.tcl:8:9: warning: HLS pragma dump _XLX_SEP_ PragmaIsValid=1_XLX_SEP_ PragmaType=bind_op_XLX_SEP_ PragmaContext=directive_XLX_SEP_ PragmaFunction=case_1_XLX_SEP_ PragmaOptions=impl=fabric op=mul variable=m26_XLX_SEP_ [-Wdump-hls-pragmas]
#pragma HLSDIRECTIVE BIND_OP impl=fabric op=mul variable=m26
        ^
/home/hyeon/ironman/IronMan/test/synthetic_case_generation/directive_tmp.tcl:9:9: warning: HLS pragma dump _XLX_SEP_ PragmaIsValid=1_XLX_SEP_ PragmaType=bind_op_XLX_SEP_ PragmaContext=directive_XLX_SEP_ PragmaFunction=case_1_XLX_SEP_ PragmaOptions=impl=fabric op=mul variable=m27_XLX_SEP_ [-Wdump-hls-pragmas]
#pragma HLSDIRECTIVE BIND_OP impl=fabric op=mul variable=m27
        ^
/home/hyeon/ironman/IronMan/test/synthetic_case_generation/directive_tmp.tcl:10:9: warning: HLS pragma dump _XLX_SEP_ PragmaIsValid=1_XLX_SEP_ PragmaType=bind_op_XLX_SEP_ PragmaContext=directive_XLX_SEP_ PragmaFunction=case_1_XLX_SEP_ PragmaOptions=impl=fabric op=mul variable=m28_XLX_SEP_ [-Wdump-hls-pragmas]
#pragma HLSDIRECTIVE BIND_OP impl=fabric op=mul variable=m28
        ^
/home/hyeon/ironman/IronMan/test/synthetic_case_generation/directive_tmp.tcl:11:9: warning: HLS pragma dump _XLX_SEP_ PragmaIsValid=1_XLX_SEP_ PragmaType=bind_op_XLX_SEP_ PragmaContext=directive_XLX_SEP_ PragmaFunction=case_1_XLX_SEP_ PragmaOptions=impl=fabric op=mul variable=m29_XLX_SEP_ [-Wdump-hls-pragmas]
#pragma HLSDIRECTIVE BIND_OP impl=fabric op=mul variable=m29
        ^
/home/hyeon/ironman/IronMan/test/synthetic_case_generation/directive_tmp.tcl:12:9: warning: HLS pragma dump _XLX_SEP_ PragmaIsValid=1_XLX_SEP_ PragmaType=bind_op_XLX_SEP_ PragmaContext=directive_XLX_SEP_ PragmaFunction=case_1_XLX_SEP_ PragmaOptions=impl=fabric op=mul variable=m30_XLX_SEP_ [-Wdump-hls-pragmas]
#pragma HLSDIRECTIVE BIND_OP impl=fabric op=mul variable=m30
        ^
/home/hyeon/ironman/IronMan/test/synthetic_case_generation/directive_tmp.tcl:13:9: warning: HLS pragma dump _XLX_SEP_ PragmaIsValid=1_XLX_SEP_ PragmaType=bind_op_XLX_SEP_ PragmaContext=directive_XLX_SEP_ PragmaFunction=case_1_XLX_SEP_ PragmaOptions=impl=fabric op=mul variable=m31_XLX_SEP_ [-Wdump-hls-pragmas]
#pragma HLSDIRECTIVE BIND_OP impl=fabric op=mul variable=m31
        ^
/home/hyeon/ironman/IronMan/test/synthetic_case_generation/directive_tmp.tcl:14:9: warning: HLS pragma dump _XLX_SEP_ PragmaIsValid=1_XLX_SEP_ PragmaType=bind_op_XLX_SEP_ PragmaContext=directive_XLX_SEP_ PragmaFunction=case_1_XLX_SEP_ PragmaOptions=impl=fabric op=mul variable=m32_XLX_SEP_ [-Wdump-hls-pragmas]
#pragma HLSDIRECTIVE BIND_OP impl=fabric op=mul variable=m32
        ^
/home/hyeon/ironman/IronMan/test/synthetic_case_generation/directive_tmp.tcl:16:9: warning: HLS pragma dump _XLX_SEP_ PragmaIsValid=1_XLX_SEP_ PragmaType=bind_op_XLX_SEP_ PragmaContext=directive_XLX_SEP_ PragmaFunction=case_1_XLX_SEP_ PragmaOptions=impl=fabric op=mul variable=m34_XLX_SEP_ [-Wdump-hls-pragmas]
#pragma HLSDIRECTIVE BIND_OP impl=fabric op=mul variable=m34
        ^
/home/hyeon/ironman/IronMan/test/synthetic_case_generation/directive_tmp.tcl:17:9: warning: HLS pragma dump _XLX_SEP_ PragmaIsValid=1_XLX_SEP_ PragmaType=bind_op_XLX_SEP_ PragmaContext=directive_XLX_SEP_ PragmaFunction=case_1_XLX_SEP_ PragmaOptions=impl=fabric op=mul variable=m35_XLX_SEP_ [-Wdump-hls-pragmas]
#pragma HLSDIRECTIVE BIND_OP impl=fabric op=mul variable=m35
        ^
/home/hyeon/ironman/IronMan/test/synthetic_case_generation/directive_tmp.tcl:18:9: warning: HLS pragma dump _XLX_SEP_ PragmaIsValid=1_XLX_SEP_ PragmaType=bind_op_XLX_SEP_ PragmaContext=directive_XLX_SEP_ PragmaFunction=case_1_XLX_SEP_ PragmaOptions=impl=fabric op=mul variable=m36_XLX_SEP_ [-Wdump-hls-pragmas]
#pragma HLSDIRECTIVE BIND_OP impl=fabric op=mul variable=m36
        ^
/home/hyeon/ironman/IronMan/test/synthetic_case_generation/directive_tmp.tcl:19:9: warning: HLS pragma dump _XLX_SEP_ PragmaIsValid=1_XLX_SEP_ PragmaType=bind_op_XLX_SEP_ PragmaContext=directive_XLX_SEP_ PragmaFunction=case_1_XLX_SEP_ PragmaOptions=impl=fabric op=mul variable=m37_XLX_SEP_ [-Wdump-hls-pragmas]
#pragma HLSDIRECTIVE BIND_OP impl=fabric op=mul variable=m37
        ^
/home/hyeon/ironman/IronMan/test/synthetic_case_generation/directive_tmp.tcl:22:9: warning: HLS pragma dump _XLX_SEP_ PragmaIsValid=1_XLX_SEP_ PragmaType=bind_op_XLX_SEP_ PragmaContext=directive_XLX_SEP_ PragmaFunction=case_1_XLX_SEP_ PragmaOptions=impl=fabric op=mul variable=m40_XLX_SEP_ [-Wdump-hls-pragmas]
#pragma HLSDIRECTIVE BIND_OP impl=fabric op=mul variable=m40
        ^
/home/hyeon/ironman/IronMan/test/synthetic_case_generation/directive_tmp.tcl:23:9: warning: HLS pragma dump _XLX_SEP_ PragmaIsValid=1_XLX_SEP_ PragmaType=bind_op_XLX_SEP_ PragmaContext=directive_XLX_SEP_ PragmaFunction=case_1_XLX_SEP_ PragmaOptions=impl=fabric op=mul variable=m41_XLX_SEP_ [-Wdump-hls-pragmas]
#pragma HLSDIRECTIVE BIND_OP impl=fabric op=mul variable=m41
        ^
/home/hyeon/ironman/IronMan/test/synthetic_case_generation/directive_tmp.tcl:25:9: warning: HLS pragma dump _XLX_SEP_ PragmaIsValid=1_XLX_SEP_ PragmaType=bind_op_XLX_SEP_ PragmaContext=directive_XLX_SEP_ PragmaFunction=case_1_XLX_SEP_ PragmaOptions=impl=fabric op=mul variable=m43_XLX_SEP_ [-Wdump-hls-pragmas]
#pragma HLSDIRECTIVE BIND_OP impl=fabric op=mul variable=m43
        ^
/home/hyeon/ironman/IronMan/test/synthetic_case_generation/directive_tmp.tcl:26:9: warning: HLS pragma dump _XLX_SEP_ PragmaIsValid=1_XLX_SEP_ PragmaType=bind_op_XLX_SEP_ PragmaContext=directive_XLX_SEP_ PragmaFunction=case_1_XLX_SEP_ PragmaOptions=impl=fabric op=mul variable=m44_XLX_SEP_ [-Wdump-hls-pragmas]
#pragma HLSDIRECTIVE BIND_OP impl=fabric op=mul variable=m44
        ^
/home/hyeon/ironman/IronMan/test/synthetic_case_generation/directive_tmp.tcl:30:9: warning: HLS pragma dump _XLX_SEP_ PragmaIsValid=1_XLX_SEP_ PragmaType=bind_op_XLX_SEP_ PragmaContext=directive_XLX_SEP_ PragmaFunction=case_1_XLX_SEP_ PragmaOptions=impl=fabric op=mul variable=m48_XLX_SEP_ [-Wdump-hls-pragmas]
#pragma HLSDIRECTIVE BIND_OP impl=fabric op=mul variable=m48
        ^
/home/hyeon/ironman/IronMan/test/synthetic_case_generation/directive_tmp.tcl:31:9: warning: HLS pragma dump _XLX_SEP_ PragmaIsValid=1_XLX_SEP_ PragmaType=bind_op_XLX_SEP_ PragmaContext=directive_XLX_SEP_ PragmaFunction=case_1_XLX_SEP_ PragmaOptions=impl=fabric op=mul variable=m49_XLX_SEP_ [-Wdump-hls-pragmas]
#pragma HLSDIRECTIVE BIND_OP impl=fabric op=mul variable=m49
        ^
/home/hyeon/ironman/IronMan/test/synthetic_case_generation/directive_tmp.tcl:33:9: warning: HLS pragma dump _XLX_SEP_ PragmaIsValid=1_XLX_SEP_ PragmaType=bind_op_XLX_SEP_ PragmaContext=directive_XLX_SEP_ PragmaFunction=case_1_XLX_SEP_ PragmaOptions=impl=fabric op=mul variable=m51_XLX_SEP_ [-Wdump-hls-pragmas]
#pragma HLSDIRECTIVE BIND_OP impl=fabric op=mul variable=m51
        ^
/home/hyeon/ironman/IronMan/test/synthetic_case_generation/directive_tmp.tcl:34:9: warning: HLS pragma dump _XLX_SEP_ PragmaIsValid=1_XLX_SEP_ PragmaType=bind_op_XLX_SEP_ PragmaContext=directive_XLX_SEP_ PragmaFunction=case_1_XLX_SEP_ PragmaOptions=impl=fabric op=mul variable=m52_XLX_SEP_ [-Wdump-hls-pragmas]
#pragma HLSDIRECTIVE BIND_OP impl=fabric op=mul variable=m52
        ^
/home/hyeon/ironman/IronMan/test/synthetic_case_generation/directive_tmp.tcl:35:9: warning: HLS pragma dump _XLX_SEP_ PragmaIsValid=1_XLX_SEP_ PragmaType=bind_op_XLX_SEP_ PragmaContext=directive_XLX_SEP_ PragmaFunction=case_1_XLX_SEP_ PragmaOptions=impl=fabric op=mul variable=m53_XLX_SEP_ [-Wdump-hls-pragmas]
#pragma HLSDIRECTIVE BIND_OP impl=fabric op=mul variable=m53
        ^
/home/hyeon/ironman/IronMan/test/synthetic_case_generation/directive_tmp.tcl:37:9: warning: HLS pragma dump _XLX_SEP_ PragmaIsValid=1_XLX_SEP_ PragmaType=bind_op_XLX_SEP_ PragmaContext=directive_XLX_SEP_ PragmaFunction=case_1_XLX_SEP_ PragmaOptions=impl=fabric op=mul variable=m55_XLX_SEP_ [-Wdump-hls-pragmas]
#pragma HLSDIRECTIVE BIND_OP impl=fabric op=mul variable=m55
        ^
/home/hyeon/ironman/IronMan/test/synthetic_case_generation/directive_tmp.tcl:39:9: warning: HLS pragma dump _XLX_SEP_ PragmaIsValid=1_XLX_SEP_ PragmaType=bind_op_XLX_SEP_ PragmaContext=directive_XLX_SEP_ PragmaFunction=case_1_XLX_SEP_ PragmaOptions=impl=fabric op=mul variable=m57_XLX_SEP_ [-Wdump-hls-pragmas]
#pragma HLSDIRECTIVE BIND_OP impl=fabric op=mul variable=m57
        ^
/home/hyeon/ironman/IronMan/test/synthetic_case_generation/directive_tmp.tcl:40:9: warning: HLS pragma dump _XLX_SEP_ PragmaIsValid=1_XLX_SEP_ PragmaType=bind_op_XLX_SEP_ PragmaContext=directive_XLX_SEP_ PragmaFunction=case_1_XLX_SEP_ PragmaOptions=impl=fabric op=mul variable=m58_XLX_SEP_ [-Wdump-hls-pragmas]
#pragma HLSDIRECTIVE BIND_OP impl=fabric op=mul variable=m58
        ^
/home/hyeon/ironman/IronMan/test/synthetic_case_generation/directive_tmp.tcl:41:9: warning: HLS pragma dump _XLX_SEP_ PragmaIsValid=1_XLX_SEP_ PragmaType=bind_op_XLX_SEP_ PragmaContext=directive_XLX_SEP_ PragmaFunction=case_1_XLX_SEP_ PragmaOptions=impl=fabric op=mul variable=m59_XLX_SEP_ [-Wdump-hls-pragmas]
#pragma HLSDIRECTIVE BIND_OP impl=fabric op=mul variable=m59
        ^
/home/hyeon/ironman/IronMan/test/synthetic_case_generation/directive_tmp.tcl:44:9: warning: HLS pragma dump _XLX_SEP_ PragmaIsValid=1_XLX_SEP_ PragmaType=bind_op_XLX_SEP_ PragmaContext=directive_XLX_SEP_ PragmaFunction=case_1_XLX_SEP_ PragmaOptions=impl=fabric op=mul variable=m62_XLX_SEP_ [-Wdump-hls-pragmas]
#pragma HLSDIRECTIVE BIND_OP impl=fabric op=mul variable=m62
        ^
/home/hyeon/ironman/IronMan/test/synthetic_case_generation/directive_tmp.tcl:46:9: warning: HLS pragma dump _XLX_SEP_ PragmaIsValid=1_XLX_SEP_ PragmaType=bind_op_XLX_SEP_ PragmaContext=directive_XLX_SEP_ PragmaFunction=case_1_XLX_SEP_ PragmaOptions=impl=fabric op=mul variable=m64_XLX_SEP_ [-Wdump-hls-pragmas]
#pragma HLSDIRECTIVE BIND_OP impl=fabric op=mul variable=m64
        ^
/home/hyeon/ironman/IronMan/test/synthetic_case_generation/directive_tmp.tcl:48:9: warning: HLS pragma dump _XLX_SEP_ PragmaIsValid=1_XLX_SEP_ PragmaType=bind_op_XLX_SEP_ PragmaContext=directive_XLX_SEP_ PragmaFunction=case_1_XLX_SEP_ PragmaOptions=impl=fabric op=mul variable=m66_XLX_SEP_ [-Wdump-hls-pragmas]
#pragma HLSDIRECTIVE BIND_OP impl=fabric op=mul variable=m66
        ^
/home/hyeon/ironman/IronMan/test/synthetic_case_generation/directive_tmp.tcl:49:9: warning: HLS pragma dump _XLX_SEP_ PragmaIsValid=1_XLX_SEP_ PragmaType=bind_op_XLX_SEP_ PragmaContext=directive_XLX_SEP_ PragmaFunction=case_1_XLX_SEP_ PragmaOptions=impl=fabric op=mul variable=m67_XLX_SEP_ [-Wdump-hls-pragmas]
#pragma HLSDIRECTIVE BIND_OP impl=fabric op=mul variable=m67
        ^
/home/hyeon/ironman/IronMan/test/synthetic_case_generation/directive_tmp.tcl:50:9: warning: HLS pragma dump _XLX_SEP_ PragmaIsValid=1_XLX_SEP_ PragmaType=bind_op_XLX_SEP_ PragmaContext=directive_XLX_SEP_ PragmaFunction=case_1_XLX_SEP_ PragmaOptions=impl=fabric op=mul variable=m68_XLX_SEP_ [-Wdump-hls-pragmas]
#pragma HLSDIRECTIVE BIND_OP impl=fabric op=mul variable=m68
        ^
/home/hyeon/ironman/IronMan/test/synthetic_case_generation/directive_tmp.tcl:51:9: warning: HLS pragma dump _XLX_SEP_ PragmaIsValid=1_XLX_SEP_ PragmaType=bind_op_XLX_SEP_ PragmaContext=directive_XLX_SEP_ PragmaFunction=case_1_XLX_SEP_ PragmaOptions=impl=fabric op=mul variable=m69_XLX_SEP_ [-Wdump-hls-pragmas]
#pragma HLSDIRECTIVE BIND_OP impl=fabric op=mul variable=m69
        ^
/home/hyeon/ironman/IronMan/test/synthetic_case_generation/directive_tmp.tcl:52:9: warning: HLS pragma dump _XLX_SEP_ PragmaIsValid=1_XLX_SEP_ PragmaType=bind_op_XLX_SEP_ PragmaContext=directive_XLX_SEP_ PragmaFunction=case_1_XLX_SEP_ PragmaOptions=impl=fabric op=mul variable=m70_XLX_SEP_ [-Wdump-hls-pragmas]
#pragma HLSDIRECTIVE BIND_OP impl=fabric op=mul variable=m70
        ^
/home/hyeon/ironman/IronMan/test/synthetic_case_generation/directive_tmp.tcl:53:9: warning: HLS pragma dump _XLX_SEP_ PragmaIsValid=1_XLX_SEP_ PragmaType=bind_op_XLX_SEP_ PragmaContext=directive_XLX_SEP_ PragmaFunction=case_1_XLX_SEP_ PragmaOptions=impl=fabric op=mul variable=m71_XLX_SEP_ [-Wdump-hls-pragmas]
#pragma HLSDIRECTIVE BIND_OP impl=fabric op=mul variable=m71
        ^
/home/hyeon/ironman/IronMan/test/synthetic_case_generation/directive_tmp.tcl:54:9: warning: HLS pragma dump _XLX_SEP_ PragmaIsValid=1_XLX_SEP_ PragmaType=bind_op_XLX_SEP_ PragmaContext=directive_XLX_SEP_ PragmaFunction=case_1_XLX_SEP_ PragmaOptions=impl=fabric op=mul variable=m72_XLX_SEP_ [-Wdump-hls-pragmas]
#pragma HLSDIRECTIVE BIND_OP impl=fabric op=mul variable=m72
        ^
/home/hyeon/ironman/IronMan/test/synthetic_case_generation/directive_tmp.tcl:57:9: warning: HLS pragma dump _XLX_SEP_ PragmaIsValid=1_XLX_SEP_ PragmaType=bind_op_XLX_SEP_ PragmaContext=directive_XLX_SEP_ PragmaFunction=case_1_XLX_SEP_ PragmaOptions=impl=fabric op=mul variable=m75_XLX_SEP_ [-Wdump-hls-pragmas]
#pragma HLSDIRECTIVE BIND_OP impl=fabric op=mul variable=m75
        ^
/home/hyeon/ironman/IronMan/test/synthetic_case_generation/directive_tmp.tcl:58:9: warning: HLS pragma dump _XLX_SEP_ PragmaIsValid=1_XLX_SEP_ PragmaType=bind_op_XLX_SEP_ PragmaContext=directive_XLX_SEP_ PragmaFunction=case_1_XLX_SEP_ PragmaOptions=impl=fabric op=mul variable=m76_XLX_SEP_ [-Wdump-hls-pragmas]
#pragma HLSDIRECTIVE BIND_OP impl=fabric op=mul variable=m76
        ^
/home/hyeon/ironman/IronMan/test/synthetic_case_generation/directive_tmp.tcl:59:9: warning: HLS pragma dump _XLX_SEP_ PragmaIsValid=1_XLX_SEP_ PragmaType=bind_op_XLX_SEP_ PragmaContext=directive_XLX_SEP_ PragmaFunction=case_1_XLX_SEP_ PragmaOptions=impl=fabric op=mul variable=m77_XLX_SEP_ [-Wdump-hls-pragmas]
#pragma HLSDIRECTIVE BIND_OP impl=fabric op=mul variable=m77
        ^
/home/hyeon/ironman/IronMan/test/synthetic_case_generation/directive_tmp.tcl:60:9: warning: HLS pragma dump _XLX_SEP_ PragmaIsValid=1_XLX_SEP_ PragmaType=bind_op_XLX_SEP_ PragmaContext=directive_XLX_SEP_ PragmaFunction=case_1_XLX_SEP_ PragmaOptions=impl=fabric op=mul variable=m78_XLX_SEP_ [-Wdump-hls-pragmas]
#pragma HLSDIRECTIVE BIND_OP impl=fabric op=mul variable=m78
        ^
/home/hyeon/ironman/IronMan/test/synthetic_case_generation/directive_tmp.tcl:61:9: warning: HLS pragma dump _XLX_SEP_ PragmaIsValid=1_XLX_SEP_ PragmaType=bind_op_XLX_SEP_ PragmaContext=directive_XLX_SEP_ PragmaFunction=case_1_XLX_SEP_ PragmaOptions=impl=fabric op=mul variable=m79_XLX_SEP_ [-Wdump-hls-pragmas]
#pragma HLSDIRECTIVE BIND_OP impl=fabric op=mul variable=m79
        ^
/home/hyeon/ironman/IronMan/test/synthetic_case_generation/directive_tmp.tcl:62:9: warning: HLS pragma dump _XLX_SEP_ PragmaIsValid=1_XLX_SEP_ PragmaType=bind_op_XLX_SEP_ PragmaContext=directive_XLX_SEP_ PragmaFunction=case_1_XLX_SEP_ PragmaOptions=impl=fabric op=mul variable=m80_XLX_SEP_ [-Wdump-hls-pragmas]
#pragma HLSDIRECTIVE BIND_OP impl=fabric op=mul variable=m80
        ^
/home/hyeon/ironman/IronMan/test/synthetic_case_generation/directive_tmp.tcl:65:9: warning: HLS pragma dump _XLX_SEP_ PragmaIsValid=1_XLX_SEP_ PragmaType=bind_op_XLX_SEP_ PragmaContext=directive_XLX_SEP_ PragmaFunction=case_1_XLX_SEP_ PragmaOptions=impl=fabric op=mul variable=m83_XLX_SEP_ [-Wdump-hls-pragmas]
#pragma HLSDIRECTIVE BIND_OP impl=fabric op=mul variable=m83
        ^
/home/hyeon/ironman/IronMan/test/synthetic_case_generation/directive_tmp.tcl:66:9: warning: HLS pragma dump _XLX_SEP_ PragmaIsValid=1_XLX_SEP_ PragmaType=bind_op_XLX_SEP_ PragmaContext=directive_XLX_SEP_ PragmaFunction=case_1_XLX_SEP_ PragmaOptions=impl=fabric op=mul variable=m84_XLX_SEP_ [-Wdump-hls-pragmas]
#pragma HLSDIRECTIVE BIND_OP impl=fabric op=mul variable=m84
        ^
/home/hyeon/ironman/IronMan/test/synthetic_case_generation/directive_tmp.tcl:70:9: warning: HLS pragma dump _XLX_SEP_ PragmaIsValid=1_XLX_SEP_ PragmaType=bind_op_XLX_SEP_ PragmaContext=directive_XLX_SEP_ PragmaFunction=case_1_XLX_SEP_ PragmaOptions=impl=fabric op=mul variable=m88_XLX_SEP_ [-Wdump-hls-pragmas]
#pragma HLSDIRECTIVE BIND_OP impl=fabric op=mul variable=m88
        ^
/home/hyeon/ironman/IronMan/test/synthetic_case_generation/directive_tmp.tcl:71:9: warning: HLS pragma dump _XLX_SEP_ PragmaIsValid=1_XLX_SEP_ PragmaType=bind_op_XLX_SEP_ PragmaContext=directive_XLX_SEP_ PragmaFunction=case_1_XLX_SEP_ PragmaOptions=impl=fabric op=mul variable=m89_XLX_SEP_ [-Wdump-hls-pragmas]
#pragma HLSDIRECTIVE BIND_OP impl=fabric op=mul variable=m89
        ^
/home/hyeon/ironman/IronMan/test/synthetic_case_generation/directive_tmp.tcl:72:9: warning: HLS pragma dump _XLX_SEP_ PragmaIsValid=1_XLX_SEP_ PragmaType=bind_op_XLX_SEP_ PragmaContext=directive_XLX_SEP_ PragmaFunction=case_1_XLX_SEP_ PragmaOptions=impl=fabric op=mul variable=m90_XLX_SEP_ [-Wdump-hls-pragmas]
#pragma HLSDIRECTIVE BIND_OP impl=fabric op=mul variable=m90
        ^
/home/hyeon/ironman/IronMan/test/synthetic_case_generation/directive_tmp.tcl:75:9: warning: HLS pragma dump _XLX_SEP_ PragmaIsValid=1_XLX_SEP_ PragmaType=bind_op_XLX_SEP_ PragmaContext=directive_XLX_SEP_ PragmaFunction=case_1_XLX_SEP_ PragmaOptions=impl=fabric op=mul variable=m93_XLX_SEP_ [-Wdump-hls-pragmas]
#pragma HLSDIRECTIVE BIND_OP impl=fabric op=mul variable=m93
        ^
/home/hyeon/ironman/IronMan/test/synthetic_case_generation/directive_tmp.tcl:77:9: warning: HLS pragma dump _XLX_SEP_ PragmaIsValid=1_XLX_SEP_ PragmaType=bind_op_XLX_SEP_ PragmaContext=directive_XLX_SEP_ PragmaFunction=case_1_XLX_SEP_ PragmaOptions=impl=fabric op=mul variable=m95_XLX_SEP_ [-Wdump-hls-pragmas]
#pragma HLSDIRECTIVE BIND_OP impl=fabric op=mul variable=m95
        ^
/home/hyeon/ironman/IronMan/test/synthetic_case_generation/directive_tmp.tcl:82:9: warning: HLS pragma dump _XLX_SEP_ PragmaIsValid=1_XLX_SEP_ PragmaType=bind_op_XLX_SEP_ PragmaContext=directive_XLX_SEP_ PragmaFunction=case_1_XLX_SEP_ PragmaOptions=impl=fabric op=mul variable=m100_XLX_SEP_ [-Wdump-hls-pragmas]
#pragma HLSDIRECTIVE BIND_OP impl=fabric op=mul variable=m100
        ^
/home/hyeon/ironman/IronMan/test/synthetic_case_generation/directive_tmp.tcl:83:9: warning: HLS pragma dump _XLX_SEP_ PragmaIsValid=1_XLX_SEP_ PragmaType=bind_op_XLX_SEP_ PragmaContext=directive_XLX_SEP_ PragmaFunction=case_1_XLX_SEP_ PragmaOptions=impl=fabric op=mul variable=m101_XLX_SEP_ [-Wdump-hls-pragmas]
#pragma HLSDIRECTIVE BIND_OP impl=fabric op=mul variable=m101
        ^
/home/hyeon/ironman/IronMan/test/synthetic_case_generation/directive_tmp.tcl:84:9: warning: HLS pragma dump _XLX_SEP_ PragmaIsValid=1_XLX_SEP_ PragmaType=bind_op_XLX_SEP_ PragmaContext=directive_XLX_SEP_ PragmaFunction=case_1_XLX_SEP_ PragmaOptions=impl=fabric op=mul variable=m102_XLX_SEP_ [-Wdump-hls-pragmas]
#pragma HLSDIRECTIVE BIND_OP impl=fabric op=mul variable=m102
        ^
/home/hyeon/ironman/IronMan/test/synthetic_case_generation/directive_tmp.tcl:85:9: warning: HLS pragma dump _XLX_SEP_ PragmaIsValid=1_XLX_SEP_ PragmaType=bind_op_XLX_SEP_ PragmaContext=directive_XLX_SEP_ PragmaFunction=case_1_XLX_SEP_ PragmaOptions=impl=fabric op=mul variable=m103_XLX_SEP_ [-Wdump-hls-pragmas]
#pragma HLSDIRECTIVE BIND_OP impl=fabric op=mul variable=m103
        ^
/home/hyeon/ironman/IronMan/test/synthetic_case_generation/directive_tmp.tcl:86:9: warning: HLS pragma dump _XLX_SEP_ PragmaIsValid=1_XLX_SEP_ PragmaType=bind_op_XLX_SEP_ PragmaContext=directive_XLX_SEP_ PragmaFunction=case_1_XLX_SEP_ PragmaOptions=impl=fabric op=mul variable=m104_XLX_SEP_ [-Wdump-hls-pragmas]
#pragma HLSDIRECTIVE BIND_OP impl=fabric op=mul variable=m104
        ^
/home/hyeon/ironman/IronMan/test/synthetic_case_generation/directive_tmp.tcl:87:9: warning: HLS pragma dump _XLX_SEP_ PragmaIsValid=1_XLX_SEP_ PragmaType=bind_op_XLX_SEP_ PragmaContext=directive_XLX_SEP_ PragmaFunction=case_1_XLX_SEP_ PragmaOptions=impl=fabric op=mul variable=m105_XLX_SEP_ [-Wdump-hls-pragmas]
#pragma HLSDIRECTIVE BIND_OP impl=fabric op=mul variable=m105
        ^
/home/hyeon/ironman/IronMan/test/synthetic_case_generation/directive_tmp.tcl:90:9: warning: HLS pragma dump _XLX_SEP_ PragmaIsValid=1_XLX_SEP_ PragmaType=bind_op_XLX_SEP_ PragmaContext=directive_XLX_SEP_ PragmaFunction=case_1_XLX_SEP_ PragmaOptions=impl=fabric op=mul variable=m108_XLX_SEP_ [-Wdump-hls-pragmas]
#pragma HLSDIRECTIVE BIND_OP impl=fabric op=mul variable=m108
        ^
/home/hyeon/ironman/IronMan/test/synthetic_case_generation/directive_tmp.tcl:92:9: warning: HLS pragma dump _XLX_SEP_ PragmaIsValid=1_XLX_SEP_ PragmaType=bind_op_XLX_SEP_ PragmaContext=directive_XLX_SEP_ PragmaFunction=case_1_XLX_SEP_ PragmaOptions=impl=fabric op=mul variable=m110_XLX_SEP_ [-Wdump-hls-pragmas]
#pragma HLSDIRECTIVE BIND_OP impl=fabric op=mul variable=m110
        ^
/home/hyeon/ironman/IronMan/test/synthetic_case_generation/directive_tmp.tcl:93:9: warning: HLS pragma dump _XLX_SEP_ PragmaIsValid=1_XLX_SEP_ PragmaType=bind_op_XLX_SEP_ PragmaContext=directive_XLX_SEP_ PragmaFunction=case_1_XLX_SEP_ PragmaOptions=impl=fabric op=mul variable=m111_XLX_SEP_ [-Wdump-hls-pragmas]
#pragma HLSDIRECTIVE BIND_OP impl=fabric op=mul variable=m111
        ^
/home/hyeon/ironman/IronMan/test/synthetic_case_generation/directive_tmp.tcl:94:9: warning: HLS pragma dump _XLX_SEP_ PragmaIsValid=1_XLX_SEP_ PragmaType=bind_op_XLX_SEP_ PragmaContext=directive_XLX_SEP_ PragmaFunction=case_1_XLX_SEP_ PragmaOptions=impl=fabric op=mul variable=m112_XLX_SEP_ [-Wdump-hls-pragmas]
#pragma HLSDIRECTIVE BIND_OP impl=fabric op=mul variable=m112
        ^
/home/hyeon/ironman/IronMan/test/synthetic_case_generation/directive_tmp.tcl:96:9: warning: HLS pragma dump _XLX_SEP_ PragmaIsValid=1_XLX_SEP_ PragmaType=bind_op_XLX_SEP_ PragmaContext=directive_XLX_SEP_ PragmaFunction=case_1_XLX_SEP_ PragmaOptions=impl=fabric op=mul variable=m114_XLX_SEP_ [-Wdump-hls-pragmas]
#pragma HLSDIRECTIVE BIND_OP impl=fabric op=mul variable=m114
        ^
/home/hyeon/ironman/IronMan/test/synthetic_case_generation/directive_tmp.tcl:99:9: warning: HLS pragma dump _XLX_SEP_ PragmaIsValid=1_XLX_SEP_ PragmaType=bind_op_XLX_SEP_ PragmaContext=directive_XLX_SEP_ PragmaFunction=case_1_XLX_SEP_ PragmaOptions=impl=fabric op=mul variable=m117_XLX_SEP_ [-Wdump-hls-pragmas]
#pragma HLSDIRECTIVE BIND_OP impl=fabric op=mul variable=m117
        ^
/home/hyeon/ironman/IronMan/test/synthetic_case_generation/directive_tmp.tcl:101:9: warning: HLS pragma dump _XLX_SEP_ PragmaIsValid=1_XLX_SEP_ PragmaType=bind_op_XLX_SEP_ PragmaContext=directive_XLX_SEP_ PragmaFunction=case_1_XLX_SEP_ PragmaOptions=impl=fabric op=mul variable=m119_XLX_SEP_ [-Wdump-hls-pragmas]
#pragma HLSDIRECTIVE BIND_OP impl=fabric op=mul variable=m119
        ^
/home/hyeon/ironman/IronMan/test/synthetic_case_generation/directive_tmp.tcl:102:9: warning: HLS pragma dump _XLX_SEP_ PragmaIsValid=1_XLX_SEP_ PragmaType=bind_op_XLX_SEP_ PragmaContext=directive_XLX_SEP_ PragmaFunction=case_1_XLX_SEP_ PragmaOptions=impl=fabric op=mul variable=m120_XLX_SEP_ [-Wdump-hls-pragmas]
#pragma HLSDIRECTIVE BIND_OP impl=fabric op=mul variable=m120
        ^
/home/hyeon/ironman/IronMan/test/synthetic_case_generation/directive_tmp.tcl:103:9: warning: HLS pragma dump _XLX_SEP_ PragmaIsValid=1_XLX_SEP_ PragmaType=bind_op_XLX_SEP_ PragmaContext=directive_XLX_SEP_ PragmaFunction=case_1_XLX_SEP_ PragmaOptions=impl=fabric op=mul variable=m121_XLX_SEP_ [-Wdump-hls-pragmas]
#pragma HLSDIRECTIVE BIND_OP impl=fabric op=mul variable=m121
        ^
/home/hyeon/ironman/IronMan/test/synthetic_case_generation/directive_tmp.tcl:104:9: warning: HLS pragma dump _XLX_SEP_ PragmaIsValid=1_XLX_SEP_ PragmaType=bind_op_XLX_SEP_ PragmaContext=directive_XLX_SEP_ PragmaFunction=case_1_XLX_SEP_ PragmaOptions=impl=fabric op=mul variable=m122_XLX_SEP_ [-Wdump-hls-pragmas]
#pragma HLSDIRECTIVE BIND_OP impl=fabric op=mul variable=m122
        ^
/home/hyeon/ironman/IronMan/test/synthetic_case_generation/directive_tmp.tcl:105:9: warning: HLS pragma dump _XLX_SEP_ PragmaIsValid=1_XLX_SEP_ PragmaType=bind_op_XLX_SEP_ PragmaContext=directive_XLX_SEP_ PragmaFunction=case_1_XLX_SEP_ PragmaOptions=impl=fabric op=mul variable=m123_XLX_SEP_ [-Wdump-hls-pragmas]
#pragma HLSDIRECTIVE BIND_OP impl=fabric op=mul variable=m123
        ^
/home/hyeon/ironman/IronMan/test/synthetic_case_generation/directive_tmp.tcl:106:9: warning: HLS pragma dump _XLX_SEP_ PragmaIsValid=1_XLX_SEP_ PragmaType=bind_op_XLX_SEP_ PragmaContext=directive_XLX_SEP_ PragmaFunction=case_1_XLX_SEP_ PragmaOptions=impl=fabric op=mul variable=m124_XLX_SEP_ [-Wdump-hls-pragmas]
#pragma HLSDIRECTIVE BIND_OP impl=fabric op=mul variable=m124
        ^
/home/hyeon/ironman/IronMan/test/synthetic_case_generation/directive_tmp.tcl:107:9: warning: HLS pragma dump _XLX_SEP_ PragmaIsValid=1_XLX_SEP_ PragmaType=bind_op_XLX_SEP_ PragmaContext=directive_XLX_SEP_ PragmaFunction=case_1_XLX_SEP_ PragmaOptions=impl=fabric op=mul variable=m125_XLX_SEP_ [-Wdump-hls-pragmas]
#pragma HLSDIRECTIVE BIND_OP impl=fabric op=mul variable=m125
        ^
/home/hyeon/ironman/IronMan/test/synthetic_case_generation/directive_tmp.tcl:108:9: warning: HLS pragma dump _XLX_SEP_ PragmaIsValid=1_XLX_SEP_ PragmaType=bind_op_XLX_SEP_ PragmaContext=directive_XLX_SEP_ PragmaFunction=case_1_XLX_SEP_ PragmaOptions=impl=fabric op=mul variable=m126_XLX_SEP_ [-Wdump-hls-pragmas]
#pragma HLSDIRECTIVE BIND_OP impl=fabric op=mul variable=m126
        ^
/home/hyeon/ironman/IronMan/test/synthetic_case_generation/directive_tmp.tcl:109:9: warning: HLS pragma dump _XLX_SEP_ PragmaIsValid=1_XLX_SEP_ PragmaType=bind_op_XLX_SEP_ PragmaContext=directive_XLX_SEP_ PragmaFunction=case_1_XLX_SEP_ PragmaOptions=impl=fabric op=mul variable=m127_XLX_SEP_ [-Wdump-hls-pragmas]
#pragma HLSDIRECTIVE BIND_OP impl=fabric op=mul variable=m127
        ^
/home/hyeon/ironman/IronMan/test/synthetic_case_generation/directive_tmp.tcl:110:9: warning: HLS pragma dump _XLX_SEP_ PragmaIsValid=1_XLX_SEP_ PragmaType=bind_op_XLX_SEP_ PragmaContext=directive_XLX_SEP_ PragmaFunction=case_1_XLX_SEP_ PragmaOptions=impl=fabric op=mul variable=m128_XLX_SEP_ [-Wdump-hls-pragmas]
#pragma HLSDIRECTIVE BIND_OP impl=fabric op=mul variable=m128
        ^
/home/hyeon/ironman/IronMan/test/synthetic_case_generation/directive_tmp.tcl:111:9: warning: HLS pragma dump _XLX_SEP_ PragmaIsValid=1_XLX_SEP_ PragmaType=bind_op_XLX_SEP_ PragmaContext=directive_XLX_SEP_ PragmaFunction=case_1_XLX_SEP_ PragmaOptions=impl=fabric op=mul variable=m129_XLX_SEP_ [-Wdump-hls-pragmas]
#pragma HLSDIRECTIVE BIND_OP impl=fabric op=mul variable=m129
        ^
/home/hyeon/ironman/IronMan/test/synthetic_case_generation/directive_tmp.tcl:114:9: warning: HLS pragma dump _XLX_SEP_ PragmaIsValid=1_XLX_SEP_ PragmaType=bind_op_XLX_SEP_ PragmaContext=directive_XLX_SEP_ PragmaFunction=case_1_XLX_SEP_ PragmaOptions=impl=fabric op=mul variable=m132_XLX_SEP_ [-Wdump-hls-pragmas]
#pragma HLSDIRECTIVE BIND_OP impl=fabric op=mul variable=m132
        ^
/home/hyeon/ironman/IronMan/test/synthetic_case_generation/directive_tmp.tcl:116:9: warning: HLS pragma dump _XLX_SEP_ PragmaIsValid=1_XLX_SEP_ PragmaType=bind_op_XLX_SEP_ PragmaContext=directive_XLX_SEP_ PragmaFunction=case_1_XLX_SEP_ PragmaOptions=impl=fabric op=mul variable=m134_XLX_SEP_ [-Wdump-hls-pragmas]
#pragma HLSDIRECTIVE BIND_OP impl=fabric op=mul variable=m134
        ^
/home/hyeon/ironman/IronMan/test/synthetic_case_generation/directive_tmp.tcl:118:9: warning: HLS pragma dump _XLX_SEP_ PragmaIsValid=1_XLX_SEP_ PragmaType=bind_op_XLX_SEP_ PragmaContext=directive_XLX_SEP_ PragmaFunction=case_1_XLX_SEP_ PragmaOptions=impl=fabric op=mul variable=m136_XLX_SEP_ [-Wdump-hls-pragmas]
#pragma HLSDIRECTIVE BIND_OP impl=fabric op=mul variable=m136
        ^
/home/hyeon/ironman/IronMan/test/synthetic_case_generation/directive_tmp.tcl:119:9: warning: HLS pragma dump _XLX_SEP_ PragmaIsValid=1_XLX_SEP_ PragmaType=bind_op_XLX_SEP_ PragmaContext=directive_XLX_SEP_ PragmaFunction=case_1_XLX_SEP_ PragmaOptions=impl=fabric op=mul variable=m137_XLX_SEP_ [-Wdump-hls-pragmas]
#pragma HLSDIRECTIVE BIND_OP impl=fabric op=mul variable=m137
        ^
/home/hyeon/ironman/IronMan/test/synthetic_case_generation/directive_tmp.tcl:121:9: warning: HLS pragma dump _XLX_SEP_ PragmaIsValid=1_XLX_SEP_ PragmaType=bind_op_XLX_SEP_ PragmaContext=directive_XLX_SEP_ PragmaFunction=case_1_XLX_SEP_ PragmaOptions=impl=fabric op=mul variable=m139_XLX_SEP_ [-Wdump-hls-pragmas]
#pragma HLSDIRECTIVE BIND_OP impl=fabric op=mul variable=m139
        ^
/home/hyeon/ironman/IronMan/test/synthetic_case_generation/directive_tmp.tcl:122:9: warning: HLS pragma dump _XLX_SEP_ PragmaIsValid=1_XLX_SEP_ PragmaType=bind_op_XLX_SEP_ PragmaContext=directive_XLX_SEP_ PragmaFunction=case_1_XLX_SEP_ PragmaOptions=impl=fabric op=mul variable=m140_XLX_SEP_ [-Wdump-hls-pragmas]
#pragma HLSDIRECTIVE BIND_OP impl=fabric op=mul variable=m140
        ^
/home/hyeon/ironman/IronMan/test/synthetic_case_generation/directive_tmp.tcl:123:9: warning: HLS pragma dump _XLX_SEP_ PragmaIsValid=1_XLX_SEP_ PragmaType=bind_op_XLX_SEP_ PragmaContext=directive_XLX_SEP_ PragmaFunction=case_1_XLX_SEP_ PragmaOptions=impl=fabric op=mul variable=m141_XLX_SEP_ [-Wdump-hls-pragmas]
#pragma HLSDIRECTIVE BIND_OP impl=fabric op=mul variable=m141
        ^
/home/hyeon/ironman/IronMan/test/synthetic_case_generation/directive_tmp.tcl:124:9: warning: HLS pragma dump _XLX_SEP_ PragmaIsValid=1_XLX_SEP_ PragmaType=bind_op_XLX_SEP_ PragmaContext=directive_XLX_SEP_ PragmaFunction=case_1_XLX_SEP_ PragmaOptions=impl=fabric op=mul variable=m142_XLX_SEP_ [-Wdump-hls-pragmas]
#pragma HLSDIRECTIVE BIND_OP impl=fabric op=mul variable=m142
        ^
84 warnings generated.
