

================================================================
== Vitis HLS Report for 'case_9'
================================================================
* Date:           Tue Sep 16 17:30:25 2025

* Version:        2024.2 (Build 5238294 on Nov  8 2024)
* Project:        project_tmp
* Solution:       solution_tmp (Vivado IP Flow Target)
* Product family: zynq
* Target device:  xc7z020-clg484-1


================================================================
== Performance Estimates
================================================================
+ Timing: 
    * Summary: 
    +--------+----------+----------+------------+
    |  Clock |  Target  | Estimated| Uncertainty|
    +--------+----------+----------+------------+
    |ap_clk  |  10.00 ns|  7.279 ns|     2.70 ns|
    +--------+----------+----------+------------+

+ Latency: 
    * Summary: 
    +---------+---------+----------+----------+-----+-----+---------+
    |  Latency (cycles) |  Latency (absolute) |  Interval | Pipeline|
    |   min   |   max   |    min   |    max   | min | max |   Type  |
    +---------+---------+----------+----------+-----+-----+---------+
    |       36|       36|  0.360 us|  0.360 us|   37|   37|       no|
    +---------+---------+----------+----------+-----+-----+---------+

    + Detail: 
        * Instance: 
        N/A

        * Loop: 
        N/A



================================================================
== Utilization Estimates
================================================================
* Summary: 
+-----------------+---------+-----+--------+-------+-----+
|       Name      | BRAM_18K| DSP |   FF   |  LUT  | URAM|
+-----------------+---------+-----+--------+-------+-----+
|DSP              |        -|    4|       -|      -|    -|
|Expression       |        -|    -|       0|    212|    -|
|FIFO             |        -|    -|       -|      -|    -|
|Instance         |        -|   11|       0|   3284|    -|
|Memory           |        -|    -|       -|      -|    -|
|Multiplexer      |        -|    -|       0|    168|    -|
|Register         |        -|    -|    1196|      -|    -|
+-----------------+---------+-----+--------+-------+-----+
|Total            |        0|   15|    1196|   3664|    0|
+-----------------+---------+-----+--------+-------+-----+
|Available        |      280|  220|  106400|  53200|    0|
+-----------------+---------+-----+--------+-------+-----+
|Utilization (%)  |        0|    6|       1|      6|    0|
+-----------------+---------+-----+--------+-------+-----+

+ Detail: 
    * Instance: 
    +-------------------------+--------------------+---------+----+---+----+-----+
    |         Instance        |       Module       | BRAM_18K| DSP| FF| LUT| URAM|
    +-------------------------+--------------------+---------+----+---+----+-----+
    |mul_10s_10s_10_1_1_U95   |mul_10s_10s_10_1_1  |        0|   0|  0|  63|    0|
    |mul_10s_10s_10_1_1_U103  |mul_10s_10s_10_1_1  |        0|   0|  0|  63|    0|
    |mul_10s_3s_11_1_1_U9     |mul_10s_3s_11_1_1   |        0|   0|  0|  63|    0|
    |mul_10s_4s_10_1_1_U90    |mul_10s_4s_10_1_1   |        0|   0|  0|  63|    0|
    |mul_10s_6s_10_1_1_U101   |mul_10s_6s_10_1_1   |        0|   0|  0|  63|    0|
    |mul_10s_7s_16_1_1_U91    |mul_10s_7s_16_1_1   |        0|   0|  0|  63|    0|
    |mul_10s_9s_10_1_1_U98    |mul_10s_9s_10_1_1   |        0|   0|  0|  63|    0|
    |mul_10s_9s_10_1_1_U102   |mul_10s_9s_10_1_1   |        0|   0|  0|  63|    0|
    |mul_11s_11s_11_1_1_U121  |mul_11s_11s_11_1_1  |        0|   1|  0|   6|    0|
    |mul_11s_4s_11_1_1_U119   |mul_11s_4s_11_1_1   |        0|   0|  0|   6|    0|
    |mul_11s_4s_11_1_1_U122   |mul_11s_4s_11_1_1   |        0|   0|  0|   6|    0|
    |mul_11s_6s_11_1_1_U129   |mul_11s_6s_11_1_1   |        0|   1|  0|   6|    0|
    |mul_11s_7s_11_1_1_U110   |mul_11s_7s_11_1_1   |        0|   1|  0|   6|    0|
    |mul_12s_10s_12_1_1_U93   |mul_12s_10s_12_1_1  |        0|   1|  0|   6|    0|
    |mul_12s_8s_12_1_1_U4     |mul_12s_8s_12_1_1   |        0|   1|  0|   6|    0|
    |mul_13s_10s_13_1_1_U107  |mul_13s_10s_13_1_1  |        0|   1|  0|   6|    0|
    |mul_13s_11s_13_1_1_U13   |mul_13s_11s_13_1_1  |        0|   1|  0|   6|    0|
    |mul_13s_9s_13_1_1_U100   |mul_13s_9s_13_1_1   |        0|   1|  0|   6|    0|
    |mul_14s_4s_14_1_1_U111   |mul_14s_4s_14_1_1   |        0|   0|  0|   6|    0|
    |mul_15s_10s_16_1_1_U11   |mul_15s_10s_16_1_1  |        0|   1|  0|   6|    0|
    |mul_15s_12s_15_1_1_U6    |mul_15s_12s_15_1_1  |        0|   1|  0|   6|    0|
    |mul_16s_13s_16_1_1_U15   |mul_16s_13s_16_1_1  |        0|   1|  0|   6|    0|
    |mul_2s_2s_2_1_1_U7       |mul_2s_2s_2_1_1     |        0|   0|  0|   8|    0|
    |mul_2s_2s_2_1_1_U31      |mul_2s_2s_2_1_1     |        0|   0|  0|   8|    0|
    |mul_2s_2s_2_1_1_U32      |mul_2s_2s_2_1_1     |        0|   0|  0|   8|    0|
    |mul_2s_2s_2_1_1_U36      |mul_2s_2s_2_1_1     |        0|   0|  0|   8|    0|
    |mul_2s_2s_2_1_1_U37      |mul_2s_2s_2_1_1     |        0|   0|  0|   8|    0|
    |mul_2s_2s_2_1_1_U40      |mul_2s_2s_2_1_1     |        0|   0|  0|   8|    0|
    |mul_2s_2s_2_1_1_U41      |mul_2s_2s_2_1_1     |        0|   0|  0|   8|    0|
    |mul_2s_2s_2_1_1_U56      |mul_2s_2s_2_1_1     |        0|   0|  0|   8|    0|
    |mul_2s_2s_2_1_1_U76      |mul_2s_2s_2_1_1     |        0|   0|  0|   8|    0|
    |mul_2s_2s_3_1_1_U2       |mul_2s_2s_3_1_1     |        0|   0|  0|   8|    0|
    |mul_2s_2s_4_1_1_U39      |mul_2s_2s_4_1_1     |        0|   0|  0|   8|    0|
    |mul_3s_2s_3_1_1_U46      |mul_3s_2s_3_1_1     |        0|   0|  0|   9|    0|
    |mul_3s_2s_3_1_1_U47      |mul_3s_2s_3_1_1     |        0|   0|  0|   9|    0|
    |mul_3s_3s_3_1_1_U5       |mul_3s_3s_3_1_1     |        0|   0|  0|   9|    0|
    |mul_3s_3s_3_1_1_U38      |mul_3s_3s_3_1_1     |        0|   0|  0|   9|    0|
    |mul_3s_3s_3_1_1_U52      |mul_3s_3s_3_1_1     |        0|   0|  0|   9|    0|
    |mul_3s_3s_3_1_1_U54      |mul_3s_3s_3_1_1     |        0|   0|  0|   9|    0|
    |mul_3s_3s_3_1_1_U55      |mul_3s_3s_3_1_1     |        0|   0|  0|   9|    0|
    |mul_3s_3s_3_1_1_U57      |mul_3s_3s_3_1_1     |        0|   0|  0|   9|    0|
    |mul_3s_3s_3_1_1_U61      |mul_3s_3s_3_1_1     |        0|   0|  0|   9|    0|
    |mul_3s_3s_3_1_1_U64      |mul_3s_3s_3_1_1     |        0|   0|  0|   9|    0|
    |mul_3s_3s_3_1_1_U73      |mul_3s_3s_3_1_1     |        0|   0|  0|   9|    0|
    |mul_3s_3s_3_1_1_U74      |mul_3s_3s_3_1_1     |        0|   0|  0|   9|    0|
    |mul_4s_2s_4_1_1_U49      |mul_4s_2s_4_1_1     |        0|   0|  0|  13|    0|
    |mul_4s_2s_6_1_1_U42      |mul_4s_2s_6_1_1     |        0|   0|  0|  13|    0|
    |mul_4s_3s_4_1_1_U51      |mul_4s_3s_4_1_1     |        0|   0|  0|  13|    0|
    |mul_4s_3s_7_1_1_U59      |mul_4s_3s_7_1_1     |        0|   0|  0|  13|    0|
    |mul_4s_4s_4_1_1_U28      |mul_4s_4s_4_1_1     |        0|   0|  0|  13|    0|
    |mul_4s_4s_4_1_1_U34      |mul_4s_4s_4_1_1     |        0|   0|  0|  13|    0|
    |mul_4s_4s_4_1_1_U78      |mul_4s_4s_4_1_1     |        0|   0|  0|  13|    0|
    |mul_4s_4s_4_1_1_U117     |mul_4s_4s_4_1_1     |        0|   0|  0|  13|    0|
    |mul_4s_4s_4_1_1_U123     |mul_4s_4s_4_1_1     |        0|   0|  0|  13|    0|
    |mul_4s_4s_5_1_1_U44      |mul_4s_4s_5_1_1     |        0|   0|  0|  13|    0|
    |mul_4s_4s_8_1_1_U53      |mul_4s_4s_8_1_1     |        0|   0|  0|  13|    0|
    |mul_5s_2s_5_1_1_U10      |mul_5s_2s_5_1_1     |        0|   0|  0|  17|    0|
    |mul_5s_4s_6_1_1_U33      |mul_5s_4s_6_1_1     |        0|   0|  0|  17|    0|
    |mul_5s_4s_6_1_1_U92      |mul_5s_4s_6_1_1     |        0|   0|  0|  17|    0|
    |mul_5s_5s_5_1_1_U16      |mul_5s_5s_5_1_1     |        0|   0|  0|  17|    0|
    |mul_5s_5s_5_1_1_U18      |mul_5s_5s_5_1_1     |        0|   0|  0|  17|    0|
    |mul_5s_5s_5_1_1_U20      |mul_5s_5s_5_1_1     |        0|   0|  0|  17|    0|
    |mul_5s_5s_5_1_1_U22      |mul_5s_5s_5_1_1     |        0|   0|  0|  17|    0|
    |mul_5s_5s_5_1_1_U23      |mul_5s_5s_5_1_1     |        0|   0|  0|  17|    0|
    |mul_5s_5s_5_1_1_U26      |mul_5s_5s_5_1_1     |        0|   0|  0|  17|    0|
    |mul_5s_5s_5_1_1_U29      |mul_5s_5s_5_1_1     |        0|   0|  0|  17|    0|
    |mul_5s_5s_5_1_1_U45      |mul_5s_5s_5_1_1     |        0|   0|  0|  17|    0|
    |mul_5s_5s_5_1_1_U89      |mul_5s_5s_5_1_1     |        0|   0|  0|  17|    0|
    |mul_6s_2s_6_1_1_U48      |mul_6s_2s_6_1_1     |        0|   0|  0|  26|    0|
    |mul_6s_3s_7_1_1_U82      |mul_6s_3s_7_1_1     |        0|   0|  0|  26|    0|
    |mul_6s_4s_8_1_1_U81      |mul_6s_4s_8_1_1     |        0|   0|  0|  26|    0|
    |mul_6s_4s_8_1_1_U124     |mul_6s_4s_8_1_1     |        0|   0|  0|  26|    0|
    |mul_6s_5s_6_1_1_U21      |mul_6s_5s_6_1_1     |        0|   0|  0|  26|    0|
    |mul_6s_5s_6_1_1_U25      |mul_6s_5s_6_1_1     |        0|   0|  0|  26|    0|
    |mul_6s_6s_6_1_1_U1       |mul_6s_6s_6_1_1     |        0|   0|  0|  26|    0|
    |mul_6s_6s_6_1_1_U8       |mul_6s_6s_6_1_1     |        0|   0|  0|  26|    0|
    |mul_6s_6s_6_1_1_U12      |mul_6s_6s_6_1_1     |        0|   0|  0|  26|    0|
    |mul_6s_6s_6_1_1_U14      |mul_6s_6s_6_1_1     |        0|   0|  0|  26|    0|
    |mul_6s_6s_6_1_1_U17      |mul_6s_6s_6_1_1     |        0|   0|  0|  26|    0|
    |mul_6s_6s_6_1_1_U19      |mul_6s_6s_6_1_1     |        0|   0|  0|  26|    0|
    |mul_6s_6s_6_1_1_U27      |mul_6s_6s_6_1_1     |        0|   0|  0|  26|    0|
    |mul_6s_6s_6_1_1_U65      |mul_6s_6s_6_1_1     |        0|   0|  0|  26|    0|
    |mul_6s_6s_6_1_1_U71      |mul_6s_6s_6_1_1     |        0|   0|  0|  26|    0|
    |mul_6s_6s_6_1_1_U72      |mul_6s_6s_6_1_1     |        0|   0|  0|  26|    0|
    |mul_6s_6s_6_1_1_U77      |mul_6s_6s_6_1_1     |        0|   0|  0|  26|    0|
    |mul_6s_6s_6_1_1_U80      |mul_6s_6s_6_1_1     |        0|   0|  0|  26|    0|
    |mul_6s_6s_6_1_1_U104     |mul_6s_6s_6_1_1     |        0|   0|  0|  26|    0|
    |mul_6s_6s_6_1_1_U125     |mul_6s_6s_6_1_1     |        0|   0|  0|  26|    0|
    |mul_6s_6s_6_1_1_U128     |mul_6s_6s_6_1_1     |        0|   0|  0|  26|    0|
    |mul_6s_6s_7_1_1_U75      |mul_6s_6s_7_1_1     |        0|   0|  0|  26|    0|
    |mul_7s_3s_10_1_1_U60     |mul_7s_3s_10_1_1    |        0|   0|  0|  33|    0|
    |mul_7s_3s_7_1_1_U62      |mul_7s_3s_7_1_1     |        0|   0|  0|  33|    0|
    |mul_7s_4s_10_1_1_U88     |mul_7s_4s_10_1_1    |        0|   0|  0|  33|    0|
    |mul_7s_4s_7_1_1_U86      |mul_7s_4s_7_1_1     |        0|   0|  0|  33|    0|
    |mul_7s_4s_7_1_1_U87      |mul_7s_4s_7_1_1     |        0|   0|  0|  33|    0|
    |mul_7s_4s_9_1_1_U43      |mul_7s_4s_9_1_1     |        0|   0|  0|  33|    0|
    |mul_7s_5s_7_1_1_U30      |mul_7s_5s_7_1_1     |        0|   0|  0|  33|    0|
    |mul_7s_5s_8_1_1_U35      |mul_7s_5s_8_1_1     |        0|   0|  0|  33|    0|
    |mul_7s_6s_13_1_1_U85     |mul_7s_6s_13_1_1    |        0|   0|  0|  33|    0|
    |mul_7s_6s_7_1_1_U24      |mul_7s_6s_7_1_1     |        0|   0|  0|  33|    0|
    |mul_7s_6s_7_1_1_U66      |mul_7s_6s_7_1_1     |        0|   0|  0|  33|    0|
    |mul_7s_6s_7_1_1_U84      |mul_7s_6s_7_1_1     |        0|   0|  0|  33|    0|
    |mul_7s_6s_8_1_1_U118     |mul_7s_6s_8_1_1     |        0|   0|  0|  33|    0|
    |mul_7s_7s_10_1_1_U79     |mul_7s_7s_10_1_1    |        0|   0|  0|  33|    0|
    |mul_7s_7s_12_1_1_U116    |mul_7s_7s_12_1_1    |        0|   0|  0|  33|    0|
    |mul_7s_7s_7_1_1_U63      |mul_7s_7s_7_1_1     |        0|   0|  0|  33|    0|
    |mul_7s_7s_7_1_1_U67      |mul_7s_7s_7_1_1     |        0|   0|  0|  33|    0|
    |mul_7s_7s_7_1_1_U68      |mul_7s_7s_7_1_1     |        0|   0|  0|  33|    0|
    |mul_7s_7s_7_1_1_U69      |mul_7s_7s_7_1_1     |        0|   0|  0|  33|    0|
    |mul_7s_7s_7_1_1_U70      |mul_7s_7s_7_1_1     |        0|   0|  0|  33|    0|
    |mul_7s_7s_7_1_1_U97      |mul_7s_7s_7_1_1     |        0|   0|  0|  33|    0|
    |mul_7s_7s_7_1_1_U99      |mul_7s_7s_7_1_1     |        0|   0|  0|  33|    0|
    |mul_7s_7s_7_1_1_U106     |mul_7s_7s_7_1_1     |        0|   0|  0|  33|    0|
    |mul_7s_7s_7_1_1_U108     |mul_7s_7s_7_1_1     |        0|   0|  0|  33|    0|
    |mul_7s_7s_7_1_1_U109     |mul_7s_7s_7_1_1     |        0|   0|  0|  33|    0|
    |mul_8s_6s_12_1_1_U58     |mul_8s_6s_12_1_1    |        0|   0|  0|  41|    0|
    |mul_8s_6s_8_1_1_U83      |mul_8s_6s_8_1_1     |        0|   0|  0|  41|    0|
    |mul_8s_7s_10_1_1_U3      |mul_8s_7s_10_1_1    |        0|   0|  0|  41|    0|
    |mul_8s_7s_8_1_1_U112     |mul_8s_7s_8_1_1     |        0|   0|  0|  41|    0|
    |mul_8s_8s_8_1_1_U105     |mul_8s_8s_8_1_1     |        0|   0|  0|  41|    0|
    |mul_8s_8s_8_1_1_U114     |mul_8s_8s_8_1_1     |        0|   0|  0|  41|    0|
    |mul_9s_4s_11_1_1_U96     |mul_9s_4s_11_1_1    |        0|   0|  0|  51|    0|
    |mul_9s_5s_10_1_1_U50     |mul_9s_5s_10_1_1    |        0|   0|  0|  51|    0|
    |mul_9s_6s_10_1_1_U131    |mul_9s_6s_10_1_1    |        0|   0|  0|  51|    0|
    |mul_9s_6s_11_1_1_U127    |mul_9s_6s_11_1_1    |        0|   0|  0|  51|    0|
    |mul_9s_6s_9_1_1_U94      |mul_9s_6s_9_1_1     |        0|   0|  0|  51|    0|
    |mul_9s_7s_9_1_1_U126     |mul_9s_7s_9_1_1     |        0|   0|  0|  51|    0|
    |mul_9s_8s_17_1_1_U115    |mul_9s_8s_17_1_1    |        0|   0|  0|  51|    0|
    |mul_9s_8s_9_1_1_U113     |mul_9s_8s_9_1_1     |        0|   0|  0|  51|    0|
    |mul_9s_8s_9_1_1_U120     |mul_9s_8s_9_1_1     |        0|   0|  0|  51|    0|
    |mul_9s_9s_9_1_1_U130     |mul_9s_9s_9_1_1     |        0|   0|  0|  51|    0|
    +-------------------------+--------------------+---------+----+---+----+-----+
    |Total                    |                    |        0|  11|  0|3284|    0|
    +-------------------------+--------------------+---------+----+---+----+-----+

    * DSP: 
    +---------------------------------+----------------------------+----------------+
    |             Instance            |           Module           |   Expression   |
    +---------------------------------+----------------------------+----------------+
    |am_addmul_6ns_6ns_6s_6_4_1_U134  |am_addmul_6ns_6ns_6s_6_4_1  |  i0 * (i1 + i2)|
    |mac_muladd_5s_5s_5s_5_4_1_U133   |mac_muladd_5s_5s_5s_5_4_1   |    i0 + i1 * i2|
    |mac_muladd_6s_6s_4s_6_4_1_U135   |mac_muladd_6s_6s_4s_6_4_1   |    i0 * i1 + i2|
    |mac_muladd_6s_6s_6s_6_4_1_U132   |mac_muladd_6s_6s_6s_6_4_1   |    i0 + i1 * i2|
    +---------------------------------+----------------------------+----------------+

    * Memory: 
    N/A

    * FIFO: 
    N/A

    * Expression: 
    +----------------------+----------+----+---+----+------------+------------+
    |     Variable Name    | Operation| DSP| FF| LUT| Bitwidth P0| Bitwidth P1|
    +----------------------+----------+----+---+----+------------+------------+
    |add_ln244_fu_600_p2   |         +|   0|  0|  10|           2|           2|
    |add_ln327_fu_1461_p2  |         +|   0|  0|   7|           4|           4|
    |add_ln336_fu_1538_p2  |         +|   0|  0|  17|          14|          14|
    |add_ln359_fu_1803_p2  |         +|   0|  0|  12|          12|          12|
    |m100_fu_1126_p2       |         +|   0|  0|  14|           7|           7|
    |m106_fu_1157_p2       |         +|   0|  0|  14|           6|           6|
    |m109_fu_1169_p2       |         +|   0|  0|   7|           7|           7|
    |m112_fu_1189_p2       |         +|   0|  0|  13|           4|           4|
    |m136_fu_1465_p2       |         +|   0|  0|   7|           4|           4|
    |m143_fu_1523_p2       |         +|   0|  0|  12|          11|          11|
    |m151_fu_1626_p2       |         +|   0|  0|  14|           6|           6|
    |m159_fu_1711_p2       |         +|   0|  0|  12|          11|          11|
    |m163_fu_1718_p2       |         +|   0|  0|  14|           7|           7|
    |m169_fu_1754_p2       |         +|   0|  0|  14|           9|           9|
    |m170_fu_1822_p2       |         +|   0|  0|  14|           7|           7|
    |m73_fu_736_p2         |         +|   0|  0|  11|           3|           3|
    |m93_fu_1016_p2        |         +|   0|  0|  13|           4|           4|
    |m99_fu_1122_p2        |         +|   0|  0|   7|           7|           7|
    +----------------------+----------+----+---+----+------------+------------+
    |Total                 |          |   0|  0| 212|         125|         125|
    +----------------------+----------+----+---+----+------------+------------+

    * Multiplexer: 
    +-----------+-----+-----------+-----+-----------+
    |    Name   | LUT | Input Size| Bits| Total Bits|
    +-----------+-----+-----------+-----+-----------+
    |ap_NS_fsm  |  168|         38|    1|         38|
    +-----------+-----+-----------+-----+-----------+
    |Total      |  168|         38|    1|         38|
    +-----------+-----+-----------+-----+-----------+

    * Register: 
    +------------------------+----+----+-----+-----------+
    |          Name          | FF | LUT| Bits| Const Bits|
    +------------------------+----+----+-----+-----------+
    |add_ln228_reg_2020      |   6|   0|    6|          0|
    |add_ln244_reg_2100      |   2|   0|    2|          0|
    |ap_CS_fsm               |  37|   0|   37|          0|
    |in12_reg_1882           |   2|   0|    2|          0|
    |m101_reg_2369           |   6|   0|    6|          0|
    |m105_reg_2374           |   4|   0|    4|          0|
    |m107_reg_2418           |   7|   0|    7|          0|
    |m108_reg_2389           |   6|   0|    6|          0|
    |m109_reg_2401           |   7|   0|    7|          0|
    |m112_reg_2411           |   4|   0|    4|          0|
    |m113_reg_2425           |   7|   0|    7|          0|
    |m116_reg_2472           |  10|   0|   10|          0|
    |m117_reg_2451           |  10|   0|   10|          0|
    |m118_reg_2457           |   5|   0|    5|          0|
    |m120_reg_2477           |   6|   0|    6|          0|
    |m122_reg_2503           |   9|   0|    9|          0|
    |m124_reg_2509           |  10|   0|   10|          0|
    |m125_reg_2535           |   7|   0|    7|          0|
    |m126_reg_2514           |   9|   0|    9|          0|
    |m127_reg_2546           |   7|   0|    7|          0|
    |m128_reg_2551           |  13|   0|   13|          0|
    |m129_reg_2540           |  10|   0|   10|          0|
    |m131_reg_2561           |  10|   0|   10|          0|
    |m133_reg_2571           |  10|   0|   10|          0|
    |m134_reg_2597           |  10|   0|   10|          0|
    |m135_reg_2627           |  13|   0|   13|          0|
    |m136_reg_2602           |   4|   0|    4|          0|
    |m138_reg_2607           |   8|   0|    8|          0|
    |m139_reg_2632           |   7|   0|    7|          0|
    |m141_reg_2645           |   7|   0|    7|          0|
    |m143_reg_2650           |  11|   0|   11|          0|
    |m144_reg_2687           |   8|   0|    8|          0|
    |m146_reg_2675           |   9|   0|    9|          0|
    |m147_reg_2697           |   7|   0|    7|          0|
    |m14_reg_1887            |   6|   0|    6|          0|
    |m150_reg_2703           |  11|   0|   11|          0|
    |m152_reg_2713           |   4|   0|    4|          0|
    |m153_reg_2720           |   8|   0|    8|          0|
    |m154_reg_2762           |  11|   0|   11|          0|
    |m155_reg_2746           |  11|   0|   11|          0|
    |m157_reg_2767           |  11|   0|   11|          0|
    |m159_reg_2797           |  11|   0|   11|          0|
    |m160_reg_2777           |   4|   0|    4|          0|
    |m161_reg_2756           |   9|   0|    9|          0|
    |m165_reg_2827           |   6|   0|    6|          0|
    |m171_reg_2837           |   9|   0|    9|          0|
    |m17_reg_1907            |  10|   0|   10|          0|
    |m18_reg_1913            |  12|   0|   12|          0|
    |m19_reg_1929            |  15|   0|   15|          0|
    |m21_reg_1934            |   6|   0|    6|          0|
    |m22_reg_1939            |  11|   0|   11|          0|
    |m23_reg_1968            |  16|   0|   16|          0|
    |m25_reg_1953            |   5|   0|    5|          0|
    |m27_reg_1973            |   6|   0|    6|          0|
    |m28_reg_1978            |  13|   0|   13|          0|
    |m32_reg_2005            |   6|   0|    6|          0|
    |m35_reg_2041            |   6|   0|    6|          0|
    |m36_reg_2046            |   5|   0|    5|          0|
    |m37_reg_2051            |   6|   0|    6|          0|
    |m40_reg_2078            |   7|   0|    7|          0|
    |m44_reg_2088            |   5|   0|    5|          0|
    |m47_reg_2095            |   4|   0|    4|          0|
    |m50_reg_2110            |   7|   0|    7|          0|
    |m51_reg_2128            |   4|   0|    4|          0|
    |m53_reg_2122            |   2|   0|    2|          0|
    |m55_reg_2135            |   2|   0|    2|          0|
    |m58_reg_2141            |   3|   0|    3|          0|
    |m59_reg_2163            |   9|   0|    9|          0|
    |m61_reg_2168            |   5|   0|    5|          0|
    |m62_reg_2146            |   4|   0|    4|          0|
    |m64_reg_2151            |   2|   0|    2|          0|
    |m65_reg_2173            |   3|   0|    3|          0|
    |m66_reg_2178            |   3|   0|    3|          0|
    |m67_reg_2186            |   6|   0|    6|          0|
    |m70_reg_2201            |   4|   0|    4|          0|
    |m72_reg_2206            |   8|   0|    8|          0|
    |m73_reg_2157            |   3|   0|    3|          0|
    |m74_reg_2211            |   3|   0|    3|          0|
    |m75_reg_2216            |   3|   0|    3|          0|
    |m76_reg_2226            |   7|   0|    7|          0|
    |m80_reg_2232            |   6|   0|    6|          0|
    |m81_reg_2239            |   7|   0|    7|          0|
    |m82_reg_2245            |   3|   0|    3|          0|
    |m83_reg_2251            |   7|   0|    7|          0|
    |m85_reg_2272            |   7|   0|    7|          0|
    |m86_reg_2292            |   7|   0|    7|          0|
    |m88_reg_2303            |   7|   0|    7|          0|
    |m90_reg_2277            |   6|   0|    6|          0|
    |m92_reg_2318            |   7|   0|    7|          0|
    |m93_reg_2287            |   4|   0|    4|          0|
    |m95_reg_2329            |   6|   0|    6|          0|
    |m96_reg_2334            |   6|   0|    6|          0|
    |m97_reg_2358            |   7|   0|    7|          0|
    |m98_reg_2384            |   2|   0|    3|          1|
    |mul_ln207_reg_1902      |   3|   0|    3|          0|
    |mul_ln226_reg_2030      |   6|   0|    6|          0|
    |mul_ln229_1_reg_2035    |   5|   0|    5|          0|
    |mul_ln229_reg_2025      |   5|   0|    5|          0|
    |mul_ln234_reg_2058      |   5|   0|    5|          0|
    |mul_ln273_reg_2221      |   3|   0|    3|          0|
    |mul_ln283_reg_2313      |   7|   0|    7|          0|
    |mul_ln289_reg_2364      |   2|   0|    2|          0|
    |mul_ln290_reg_2282      |   7|   0|    7|          0|
    |mul_ln301_reg_2406      |   8|   0|    8|          0|
    |mul_ln303_reg_2342      |   3|   0|    3|          0|
    |mul_ln330_2_reg_2612    |   7|   0|    7|          0|
    |mul_ln330_reg_2436      |   7|   0|    7|          0|
    |mul_ln335_reg_2670      |   8|   0|    8|          0|
    |mul_ln356_reg_2802      |   6|   0|    6|          0|
    |mul_ln362_reg_2822      |   9|   0|    9|          0|
    |sext_ln288_reg_2352     |   7|   0|    7|          0|
    |sext_ln300_reg_2395     |   7|   0|    7|          0|
    |sext_ln307_reg_2446     |  10|   0|   10|          0|
    |sext_ln346_reg_2741     |  11|   0|   11|          0|
    |sext_ln357_reg_2807     |  11|   0|   11|          0|
    |trunc_ln216_reg_1924    |   5|   0|    5|          0|
    |trunc_ln219_reg_1958    |  13|   0|   13|          0|
    |trunc_ln220_1_reg_1988  |   5|   0|    5|          0|
    |trunc_ln226_reg_1944    |   6|   0|    6|          0|
    |trunc_ln227_reg_2010    |   5|   0|    5|          0|
    |trunc_ln229_1_reg_1963  |   5|   0|    5|          0|
    |trunc_ln229_reg_2000    |   5|   0|    5|          0|
    |trunc_ln231_reg_2015    |   7|   0|    7|          0|
    |trunc_ln233_1_reg_1995  |   6|   0|    6|          0|
    |trunc_ln233_reg_1918    |   6|   0|    6|          0|
    |trunc_ln238_1_reg_2068  |   4|   0|    4|          0|
    |trunc_ln238_reg_2063    |   4|   0|    4|          0|
    |trunc_ln240_1_reg_2073  |   2|   0|    2|          0|
    |trunc_ln240_reg_2105    |   2|   0|    2|          0|
    |trunc_ln242_reg_2116    |   4|   0|    4|          0|
    |trunc_ln259_reg_2191    |   4|   0|    4|          0|
    |trunc_ln262_reg_2196    |   3|   0|    3|          0|
    |trunc_ln278_reg_2257    |   3|   0|    3|          0|
    |trunc_ln284_reg_2262    |   4|   0|    4|          0|
    |trunc_ln286_reg_2297    |   6|   0|    6|          0|
    |trunc_ln287_reg_2324    |   6|   0|    6|          0|
    |trunc_ln289_reg_2267    |   2|   0|    2|          0|
    |trunc_ln294_reg_2308    |   3|   0|    3|          0|
    |trunc_ln296_1_reg_2347  |   4|   0|    4|          0|
    |trunc_ln299_reg_2379    |   6|   0|    6|          0|
    |trunc_ln307_reg_2441    |  10|   0|   10|          0|
    |trunc_ln309_reg_2431    |   5|   0|    5|          0|
    |trunc_ln312_reg_2488    |  12|   0|   12|          0|
    |trunc_ln313_reg_2493    |   9|   0|    9|          0|
    |trunc_ln315_reg_2483    |  10|   0|   10|          0|
    |trunc_ln316_2_reg_2520  |   7|   0|    7|          0|
    |trunc_ln316_reg_2462    |   7|   0|    7|          0|
    |trunc_ln319_reg_2498    |  13|   0|   13|          0|
    |trunc_ln327_1_reg_2467  |   4|   0|    4|          0|
    |trunc_ln327_2_reg_2525  |   4|   0|    4|          0|
    |trunc_ln327_reg_2556    |   4|   0|    4|          0|
    |trunc_ln328_1_reg_2581  |   6|   0|    6|          0|
    |trunc_ln328_reg_2576    |   6|   0|    6|          0|
    |trunc_ln329_1_reg_2530  |   8|   0|    8|          0|
    |trunc_ln329_reg_2586    |   8|   0|    8|          0|
    |trunc_ln330_1_reg_2591  |   7|   0|    7|          0|
    |trunc_ln330_reg_2566    |   7|   0|    7|          0|
    |trunc_ln332_reg_2617    |   7|   0|    7|          0|
    |trunc_ln333_reg_2622    |   8|   0|    8|          0|
    |trunc_ln334_reg_2639    |  11|   0|   11|          0|
    |trunc_ln335_reg_2655    |   8|   0|    8|          0|
    |trunc_ln337_reg_2660    |   9|   0|    9|          0|
    |trunc_ln342_1_reg_2665  |   6|   0|    6|          0|
    |trunc_ln342_reg_2680    |   6|   0|    6|          0|
    |trunc_ln343_1_reg_2708  |   4|   0|    4|          0|
    |trunc_ln343_reg_2692    |   4|   0|    4|          0|
    |trunc_ln345_reg_2725    |  11|   0|   11|          0|
    |trunc_ln351_reg_2751    |   4|   0|    4|          0|
    |trunc_ln352_reg_2736    |   9|   0|    9|          0|
    |trunc_ln354_1_reg_2792  |   7|   0|    7|          0|
    |trunc_ln354_reg_2787    |   7|   0|    7|          0|
    |trunc_ln356_reg_2772    |   6|   0|    6|          0|
    |trunc_ln361_1_reg_2832  |   7|   0|    7|          0|
    |trunc_ln361_reg_2817    |   7|   0|    7|          0|
    |trunc_ln362_reg_2812    |   9|   0|    9|          0|
    +------------------------+----+----+-----+-----------+
    |Total                   |1196|   0| 1197|          1|
    +------------------------+----+----+-----+-----------+



================================================================
== Interface
================================================================
* Summary: 
+--------------------+-----+-----+------------+--------------+--------------+
|      RTL Ports     | Dir | Bits|  Protocol  | Source Object|    C Type    |
+--------------------+-----+-----+------------+--------------+--------------+
|ap_clk              |   in|    1|  ap_ctrl_hs|        case_9|  return value|
|ap_rst              |   in|    1|  ap_ctrl_hs|        case_9|  return value|
|ap_start            |   in|    1|  ap_ctrl_hs|        case_9|  return value|
|ap_done             |  out|    1|  ap_ctrl_hs|        case_9|  return value|
|ap_idle             |  out|    1|  ap_ctrl_hs|        case_9|  return value|
|ap_ready            |  out|    1|  ap_ctrl_hs|        case_9|  return value|
|in_data_0           |   in|   16|     ap_none|     in_data_0|       pointer|
|in_data_1           |   in|   16|     ap_none|     in_data_1|       pointer|
|in_data_2           |   in|   16|     ap_none|     in_data_2|       pointer|
|in_data_3           |   in|   16|     ap_none|     in_data_3|       pointer|
|in_data_4           |   in|   16|     ap_none|     in_data_4|       pointer|
|in_data_5           |   in|   16|     ap_none|     in_data_5|       pointer|
|in_data_6           |   in|   16|     ap_none|     in_data_6|       pointer|
|in_data_7           |   in|   16|     ap_none|     in_data_7|       pointer|
|in_data_8           |   in|   16|     ap_none|     in_data_8|       pointer|
|in_data_9           |   in|   16|     ap_none|     in_data_9|       pointer|
|in_data_10          |   in|   16|     ap_none|    in_data_10|       pointer|
|in_data_11          |   in|   16|     ap_none|    in_data_11|       pointer|
|out_data_0          |  out|   16|      ap_vld|    out_data_0|       pointer|
|out_data_0_ap_vld   |  out|    1|      ap_vld|    out_data_0|       pointer|
|out_data_1          |  out|   16|      ap_vld|    out_data_1|       pointer|
|out_data_1_ap_vld   |  out|    1|      ap_vld|    out_data_1|       pointer|
|out_data_2          |  out|   16|      ap_vld|    out_data_2|       pointer|
|out_data_2_ap_vld   |  out|    1|      ap_vld|    out_data_2|       pointer|
|out_data_3          |  out|   16|      ap_vld|    out_data_3|       pointer|
|out_data_3_ap_vld   |  out|    1|      ap_vld|    out_data_3|       pointer|
|out_data_4          |  out|   16|      ap_vld|    out_data_4|       pointer|
|out_data_4_ap_vld   |  out|    1|      ap_vld|    out_data_4|       pointer|
|out_data_5          |  out|   16|      ap_vld|    out_data_5|       pointer|
|out_data_5_ap_vld   |  out|    1|      ap_vld|    out_data_5|       pointer|
|out_data_6          |  out|   16|      ap_vld|    out_data_6|       pointer|
|out_data_6_ap_vld   |  out|    1|      ap_vld|    out_data_6|       pointer|
|out_data_7          |  out|   16|      ap_vld|    out_data_7|       pointer|
|out_data_7_ap_vld   |  out|    1|      ap_vld|    out_data_7|       pointer|
|out_data_8          |  out|   16|      ap_vld|    out_data_8|       pointer|
|out_data_8_ap_vld   |  out|    1|      ap_vld|    out_data_8|       pointer|
|out_data_9          |  out|   16|      ap_vld|    out_data_9|       pointer|
|out_data_9_ap_vld   |  out|    1|      ap_vld|    out_data_9|       pointer|
|out_data_10         |  out|   16|      ap_vld|   out_data_10|       pointer|
|out_data_10_ap_vld  |  out|    1|      ap_vld|   out_data_10|       pointer|
|out_data_11         |  out|   16|      ap_vld|   out_data_11|       pointer|
|out_data_11_ap_vld  |  out|    1|      ap_vld|   out_data_11|       pointer|
|out_data_12         |  out|   16|      ap_vld|   out_data_12|       pointer|
|out_data_12_ap_vld  |  out|    1|      ap_vld|   out_data_12|       pointer|
|out_data_13         |  out|   16|      ap_vld|   out_data_13|       pointer|
|out_data_13_ap_vld  |  out|    1|      ap_vld|   out_data_13|       pointer|
|out_data_14         |  out|   16|      ap_vld|   out_data_14|       pointer|
|out_data_14_ap_vld  |  out|    1|      ap_vld|   out_data_14|       pointer|
|out_data_15         |  out|   16|      ap_vld|   out_data_15|       pointer|
|out_data_15_ap_vld  |  out|    1|      ap_vld|   out_data_15|       pointer|
|out_data_16         |  out|   16|      ap_vld|   out_data_16|       pointer|
|out_data_16_ap_vld  |  out|    1|      ap_vld|   out_data_16|       pointer|
|out_data_17         |  out|   16|      ap_vld|   out_data_17|       pointer|
|out_data_17_ap_vld  |  out|    1|      ap_vld|   out_data_17|       pointer|
|out_data_18         |  out|   16|      ap_vld|   out_data_18|       pointer|
|out_data_18_ap_vld  |  out|    1|      ap_vld|   out_data_18|       pointer|
|out_data_19         |  out|   16|      ap_vld|   out_data_19|       pointer|
|out_data_19_ap_vld  |  out|    1|      ap_vld|   out_data_19|       pointer|
|out_data_20         |  out|   16|      ap_vld|   out_data_20|       pointer|
|out_data_20_ap_vld  |  out|    1|      ap_vld|   out_data_20|       pointer|
+--------------------+-----+-----+------------+--------------+--------------+

