Mon Sep 29 16:59:14 2025: Running xcd server. This server was built by gradle.
Mon Sep 29 16:59:14 2025: Server was asked to start on port: '33161'
Mon Sep 29 16:59:14 2025: Server is using token UUID: '7a00f025-d422-40a3-8e75-a9ae0593572b'
Mon Sep 29 16:59:14 2025: SESSION_MGR: creating session with session uuid: '6d04a3e9-ade5-4ab9-8d63-1f78fcd2ec76' and name 'default'
Mon Sep 29 16:59:14 2025: Attempting to start server on port '33161'
Mon Sep 29 16:59:14 2025: XCD main fifo: created main fifo '/tmp/xcdmain7a00f025-d422-40a3-8e75-a9ae0593572b', fd read = 15
Mon Sep 29 16:59:14 2025: Running Dispatch Server
Mon Sep 29 16:59:14 2025: Version 2.2.0
Mon Sep 29 16:59:15 2025: Dispatch Server: Accepted socket connection from client
Mon Sep 29 16:59:15 2025: Starting Socket connection
Mon Sep 29 16:59:15 2025: EXCHANGE_TOKEN received, server token: 7a00f025-d422-40a3-8e75-a9ae0593572b, passed token: 7a00f025-d422-40a3-8e75-a9ae0593572b
Mon Sep 29 16:59:15 2025: SESSION_MGR: creating session with session uuid: '4af5484b-20cd-4dbd-b503-101a2d88463d' and name 'vitis_hls'
Mon Sep 29 16:59:15 2025: KERNEL_SVC: creating session with uuid: '4af5484b-20cd-4dbd-b503-101a2d88463d' and name 'vitis_hls'
Mon Sep 29 16:59:15 2025: GUIDANCE_SMGR: creating guidance session with uuid: '4af5484b-20cd-4dbd-b503-101a2d88463d' and name 'vitis_hls'
Mon Sep 29 16:59:34 2025: Running xcd server. This server was built by gradle.
Mon Sep 29 16:59:34 2025: Server was asked to start on port: '37085'
Mon Sep 29 16:59:34 2025: Server is using token UUID: '98279f0d-5896-4ea1-a9a5-ab5742b06f4c'
Mon Sep 29 16:59:34 2025: SESSION_MGR: creating session with session uuid: '6d04a3e9-ade5-4ab9-8d63-1f78fcd2ec76' and name 'default'
Mon Sep 29 16:59:34 2025: Attempting to start server on port '37085'
Mon Sep 29 16:59:34 2025: XCD main fifo: created main fifo '/tmp/xcdmain98279f0d-5896-4ea1-a9a5-ab5742b06f4c', fd read = 16
Mon Sep 29 16:59:34 2025: Running Dispatch Server
Mon Sep 29 16:59:34 2025: Version 2.2.0
Mon Sep 29 16:59:35 2025: Dispatch Server: Accepted socket connection from client
Mon Sep 29 16:59:35 2025: Starting Socket connection
Mon Sep 29 16:59:35 2025: EXCHANGE_TOKEN received, server token: 98279f0d-5896-4ea1-a9a5-ab5742b06f4c, passed token: 98279f0d-5896-4ea1-a9a5-ab5742b06f4c
Mon Sep 29 16:59:35 2025: SESSION_MGR: creating session with session uuid: 'a3ab2d34-9855-4cca-a0f4-e93b8c080783' and name 'vitis_hls'
Mon Sep 29 16:59:35 2025: KERNEL_SVC: creating session with uuid: 'a3ab2d34-9855-4cca-a0f4-e93b8c080783' and name 'vitis_hls'
Mon Sep 29 16:59:35 2025: GUIDANCE_SMGR: creating guidance session with uuid: 'a3ab2d34-9855-4cca-a0f4-e93b8c080783' and name 'vitis_hls'
Mon Sep 29 16:59:35 2025: STOP_SERVER received, server token: 7a00f025-d422-40a3-8e75-a9ae0593572b, passed token: 7a00f025-d422-40a3-8e75-a9ae0593572b
Mon Sep 29 16:59:35 2025: Socket received request to stop server.
Mon Sep 29 16:59:35 2025: Dispatch Server: do_await_stop
Mon Sep 29 16:59:35 2025: Dispatch Server: stopping mainFifo_
Mon Sep 29 16:59:35 2025: XCD main fifo: Stopping
Mon Sep 29 16:59:35 2025: XCD main fifo: do_read error code: Operation canceled
Mon Sep 29 16:59:35 2025: XCD main fifo: bytes_transferred: 0
Mon Sep 29 16:59:35 2025: SERVER: destructor for server bound to port 33161
Mon Sep 29 16:59:35 2025: XCD main fifo: Good unlink of /tmp/xcdmain7a00f025-d422-40a3-8e75-a9ae0593572b
Mon Sep 29 16:59:35 2025: Server exiting with status 0.
Mon Sep 29 16:59:35 2025: Closing log file.
Mon Sep 29 16:59:50 2025: STOP_SERVER received, server token: 98279f0d-5896-4ea1-a9a5-ab5742b06f4c, passed token: 98279f0d-5896-4ea1-a9a5-ab5742b06f4c
Mon Sep 29 16:59:50 2025: Socket received request to stop server.
Mon Sep 29 16:59:50 2025: Dispatch Server: do_await_stop
Mon Sep 29 16:59:50 2025: Dispatch Server: stopping mainFifo_
Mon Sep 29 16:59:50 2025: XCD main fifo: Stopping
Mon Sep 29 16:59:50 2025: XCD main fifo: do_read error code: Operation canceled
Mon Sep 29 16:59:50 2025: XCD main fifo: bytes_transferred: 0
Mon Sep 29 16:59:50 2025: SERVER: destructor for server bound to port 37085
Mon Sep 29 16:59:50 2025: XCD main fifo: Good unlink of /tmp/xcdmain98279f0d-5896-4ea1-a9a5-ab5742b06f4c
Mon Sep 29 16:59:50 2025: Server exiting with status 0.
Mon Sep 29 16:59:50 2025: Closing log file.
