Mon Sep 29 16:59:49 2025: Running xcd server. This server was built by gradle.
Mon Sep 29 16:59:49 2025: Server was asked to start on port: '45843'
Mon Sep 29 16:59:49 2025: Server is using token UUID: 'e4d0428f-c000-4262-8d44-9ac23e18cd84'
Mon Sep 29 16:59:49 2025: SESSION_MGR: creating session with session uuid: '6d04a3e9-ade5-4ab9-8d63-1f78fcd2ec76' and name 'default'
Mon Sep 29 16:59:49 2025: Attempting to start server on port '45843'
Mon Sep 29 16:59:49 2025: XCD main fifo: created main fifo '/tmp/xcdmaine4d0428f-c000-4262-8d44-9ac23e18cd84', fd read = 15
Mon Sep 29 16:59:49 2025: Running Dispatch Server
Mon Sep 29 16:59:49 2025: Version 2.2.0
Mon Sep 29 16:59:50 2025: Dispatch Server: Accepted socket connection from client
Mon Sep 29 16:59:50 2025: Starting Socket connection
Mon Sep 29 16:59:50 2025: EXCHANGE_TOKEN received, server token: e4d0428f-c000-4262-8d44-9ac23e18cd84, passed token: e4d0428f-c000-4262-8d44-9ac23e18cd84
Mon Sep 29 16:59:50 2025: SESSION_MGR: creating session with session uuid: '7dfc0da5-8fb3-42cb-833f-036584f8a6cc' and name 'vitis_hls'
Mon Sep 29 16:59:50 2025: KERNEL_SVC: creating session with uuid: '7dfc0da5-8fb3-42cb-833f-036584f8a6cc' and name 'vitis_hls'
Mon Sep 29 16:59:50 2025: GUIDANCE_SMGR: creating guidance session with uuid: '7dfc0da5-8fb3-42cb-833f-036584f8a6cc' and name 'vitis_hls'
Mon Sep 29 17:00:08 2025: Running xcd server. This server was built by gradle.
Mon Sep 29 17:00:08 2025: Server was asked to start on port: '38729'
Mon Sep 29 17:00:08 2025: Server is using token UUID: 'ce1a0da1-1d9d-4a2f-9233-e88e9f4c6d75'
Mon Sep 29 17:00:08 2025: SESSION_MGR: creating session with session uuid: '6d04a3e9-ade5-4ab9-8d63-1f78fcd2ec76' and name 'default'
Mon Sep 29 17:00:08 2025: Attempting to start server on port '38729'
Mon Sep 29 17:00:08 2025: XCD main fifo: created main fifo '/tmp/xcdmaince1a0da1-1d9d-4a2f-9233-e88e9f4c6d75', fd read = 16
Mon Sep 29 17:00:08 2025: Running Dispatch Server
Mon Sep 29 17:00:08 2025: Version 2.2.0
Mon Sep 29 17:00:09 2025: Dispatch Server: Accepted socket connection from client
Mon Sep 29 17:00:09 2025: Starting Socket connection
Mon Sep 29 17:00:09 2025: EXCHANGE_TOKEN received, server token: ce1a0da1-1d9d-4a2f-9233-e88e9f4c6d75, passed token: ce1a0da1-1d9d-4a2f-9233-e88e9f4c6d75
Mon Sep 29 17:00:09 2025: SESSION_MGR: creating session with session uuid: '4931dab0-4b9c-41cd-bf2a-afc445af91ae' and name 'vitis_hls'
Mon Sep 29 17:00:09 2025: KERNEL_SVC: creating session with uuid: '4931dab0-4b9c-41cd-bf2a-afc445af91ae' and name 'vitis_hls'
Mon Sep 29 17:00:09 2025: GUIDANCE_SMGR: creating guidance session with uuid: '4931dab0-4b9c-41cd-bf2a-afc445af91ae' and name 'vitis_hls'
Mon Sep 29 17:00:09 2025: STOP_SERVER received, server token: e4d0428f-c000-4262-8d44-9ac23e18cd84, passed token: e4d0428f-c000-4262-8d44-9ac23e18cd84
Mon Sep 29 17:00:09 2025: Socket received request to stop server.
Mon Sep 29 17:00:09 2025: Dispatch Server: do_await_stop
Mon Sep 29 17:00:09 2025: Dispatch Server: stopping mainFifo_
Mon Sep 29 17:00:09 2025: XCD main fifo: Stopping
Mon Sep 29 17:00:09 2025: XCD main fifo: do_read error code: Operation canceled
Mon Sep 29 17:00:09 2025: XCD main fifo: bytes_transferred: 0
Mon Sep 29 17:00:09 2025: SERVER: destructor for server bound to port 45843
Mon Sep 29 17:00:09 2025: XCD main fifo: Good unlink of /tmp/xcdmaine4d0428f-c000-4262-8d44-9ac23e18cd84
Mon Sep 29 17:00:09 2025: Server exiting with status 0.
Mon Sep 29 17:00:09 2025: Closing log file.
Mon Sep 29 17:00:21 2025: STOP_SERVER received, server token: ce1a0da1-1d9d-4a2f-9233-e88e9f4c6d75, passed token: ce1a0da1-1d9d-4a2f-9233-e88e9f4c6d75
Mon Sep 29 17:00:21 2025: Socket received request to stop server.
Mon Sep 29 17:00:21 2025: Dispatch Server: do_await_stop
Mon Sep 29 17:00:21 2025: Dispatch Server: stopping mainFifo_
Mon Sep 29 17:00:21 2025: XCD main fifo: Stopping
Mon Sep 29 17:00:21 2025: XCD main fifo: do_read error code: Operation canceled
Mon Sep 29 17:00:21 2025: XCD main fifo: bytes_transferred: 0
Mon Sep 29 17:00:21 2025: SERVER: destructor for server bound to port 38729
Mon Sep 29 17:00:21 2025: XCD main fifo: Good unlink of /tmp/xcdmaince1a0da1-1d9d-4a2f-9233-e88e9f4c6d75
Mon Sep 29 17:00:21 2025: Server exiting with status 0.
Mon Sep 29 17:00:21 2025: Closing log file.
